INFO:root:Bot started
ERROR:root:Error in loop
Traceback (most recent call last):
  File "C:\Users\xxsla\OneDrive\Desktop\bot\src\controller.py", line 20, in main_loop
    trees  = find_trees(gray)
             ^^^^^^^^^^^^^^^^
  File "C:\Users\xxsla\OneDrive\Desktop\bot\src\detector.py", line 24, in find_trees
    res = cv2.matchTemplate(screen_gray, tpl, cv2.TM_CCOEFF_NORMED)
          ^^^^^^^^^^^^^^^^^^^^^^^^^^^^^^^^^^^^^^^^^^^^^^^^^^^^^^^^^
cv2.error: OpenCV(4.11.0) D:\a\opencv-python\opencv-python\opencv\modules\imgproc\src\templmatch.cpp:1175: error: (-215:Assertion failed) _img.size().height <= _templ.size().height && _img.size().width <= _templ.size().width in function 'cv::matchTemplate'

ERROR:root:Error in loop
Traceback (most recent call last):
  File "C:\Users\xxsla\OneDrive\Desktop\bot\src\controller.py", line 20, in main_loop
    trees  = find_trees(gray)
             ^^^^^^^^^^^^^^^^
  File "C:\Users\xxsla\OneDrive\Desktop\bot\src\detector.py", line 24, in find_trees
    res = cv2.matchTemplate(screen_gray, tpl, cv2.TM_CCOEFF_NORMED)
          ^^^^^^^^^^^^^^^^^^^^^^^^^^^^^^^^^^^^^^^^^^^^^^^^^^^^^^^^^
cv2.error: OpenCV(4.11.0) D:\a\opencv-python\opencv-python\opencv\modules\imgproc\src\templmatch.cpp:1175: error: (-215:Assertion failed) _img.size().height <= _templ.size().height && _img.size().width <= _templ.size().width in function 'cv::matchTemplate'

ERROR:root:Error in loop
Traceback (most recent call last):
  File "C:\Users\xxsla\OneDrive\Desktop\bot\src\controller.py", line 20, in main_loop
    trees  = find_trees(gray)
             ^^^^^^^^^^^^^^^^
  File "C:\Users\xxsla\OneDrive\Desktop\bot\src\detector.py", line 24, in find_trees
    res = cv2.matchTemplate(screen_gray, tpl, cv2.TM_CCOEFF_NORMED)
          ^^^^^^^^^^^^^^^^^^^^^^^^^^^^^^^^^^^^^^^^^^^^^^^^^^^^^^^^^
cv2.error: OpenCV(4.11.0) D:\a\opencv-python\opencv-python\opencv\modules\imgproc\src\templmatch.cpp:1175: error: (-215:Assertion failed) _img.size().height <= _templ.size().height && _img.size().width <= _templ.size().width in function 'cv::matchTemplate'

ERROR:root:Error in loop
Traceback (most recent call last):
  File "C:\Users\xxsla\OneDrive\Desktop\bot\src\controller.py", line 20, in main_loop
    trees  = find_trees(gray)
             ^^^^^^^^^^^^^^^^
  File "C:\Users\xxsla\OneDrive\Desktop\bot\src\detector.py", line 24, in find_trees
    res = cv2.matchTemplate(screen_gray, tpl, cv2.TM_CCOEFF_NORMED)
          ^^^^^^^^^^^^^^^^^^^^^^^^^^^^^^^^^^^^^^^^^^^^^^^^^^^^^^^^^
cv2.error: OpenCV(4.11.0) D:\a\opencv-python\opencv-python\opencv\modules\imgproc\src\templmatch.cpp:1175: error: (-215:Assertion failed) _img.size().height <= _templ.size().height && _img.size().width <= _templ.size().width in function 'cv::matchTemplate'

ERROR:root:Error in loop
Traceback (most recent call last):
  File "C:\Users\xxsla\OneDrive\Desktop\bot\src\controller.py", line 20, in main_loop
    trees  = find_trees(gray)
             ^^^^^^^^^^^^^^^^
  File "C:\Users\xxsla\OneDrive\Desktop\bot\src\detector.py", line 24, in find_trees
    res = cv2.matchTemplate(screen_gray, tpl, cv2.TM_CCOEFF_NORMED)
          ^^^^^^^^^^^^^^^^^^^^^^^^^^^^^^^^^^^^^^^^^^^^^^^^^^^^^^^^^
cv2.error: OpenCV(4.11.0) D:\a\opencv-python\opencv-python\opencv\modules\imgproc\src\templmatch.cpp:1175: error: (-215:Assertion failed) _img.size().height <= _templ.size().height && _img.size().width <= _templ.size().width in function 'cv::matchTemplate'

ERROR:root:Error in loop
Traceback (most recent call last):
  File "C:\Users\xxsla\OneDrive\Desktop\bot\src\controller.py", line 20, in main_loop
    trees  = find_trees(gray)
             ^^^^^^^^^^^^^^^^
  File "C:\Users\xxsla\OneDrive\Desktop\bot\src\detector.py", line 24, in find_trees
    res = cv2.matchTemplate(screen_gray, tpl, cv2.TM_CCOEFF_NORMED)
          ^^^^^^^^^^^^^^^^^^^^^^^^^^^^^^^^^^^^^^^^^^^^^^^^^^^^^^^^^
cv2.error: OpenCV(4.11.0) D:\a\opencv-python\opencv-python\opencv\modules\imgproc\src\templmatch.cpp:1175: error: (-215:Assertion failed) _img.size().height <= _templ.size().height && _img.size().width <= _templ.size().width in function 'cv::matchTemplate'

ERROR:root:Error in loop
Traceback (most recent call last):
  File "C:\Users\xxsla\OneDrive\Desktop\bot\src\controller.py", line 20, in main_loop
    trees  = find_trees(gray)
             ^^^^^^^^^^^^^^^^
  File "C:\Users\xxsla\OneDrive\Desktop\bot\src\detector.py", line 24, in find_trees
    res = cv2.matchTemplate(screen_gray, tpl, cv2.TM_CCOEFF_NORMED)
          ^^^^^^^^^^^^^^^^^^^^^^^^^^^^^^^^^^^^^^^^^^^^^^^^^^^^^^^^^
cv2.error: OpenCV(4.11.0) D:\a\opencv-python\opencv-python\opencv\modules\imgproc\src\templmatch.cpp:1175: error: (-215:Assertion failed) _img.size().height <= _templ.size().height && _img.size().width <= _templ.size().width in function 'cv::matchTemplate'

ERROR:root:Error in loop
Traceback (most recent call last):
  File "C:\Users\xxsla\OneDrive\Desktop\bot\src\controller.py", line 20, in main_loop
    trees  = find_trees(gray)
             ^^^^^^^^^^^^^^^^
  File "C:\Users\xxsla\OneDrive\Desktop\bot\src\detector.py", line 24, in find_trees
    res = cv2.matchTemplate(screen_gray, tpl, cv2.TM_CCOEFF_NORMED)
          ^^^^^^^^^^^^^^^^^^^^^^^^^^^^^^^^^^^^^^^^^^^^^^^^^^^^^^^^^
cv2.error: OpenCV(4.11.0) D:\a\opencv-python\opencv-python\opencv\modules\imgproc\src\templmatch.cpp:1175: error: (-215:Assertion failed) _img.size().height <= _templ.size().height && _img.size().width <= _templ.size().width in function 'cv::matchTemplate'

ERROR:root:Error in loop
Traceback (most recent call last):
  File "C:\Users\xxsla\OneDrive\Desktop\bot\src\controller.py", line 20, in main_loop
    trees  = find_trees(gray)
             ^^^^^^^^^^^^^^^^
  File "C:\Users\xxsla\OneDrive\Desktop\bot\src\detector.py", line 24, in find_trees
    res = cv2.matchTemplate(screen_gray, tpl, cv2.TM_CCOEFF_NORMED)
          ^^^^^^^^^^^^^^^^^^^^^^^^^^^^^^^^^^^^^^^^^^^^^^^^^^^^^^^^^
cv2.error: OpenCV(4.11.0) D:\a\opencv-python\opencv-python\opencv\modules\imgproc\src\templmatch.cpp:1175: error: (-215:Assertion failed) _img.size().height <= _templ.size().height && _img.size().width <= _templ.size().width in function 'cv::matchTemplate'

ERROR:root:Error in loop
Traceback (most recent call last):
  File "C:\Users\xxsla\OneDrive\Desktop\bot\src\controller.py", line 20, in main_loop
    trees  = find_trees(gray)
             ^^^^^^^^^^^^^^^^
  File "C:\Users\xxsla\OneDrive\Desktop\bot\src\detector.py", line 24, in find_trees
    res = cv2.matchTemplate(screen_gray, tpl, cv2.TM_CCOEFF_NORMED)
          ^^^^^^^^^^^^^^^^^^^^^^^^^^^^^^^^^^^^^^^^^^^^^^^^^^^^^^^^^
cv2.error: OpenCV(4.11.0) D:\a\opencv-python\opencv-python\opencv\modules\imgproc\src\templmatch.cpp:1175: error: (-215:Assertion failed) _img.size().height <= _templ.size().height && _img.size().width <= _templ.size().width in function 'cv::matchTemplate'

ERROR:root:Error in loop
Traceback (most recent call last):
  File "C:\Users\xxsla\OneDrive\Desktop\bot\src\controller.py", line 20, in main_loop
    trees  = find_trees(gray)
             ^^^^^^^^^^^^^^^^
  File "C:\Users\xxsla\OneDrive\Desktop\bot\src\detector.py", line 24, in find_trees
    res = cv2.matchTemplate(screen_gray, tpl, cv2.TM_CCOEFF_NORMED)
          ^^^^^^^^^^^^^^^^^^^^^^^^^^^^^^^^^^^^^^^^^^^^^^^^^^^^^^^^^
cv2.error: OpenCV(4.11.0) D:\a\opencv-python\opencv-python\opencv\modules\imgproc\src\templmatch.cpp:1175: error: (-215:Assertion failed) _img.size().height <= _templ.size().height && _img.size().width <= _templ.size().width in function 'cv::matchTemplate'

ERROR:root:Error in loop
Traceback (most recent call last):
  File "C:\Users\xxsla\OneDrive\Desktop\bot\src\controller.py", line 20, in main_loop
    trees  = find_trees(gray)
             ^^^^^^^^^^^^^^^^
  File "C:\Users\xxsla\OneDrive\Desktop\bot\src\detector.py", line 24, in find_trees
    res = cv2.matchTemplate(screen_gray, tpl, cv2.TM_CCOEFF_NORMED)
          ^^^^^^^^^^^^^^^^^^^^^^^^^^^^^^^^^^^^^^^^^^^^^^^^^^^^^^^^^
cv2.error: OpenCV(4.11.0) D:\a\opencv-python\opencv-python\opencv\modules\imgproc\src\templmatch.cpp:1175: error: (-215:Assertion failed) _img.size().height <= _templ.size().height && _img.size().width <= _templ.size().width in function 'cv::matchTemplate'

ERROR:root:Error in loop
Traceback (most recent call last):
  File "C:\Users\xxsla\OneDrive\Desktop\bot\src\controller.py", line 20, in main_loop
    trees  = find_trees(gray)
             ^^^^^^^^^^^^^^^^
  File "C:\Users\xxsla\OneDrive\Desktop\bot\src\detector.py", line 24, in find_trees
    res = cv2.matchTemplate(screen_gray, tpl, cv2.TM_CCOEFF_NORMED)
          ^^^^^^^^^^^^^^^^^^^^^^^^^^^^^^^^^^^^^^^^^^^^^^^^^^^^^^^^^
cv2.error: OpenCV(4.11.0) D:\a\opencv-python\opencv-python\opencv\modules\imgproc\src\templmatch.cpp:1175: error: (-215:Assertion failed) _img.size().height <= _templ.size().height && _img.size().width <= _templ.size().width in function 'cv::matchTemplate'

ERROR:root:Error in loop
Traceback (most recent call last):
  File "C:\Users\xxsla\OneDrive\Desktop\bot\src\controller.py", line 20, in main_loop
    trees  = find_trees(gray)
             ^^^^^^^^^^^^^^^^
  File "C:\Users\xxsla\OneDrive\Desktop\bot\src\detector.py", line 24, in find_trees
    res = cv2.matchTemplate(screen_gray, tpl, cv2.TM_CCOEFF_NORMED)
          ^^^^^^^^^^^^^^^^^^^^^^^^^^^^^^^^^^^^^^^^^^^^^^^^^^^^^^^^^
cv2.error: OpenCV(4.11.0) D:\a\opencv-python\opencv-python\opencv\modules\imgproc\src\templmatch.cpp:1175: error: (-215:Assertion failed) _img.size().height <= _templ.size().height && _img.size().width <= _templ.size().width in function 'cv::matchTemplate'

ERROR:root:Error in loop
Traceback (most recent call last):
  File "C:\Users\xxsla\OneDrive\Desktop\bot\src\controller.py", line 20, in main_loop
    trees  = find_trees(gray)
             ^^^^^^^^^^^^^^^^
  File "C:\Users\xxsla\OneDrive\Desktop\bot\src\detector.py", line 24, in find_trees
    res = cv2.matchTemplate(screen_gray, tpl, cv2.TM_CCOEFF_NORMED)
          ^^^^^^^^^^^^^^^^^^^^^^^^^^^^^^^^^^^^^^^^^^^^^^^^^^^^^^^^^
cv2.error: OpenCV(4.11.0) D:\a\opencv-python\opencv-python\opencv\modules\imgproc\src\templmatch.cpp:1175: error: (-215:Assertion failed) _img.size().height <= _templ.size().height && _img.size().width <= _templ.size().width in function 'cv::matchTemplate'

ERROR:root:Error in loop
Traceback (most recent call last):
  File "C:\Users\xxsla\OneDrive\Desktop\bot\src\controller.py", line 20, in main_loop
    trees  = find_trees(gray)
             ^^^^^^^^^^^^^^^^
  File "C:\Users\xxsla\OneDrive\Desktop\bot\src\detector.py", line 24, in find_trees
    res = cv2.matchTemplate(screen_gray, tpl, cv2.TM_CCOEFF_NORMED)
          ^^^^^^^^^^^^^^^^^^^^^^^^^^^^^^^^^^^^^^^^^^^^^^^^^^^^^^^^^
cv2.error: OpenCV(4.11.0) D:\a\opencv-python\opencv-python\opencv\modules\imgproc\src\templmatch.cpp:1175: error: (-215:Assertion failed) _img.size().height <= _templ.size().height && _img.size().width <= _templ.size().width in function 'cv::matchTemplate'

ERROR:root:Error in loop
Traceback (most recent call last):
  File "C:\Users\xxsla\OneDrive\Desktop\bot\src\controller.py", line 20, in main_loop
    trees  = find_trees(gray)
             ^^^^^^^^^^^^^^^^
  File "C:\Users\xxsla\OneDrive\Desktop\bot\src\detector.py", line 24, in find_trees
    res = cv2.matchTemplate(screen_gray, tpl, cv2.TM_CCOEFF_NORMED)
          ^^^^^^^^^^^^^^^^^^^^^^^^^^^^^^^^^^^^^^^^^^^^^^^^^^^^^^^^^
cv2.error: OpenCV(4.11.0) D:\a\opencv-python\opencv-python\opencv\modules\imgproc\src\templmatch.cpp:1175: error: (-215:Assertion failed) _img.size().height <= _templ.size().height && _img.size().width <= _templ.size().width in function 'cv::matchTemplate'

ERROR:root:Error in loop
Traceback (most recent call last):
  File "C:\Users\xxsla\OneDrive\Desktop\bot\src\controller.py", line 20, in main_loop
    trees  = find_trees(gray)
             ^^^^^^^^^^^^^^^^
  File "C:\Users\xxsla\OneDrive\Desktop\bot\src\detector.py", line 24, in find_trees
    res = cv2.matchTemplate(screen_gray, tpl, cv2.TM_CCOEFF_NORMED)
          ^^^^^^^^^^^^^^^^^^^^^^^^^^^^^^^^^^^^^^^^^^^^^^^^^^^^^^^^^
cv2.error: OpenCV(4.11.0) D:\a\opencv-python\opencv-python\opencv\modules\imgproc\src\templmatch.cpp:1175: error: (-215:Assertion failed) _img.size().height <= _templ.size().height && _img.size().width <= _templ.size().width in function 'cv::matchTemplate'

ERROR:root:Error in loop
Traceback (most recent call last):
  File "C:\Users\xxsla\OneDrive\Desktop\bot\src\controller.py", line 20, in main_loop
    trees  = find_trees(gray)
             ^^^^^^^^^^^^^^^^
  File "C:\Users\xxsla\OneDrive\Desktop\bot\src\detector.py", line 24, in find_trees
    res = cv2.matchTemplate(screen_gray, tpl, cv2.TM_CCOEFF_NORMED)
          ^^^^^^^^^^^^^^^^^^^^^^^^^^^^^^^^^^^^^^^^^^^^^^^^^^^^^^^^^
cv2.error: OpenCV(4.11.0) D:\a\opencv-python\opencv-python\opencv\modules\imgproc\src\templmatch.cpp:1175: error: (-215:Assertion failed) _img.size().height <= _templ.size().height && _img.size().width <= _templ.size().width in function 'cv::matchTemplate'

ERROR:root:Error in loop
Traceback (most recent call last):
  File "C:\Users\xxsla\OneDrive\Desktop\bot\src\controller.py", line 20, in main_loop
    trees  = find_trees(gray)
             ^^^^^^^^^^^^^^^^
  File "C:\Users\xxsla\OneDrive\Desktop\bot\src\detector.py", line 24, in find_trees
    res = cv2.matchTemplate(screen_gray, tpl, cv2.TM_CCOEFF_NORMED)
          ^^^^^^^^^^^^^^^^^^^^^^^^^^^^^^^^^^^^^^^^^^^^^^^^^^^^^^^^^
cv2.error: OpenCV(4.11.0) D:\a\opencv-python\opencv-python\opencv\modules\imgproc\src\templmatch.cpp:1175: error: (-215:Assertion failed) _img.size().height <= _templ.size().height && _img.size().width <= _templ.size().width in function 'cv::matchTemplate'

ERROR:root:Error in loop
Traceback (most recent call last):
  File "C:\Users\xxsla\OneDrive\Desktop\bot\src\controller.py", line 20, in main_loop
    trees  = find_trees(gray)
             ^^^^^^^^^^^^^^^^
  File "C:\Users\xxsla\OneDrive\Desktop\bot\src\detector.py", line 24, in find_trees
    res = cv2.matchTemplate(screen_gray, tpl, cv2.TM_CCOEFF_NORMED)
          ^^^^^^^^^^^^^^^^^^^^^^^^^^^^^^^^^^^^^^^^^^^^^^^^^^^^^^^^^
cv2.error: OpenCV(4.11.0) D:\a\opencv-python\opencv-python\opencv\modules\imgproc\src\templmatch.cpp:1175: error: (-215:Assertion failed) _img.size().height <= _templ.size().height && _img.size().width <= _templ.size().width in function 'cv::matchTemplate'

ERROR:root:Error in loop
Traceback (most recent call last):
  File "C:\Users\xxsla\OneDrive\Desktop\bot\src\controller.py", line 20, in main_loop
    trees  = find_trees(gray)
             ^^^^^^^^^^^^^^^^
  File "C:\Users\xxsla\OneDrive\Desktop\bot\src\detector.py", line 24, in find_trees
    res = cv2.matchTemplate(screen_gray, tpl, cv2.TM_CCOEFF_NORMED)
          ^^^^^^^^^^^^^^^^^^^^^^^^^^^^^^^^^^^^^^^^^^^^^^^^^^^^^^^^^
cv2.error: OpenCV(4.11.0) D:\a\opencv-python\opencv-python\opencv\modules\imgproc\src\templmatch.cpp:1175: error: (-215:Assertion failed) _img.size().height <= _templ.size().height && _img.size().width <= _templ.size().width in function 'cv::matchTemplate'

ERROR:root:Error in loop
Traceback (most recent call last):
  File "C:\Users\xxsla\OneDrive\Desktop\bot\src\controller.py", line 20, in main_loop
    trees  = find_trees(gray)
             ^^^^^^^^^^^^^^^^
  File "C:\Users\xxsla\OneDrive\Desktop\bot\src\detector.py", line 24, in find_trees
    res = cv2.matchTemplate(screen_gray, tpl, cv2.TM_CCOEFF_NORMED)
          ^^^^^^^^^^^^^^^^^^^^^^^^^^^^^^^^^^^^^^^^^^^^^^^^^^^^^^^^^
cv2.error: OpenCV(4.11.0) D:\a\opencv-python\opencv-python\opencv\modules\imgproc\src\templmatch.cpp:1175: error: (-215:Assertion failed) _img.size().height <= _templ.size().height && _img.size().width <= _templ.size().width in function 'cv::matchTemplate'

ERROR:root:Error in loop
Traceback (most recent call last):
  File "C:\Users\xxsla\OneDrive\Desktop\bot\src\controller.py", line 20, in main_loop
    trees  = find_trees(gray)
             ^^^^^^^^^^^^^^^^
  File "C:\Users\xxsla\OneDrive\Desktop\bot\src\detector.py", line 24, in find_trees
    res = cv2.matchTemplate(screen_gray, tpl, cv2.TM_CCOEFF_NORMED)
          ^^^^^^^^^^^^^^^^^^^^^^^^^^^^^^^^^^^^^^^^^^^^^^^^^^^^^^^^^
cv2.error: OpenCV(4.11.0) D:\a\opencv-python\opencv-python\opencv\modules\imgproc\src\templmatch.cpp:1175: error: (-215:Assertion failed) _img.size().height <= _templ.size().height && _img.size().width <= _templ.size().width in function 'cv::matchTemplate'

ERROR:root:Error in loop
Traceback (most recent call last):
  File "C:\Users\xxsla\OneDrive\Desktop\bot\src\controller.py", line 20, in main_loop
    trees  = find_trees(gray)
             ^^^^^^^^^^^^^^^^
  File "C:\Users\xxsla\OneDrive\Desktop\bot\src\detector.py", line 24, in find_trees
    res = cv2.matchTemplate(screen_gray, tpl, cv2.TM_CCOEFF_NORMED)
          ^^^^^^^^^^^^^^^^^^^^^^^^^^^^^^^^^^^^^^^^^^^^^^^^^^^^^^^^^
cv2.error: OpenCV(4.11.0) D:\a\opencv-python\opencv-python\opencv\modules\imgproc\src\templmatch.cpp:1175: error: (-215:Assertion failed) _img.size().height <= _templ.size().height && _img.size().width <= _templ.size().width in function 'cv::matchTemplate'

ERROR:root:Error in loop
Traceback (most recent call last):
  File "C:\Users\xxsla\OneDrive\Desktop\bot\src\controller.py", line 20, in main_loop
    trees  = find_trees(gray)
             ^^^^^^^^^^^^^^^^
  File "C:\Users\xxsla\OneDrive\Desktop\bot\src\detector.py", line 24, in find_trees
    res = cv2.matchTemplate(screen_gray, tpl, cv2.TM_CCOEFF_NORMED)
          ^^^^^^^^^^^^^^^^^^^^^^^^^^^^^^^^^^^^^^^^^^^^^^^^^^^^^^^^^
cv2.error: OpenCV(4.11.0) D:\a\opencv-python\opencv-python\opencv\modules\imgproc\src\templmatch.cpp:1175: error: (-215:Assertion failed) _img.size().height <= _templ.size().height && _img.size().width <= _templ.size().width in function 'cv::matchTemplate'

ERROR:root:Error in loop
Traceback (most recent call last):
  File "C:\Users\xxsla\OneDrive\Desktop\bot\src\controller.py", line 20, in main_loop
    trees  = find_trees(gray)
             ^^^^^^^^^^^^^^^^
  File "C:\Users\xxsla\OneDrive\Desktop\bot\src\detector.py", line 24, in find_trees
    res = cv2.matchTemplate(screen_gray, tpl, cv2.TM_CCOEFF_NORMED)
          ^^^^^^^^^^^^^^^^^^^^^^^^^^^^^^^^^^^^^^^^^^^^^^^^^^^^^^^^^
cv2.error: OpenCV(4.11.0) D:\a\opencv-python\opencv-python\opencv\modules\imgproc\src\templmatch.cpp:1175: error: (-215:Assertion failed) _img.size().height <= _templ.size().height && _img.size().width <= _templ.size().width in function 'cv::matchTemplate'

ERROR:root:Error in loop
Traceback (most recent call last):
  File "C:\Users\xxsla\OneDrive\Desktop\bot\src\controller.py", line 20, in main_loop
    trees  = find_trees(gray)
             ^^^^^^^^^^^^^^^^
  File "C:\Users\xxsla\OneDrive\Desktop\bot\src\detector.py", line 24, in find_trees
    res = cv2.matchTemplate(screen_gray, tpl, cv2.TM_CCOEFF_NORMED)
          ^^^^^^^^^^^^^^^^^^^^^^^^^^^^^^^^^^^^^^^^^^^^^^^^^^^^^^^^^
cv2.error: OpenCV(4.11.0) D:\a\opencv-python\opencv-python\opencv\modules\imgproc\src\templmatch.cpp:1175: error: (-215:Assertion failed) _img.size().height <= _templ.size().height && _img.size().width <= _templ.size().width in function 'cv::matchTemplate'

ERROR:root:Error in loop
Traceback (most recent call last):
  File "C:\Users\xxsla\OneDrive\Desktop\bot\src\controller.py", line 20, in main_loop
    trees  = find_trees(gray)
             ^^^^^^^^^^^^^^^^
  File "C:\Users\xxsla\OneDrive\Desktop\bot\src\detector.py", line 24, in find_trees
    res = cv2.matchTemplate(screen_gray, tpl, cv2.TM_CCOEFF_NORMED)
          ^^^^^^^^^^^^^^^^^^^^^^^^^^^^^^^^^^^^^^^^^^^^^^^^^^^^^^^^^
cv2.error: OpenCV(4.11.0) D:\a\opencv-python\opencv-python\opencv\modules\imgproc\src\templmatch.cpp:1175: error: (-215:Assertion failed) _img.size().height <= _templ.size().height && _img.size().width <= _templ.size().width in function 'cv::matchTemplate'

ERROR:root:Error in loop
Traceback (most recent call last):
  File "C:\Users\xxsla\OneDrive\Desktop\bot\src\controller.py", line 20, in main_loop
    trees  = find_trees(gray)
             ^^^^^^^^^^^^^^^^
  File "C:\Users\xxsla\OneDrive\Desktop\bot\src\detector.py", line 24, in find_trees
    res = cv2.matchTemplate(screen_gray, tpl, cv2.TM_CCOEFF_NORMED)
          ^^^^^^^^^^^^^^^^^^^^^^^^^^^^^^^^^^^^^^^^^^^^^^^^^^^^^^^^^
cv2.error: OpenCV(4.11.0) D:\a\opencv-python\opencv-python\opencv\modules\imgproc\src\templmatch.cpp:1175: error: (-215:Assertion failed) _img.size().height <= _templ.size().height && _img.size().width <= _templ.size().width in function 'cv::matchTemplate'

ERROR:root:Error in loop
Traceback (most recent call last):
  File "C:\Users\xxsla\OneDrive\Desktop\bot\src\controller.py", line 20, in main_loop
    trees  = find_trees(gray)
             ^^^^^^^^^^^^^^^^
  File "C:\Users\xxsla\OneDrive\Desktop\bot\src\detector.py", line 24, in find_trees
    res = cv2.matchTemplate(screen_gray, tpl, cv2.TM_CCOEFF_NORMED)
          ^^^^^^^^^^^^^^^^^^^^^^^^^^^^^^^^^^^^^^^^^^^^^^^^^^^^^^^^^
cv2.error: OpenCV(4.11.0) D:\a\opencv-python\opencv-python\opencv\modules\imgproc\src\templmatch.cpp:1175: error: (-215:Assertion failed) _img.size().height <= _templ.size().height && _img.size().width <= _templ.size().width in function 'cv::matchTemplate'

ERROR:root:Error in loop
Traceback (most recent call last):
  File "C:\Users\xxsla\OneDrive\Desktop\bot\src\controller.py", line 20, in main_loop
    trees  = find_trees(gray)
             ^^^^^^^^^^^^^^^^
  File "C:\Users\xxsla\OneDrive\Desktop\bot\src\detector.py", line 24, in find_trees
    res = cv2.matchTemplate(screen_gray, tpl, cv2.TM_CCOEFF_NORMED)
          ^^^^^^^^^^^^^^^^^^^^^^^^^^^^^^^^^^^^^^^^^^^^^^^^^^^^^^^^^
cv2.error: OpenCV(4.11.0) D:\a\opencv-python\opencv-python\opencv\modules\imgproc\src\templmatch.cpp:1175: error: (-215:Assertion failed) _img.size().height <= _templ.size().height && _img.size().width <= _templ.size().width in function 'cv::matchTemplate'

ERROR:root:Error in loop
Traceback (most recent call last):
  File "C:\Users\xxsla\OneDrive\Desktop\bot\src\controller.py", line 20, in main_loop
    trees  = find_trees(gray)
             ^^^^^^^^^^^^^^^^
  File "C:\Users\xxsla\OneDrive\Desktop\bot\src\detector.py", line 24, in find_trees
    res = cv2.matchTemplate(screen_gray, tpl, cv2.TM_CCOEFF_NORMED)
          ^^^^^^^^^^^^^^^^^^^^^^^^^^^^^^^^^^^^^^^^^^^^^^^^^^^^^^^^^
cv2.error: OpenCV(4.11.0) D:\a\opencv-python\opencv-python\opencv\modules\imgproc\src\templmatch.cpp:1175: error: (-215:Assertion failed) _img.size().height <= _templ.size().height && _img.size().width <= _templ.size().width in function 'cv::matchTemplate'

ERROR:root:Error in loop
Traceback (most recent call last):
  File "C:\Users\xxsla\OneDrive\Desktop\bot\src\controller.py", line 20, in main_loop
    trees  = find_trees(gray)
             ^^^^^^^^^^^^^^^^
  File "C:\Users\xxsla\OneDrive\Desktop\bot\src\detector.py", line 24, in find_trees
    res = cv2.matchTemplate(screen_gray, tpl, cv2.TM_CCOEFF_NORMED)
          ^^^^^^^^^^^^^^^^^^^^^^^^^^^^^^^^^^^^^^^^^^^^^^^^^^^^^^^^^
cv2.error: OpenCV(4.11.0) D:\a\opencv-python\opencv-python\opencv\modules\imgproc\src\templmatch.cpp:1175: error: (-215:Assertion failed) _img.size().height <= _templ.size().height && _img.size().width <= _templ.size().width in function 'cv::matchTemplate'

ERROR:root:Error in loop
Traceback (most recent call last):
  File "C:\Users\xxsla\OneDrive\Desktop\bot\src\controller.py", line 20, in main_loop
    trees  = find_trees(gray)
             ^^^^^^^^^^^^^^^^
  File "C:\Users\xxsla\OneDrive\Desktop\bot\src\detector.py", line 24, in find_trees
    res = cv2.matchTemplate(screen_gray, tpl, cv2.TM_CCOEFF_NORMED)
          ^^^^^^^^^^^^^^^^^^^^^^^^^^^^^^^^^^^^^^^^^^^^^^^^^^^^^^^^^
cv2.error: OpenCV(4.11.0) D:\a\opencv-python\opencv-python\opencv\modules\imgproc\src\templmatch.cpp:1175: error: (-215:Assertion failed) _img.size().height <= _templ.size().height && _img.size().width <= _templ.size().width in function 'cv::matchTemplate'

ERROR:root:Error in loop
Traceback (most recent call last):
  File "C:\Users\xxsla\OneDrive\Desktop\bot\src\controller.py", line 20, in main_loop
    trees  = find_trees(gray)
             ^^^^^^^^^^^^^^^^
  File "C:\Users\xxsla\OneDrive\Desktop\bot\src\detector.py", line 24, in find_trees
    res = cv2.matchTemplate(screen_gray, tpl, cv2.TM_CCOEFF_NORMED)
          ^^^^^^^^^^^^^^^^^^^^^^^^^^^^^^^^^^^^^^^^^^^^^^^^^^^^^^^^^
cv2.error: OpenCV(4.11.0) D:\a\opencv-python\opencv-python\opencv\modules\imgproc\src\templmatch.cpp:1175: error: (-215:Assertion failed) _img.size().height <= _templ.size().height && _img.size().width <= _templ.size().width in function 'cv::matchTemplate'

ERROR:root:Error in loop
Traceback (most recent call last):
  File "C:\Users\xxsla\OneDrive\Desktop\bot\src\controller.py", line 20, in main_loop
    trees  = find_trees(gray)
             ^^^^^^^^^^^^^^^^
  File "C:\Users\xxsla\OneDrive\Desktop\bot\src\detector.py", line 24, in find_trees
    res = cv2.matchTemplate(screen_gray, tpl, cv2.TM_CCOEFF_NORMED)
          ^^^^^^^^^^^^^^^^^^^^^^^^^^^^^^^^^^^^^^^^^^^^^^^^^^^^^^^^^
cv2.error: OpenCV(4.11.0) D:\a\opencv-python\opencv-python\opencv\modules\imgproc\src\templmatch.cpp:1175: error: (-215:Assertion failed) _img.size().height <= _templ.size().height && _img.size().width <= _templ.size().width in function 'cv::matchTemplate'

ERROR:root:Error in loop
Traceback (most recent call last):
  File "C:\Users\xxsla\OneDrive\Desktop\bot\src\controller.py", line 20, in main_loop
    trees  = find_trees(gray)
             ^^^^^^^^^^^^^^^^
  File "C:\Users\xxsla\OneDrive\Desktop\bot\src\detector.py", line 24, in find_trees
    res = cv2.matchTemplate(screen_gray, tpl, cv2.TM_CCOEFF_NORMED)
          ^^^^^^^^^^^^^^^^^^^^^^^^^^^^^^^^^^^^^^^^^^^^^^^^^^^^^^^^^
cv2.error: OpenCV(4.11.0) D:\a\opencv-python\opencv-python\opencv\modules\imgproc\src\templmatch.cpp:1175: error: (-215:Assertion failed) _img.size().height <= _templ.size().height && _img.size().width <= _templ.size().width in function 'cv::matchTemplate'

ERROR:root:Error in loop
Traceback (most recent call last):
  File "C:\Users\xxsla\OneDrive\Desktop\bot\src\controller.py", line 20, in main_loop
    trees  = find_trees(gray)
             ^^^^^^^^^^^^^^^^
  File "C:\Users\xxsla\OneDrive\Desktop\bot\src\detector.py", line 24, in find_trees
    res = cv2.matchTemplate(screen_gray, tpl, cv2.TM_CCOEFF_NORMED)
          ^^^^^^^^^^^^^^^^^^^^^^^^^^^^^^^^^^^^^^^^^^^^^^^^^^^^^^^^^
cv2.error: OpenCV(4.11.0) D:\a\opencv-python\opencv-python\opencv\modules\imgproc\src\templmatch.cpp:1175: error: (-215:Assertion failed) _img.size().height <= _templ.size().height && _img.size().width <= _templ.size().width in function 'cv::matchTemplate'

ERROR:root:Error in loop
Traceback (most recent call last):
  File "C:\Users\xxsla\OneDrive\Desktop\bot\src\controller.py", line 20, in main_loop
    trees  = find_trees(gray)
             ^^^^^^^^^^^^^^^^
  File "C:\Users\xxsla\OneDrive\Desktop\bot\src\detector.py", line 24, in find_trees
    res = cv2.matchTemplate(screen_gray, tpl, cv2.TM_CCOEFF_NORMED)
          ^^^^^^^^^^^^^^^^^^^^^^^^^^^^^^^^^^^^^^^^^^^^^^^^^^^^^^^^^
cv2.error: OpenCV(4.11.0) D:\a\opencv-python\opencv-python\opencv\modules\imgproc\src\templmatch.cpp:1175: error: (-215:Assertion failed) _img.size().height <= _templ.size().height && _img.size().width <= _templ.size().width in function 'cv::matchTemplate'

ERROR:root:Error in loop
Traceback (most recent call last):
  File "C:\Users\xxsla\OneDrive\Desktop\bot\src\controller.py", line 20, in main_loop
    trees  = find_trees(gray)
             ^^^^^^^^^^^^^^^^
  File "C:\Users\xxsla\OneDrive\Desktop\bot\src\detector.py", line 24, in find_trees
    res = cv2.matchTemplate(screen_gray, tpl, cv2.TM_CCOEFF_NORMED)
          ^^^^^^^^^^^^^^^^^^^^^^^^^^^^^^^^^^^^^^^^^^^^^^^^^^^^^^^^^
cv2.error: OpenCV(4.11.0) D:\a\opencv-python\opencv-python\opencv\modules\imgproc\src\templmatch.cpp:1175: error: (-215:Assertion failed) _img.size().height <= _templ.size().height && _img.size().width <= _templ.size().width in function 'cv::matchTemplate'

ERROR:root:Error in loop
Traceback (most recent call last):
  File "C:\Users\xxsla\OneDrive\Desktop\bot\src\controller.py", line 20, in main_loop
    trees  = find_trees(gray)
             ^^^^^^^^^^^^^^^^
  File "C:\Users\xxsla\OneDrive\Desktop\bot\src\detector.py", line 24, in find_trees
    res = cv2.matchTemplate(screen_gray, tpl, cv2.TM_CCOEFF_NORMED)
          ^^^^^^^^^^^^^^^^^^^^^^^^^^^^^^^^^^^^^^^^^^^^^^^^^^^^^^^^^
cv2.error: OpenCV(4.11.0) D:\a\opencv-python\opencv-python\opencv\modules\imgproc\src\templmatch.cpp:1175: error: (-215:Assertion failed) _img.size().height <= _templ.size().height && _img.size().width <= _templ.size().width in function 'cv::matchTemplate'

ERROR:root:Error in loop
Traceback (most recent call last):
  File "C:\Users\xxsla\OneDrive\Desktop\bot\src\controller.py", line 20, in main_loop
    trees  = find_trees(gray)
             ^^^^^^^^^^^^^^^^
  File "C:\Users\xxsla\OneDrive\Desktop\bot\src\detector.py", line 24, in find_trees
    res = cv2.matchTemplate(screen_gray, tpl, cv2.TM_CCOEFF_NORMED)
          ^^^^^^^^^^^^^^^^^^^^^^^^^^^^^^^^^^^^^^^^^^^^^^^^^^^^^^^^^
cv2.error: OpenCV(4.11.0) D:\a\opencv-python\opencv-python\opencv\modules\imgproc\src\templmatch.cpp:1175: error: (-215:Assertion failed) _img.size().height <= _templ.size().height && _img.size().width <= _templ.size().width in function 'cv::matchTemplate'

ERROR:root:Error in loop
Traceback (most recent call last):
  File "C:\Users\xxsla\OneDrive\Desktop\bot\src\controller.py", line 20, in main_loop
    trees  = find_trees(gray)
             ^^^^^^^^^^^^^^^^
  File "C:\Users\xxsla\OneDrive\Desktop\bot\src\detector.py", line 24, in find_trees
    res = cv2.matchTemplate(screen_gray, tpl, cv2.TM_CCOEFF_NORMED)
          ^^^^^^^^^^^^^^^^^^^^^^^^^^^^^^^^^^^^^^^^^^^^^^^^^^^^^^^^^
cv2.error: OpenCV(4.11.0) D:\a\opencv-python\opencv-python\opencv\modules\imgproc\src\templmatch.cpp:1175: error: (-215:Assertion failed) _img.size().height <= _templ.size().height && _img.size().width <= _templ.size().width in function 'cv::matchTemplate'

ERROR:root:Error in loop
Traceback (most recent call last):
  File "C:\Users\xxsla\OneDrive\Desktop\bot\src\controller.py", line 20, in main_loop
    trees  = find_trees(gray)
             ^^^^^^^^^^^^^^^^
  File "C:\Users\xxsla\OneDrive\Desktop\bot\src\detector.py", line 24, in find_trees
    res = cv2.matchTemplate(screen_gray, tpl, cv2.TM_CCOEFF_NORMED)
          ^^^^^^^^^^^^^^^^^^^^^^^^^^^^^^^^^^^^^^^^^^^^^^^^^^^^^^^^^
cv2.error: OpenCV(4.11.0) D:\a\opencv-python\opencv-python\opencv\modules\imgproc\src\templmatch.cpp:1175: error: (-215:Assertion failed) _img.size().height <= _templ.size().height && _img.size().width <= _templ.size().width in function 'cv::matchTemplate'

ERROR:root:Error in loop
Traceback (most recent call last):
  File "C:\Users\xxsla\OneDrive\Desktop\bot\src\controller.py", line 20, in main_loop
    trees  = find_trees(gray)
             ^^^^^^^^^^^^^^^^
  File "C:\Users\xxsla\OneDrive\Desktop\bot\src\detector.py", line 24, in find_trees
    res = cv2.matchTemplate(screen_gray, tpl, cv2.TM_CCOEFF_NORMED)
          ^^^^^^^^^^^^^^^^^^^^^^^^^^^^^^^^^^^^^^^^^^^^^^^^^^^^^^^^^
cv2.error: OpenCV(4.11.0) D:\a\opencv-python\opencv-python\opencv\modules\imgproc\src\templmatch.cpp:1175: error: (-215:Assertion failed) _img.size().height <= _templ.size().height && _img.size().width <= _templ.size().width in function 'cv::matchTemplate'

ERROR:root:Error in loop
Traceback (most recent call last):
  File "C:\Users\xxsla\OneDrive\Desktop\bot\src\controller.py", line 20, in main_loop
    trees  = find_trees(gray)
             ^^^^^^^^^^^^^^^^
  File "C:\Users\xxsla\OneDrive\Desktop\bot\src\detector.py", line 24, in find_trees
    res = cv2.matchTemplate(screen_gray, tpl, cv2.TM_CCOEFF_NORMED)
          ^^^^^^^^^^^^^^^^^^^^^^^^^^^^^^^^^^^^^^^^^^^^^^^^^^^^^^^^^
cv2.error: OpenCV(4.11.0) D:\a\opencv-python\opencv-python\opencv\modules\imgproc\src\templmatch.cpp:1175: error: (-215:Assertion failed) _img.size().height <= _templ.size().height && _img.size().width <= _templ.size().width in function 'cv::matchTemplate'

ERROR:root:Error in loop
Traceback (most recent call last):
  File "C:\Users\xxsla\OneDrive\Desktop\bot\src\controller.py", line 20, in main_loop
    trees  = find_trees(gray)
             ^^^^^^^^^^^^^^^^
  File "C:\Users\xxsla\OneDrive\Desktop\bot\src\detector.py", line 24, in find_trees
    res = cv2.matchTemplate(screen_gray, tpl, cv2.TM_CCOEFF_NORMED)
          ^^^^^^^^^^^^^^^^^^^^^^^^^^^^^^^^^^^^^^^^^^^^^^^^^^^^^^^^^
cv2.error: OpenCV(4.11.0) D:\a\opencv-python\opencv-python\opencv\modules\imgproc\src\templmatch.cpp:1175: error: (-215:Assertion failed) _img.size().height <= _templ.size().height && _img.size().width <= _templ.size().width in function 'cv::matchTemplate'

ERROR:root:Error in loop
Traceback (most recent call last):
  File "C:\Users\xxsla\OneDrive\Desktop\bot\src\controller.py", line 20, in main_loop
    trees  = find_trees(gray)
             ^^^^^^^^^^^^^^^^
  File "C:\Users\xxsla\OneDrive\Desktop\bot\src\detector.py", line 24, in find_trees
    res = cv2.matchTemplate(screen_gray, tpl, cv2.TM_CCOEFF_NORMED)
          ^^^^^^^^^^^^^^^^^^^^^^^^^^^^^^^^^^^^^^^^^^^^^^^^^^^^^^^^^
cv2.error: OpenCV(4.11.0) D:\a\opencv-python\opencv-python\opencv\modules\imgproc\src\templmatch.cpp:1175: error: (-215:Assertion failed) _img.size().height <= _templ.size().height && _img.size().width <= _templ.size().width in function 'cv::matchTemplate'

ERROR:root:Error in loop
Traceback (most recent call last):
  File "C:\Users\xxsla\OneDrive\Desktop\bot\src\controller.py", line 20, in main_loop
    trees  = find_trees(gray)
             ^^^^^^^^^^^^^^^^
  File "C:\Users\xxsla\OneDrive\Desktop\bot\src\detector.py", line 24, in find_trees
    res = cv2.matchTemplate(screen_gray, tpl, cv2.TM_CCOEFF_NORMED)
          ^^^^^^^^^^^^^^^^^^^^^^^^^^^^^^^^^^^^^^^^^^^^^^^^^^^^^^^^^
cv2.error: OpenCV(4.11.0) D:\a\opencv-python\opencv-python\opencv\modules\imgproc\src\templmatch.cpp:1175: error: (-215:Assertion failed) _img.size().height <= _templ.size().height && _img.size().width <= _templ.size().width in function 'cv::matchTemplate'

ERROR:root:Error in loop
Traceback (most recent call last):
  File "C:\Users\xxsla\OneDrive\Desktop\bot\src\controller.py", line 20, in main_loop
    trees  = find_trees(gray)
             ^^^^^^^^^^^^^^^^
  File "C:\Users\xxsla\OneDrive\Desktop\bot\src\detector.py", line 24, in find_trees
    res = cv2.matchTemplate(screen_gray, tpl, cv2.TM_CCOEFF_NORMED)
          ^^^^^^^^^^^^^^^^^^^^^^^^^^^^^^^^^^^^^^^^^^^^^^^^^^^^^^^^^
cv2.error: OpenCV(4.11.0) D:\a\opencv-python\opencv-python\opencv\modules\imgproc\src\templmatch.cpp:1175: error: (-215:Assertion failed) _img.size().height <= _templ.size().height && _img.size().width <= _templ.size().width in function 'cv::matchTemplate'

ERROR:root:Error in loop
Traceback (most recent call last):
  File "C:\Users\xxsla\OneDrive\Desktop\bot\src\controller.py", line 20, in main_loop
    trees  = find_trees(gray)
             ^^^^^^^^^^^^^^^^
  File "C:\Users\xxsla\OneDrive\Desktop\bot\src\detector.py", line 24, in find_trees
    res = cv2.matchTemplate(screen_gray, tpl, cv2.TM_CCOEFF_NORMED)
          ^^^^^^^^^^^^^^^^^^^^^^^^^^^^^^^^^^^^^^^^^^^^^^^^^^^^^^^^^
cv2.error: OpenCV(4.11.0) D:\a\opencv-python\opencv-python\opencv\modules\imgproc\src\templmatch.cpp:1175: error: (-215:Assertion failed) _img.size().height <= _templ.size().height && _img.size().width <= _templ.size().width in function 'cv::matchTemplate'

ERROR:root:Error in loop
Traceback (most recent call last):
  File "C:\Users\xxsla\OneDrive\Desktop\bot\src\controller.py", line 20, in main_loop
    trees  = find_trees(gray)
             ^^^^^^^^^^^^^^^^
  File "C:\Users\xxsla\OneDrive\Desktop\bot\src\detector.py", line 24, in find_trees
    res = cv2.matchTemplate(screen_gray, tpl, cv2.TM_CCOEFF_NORMED)
          ^^^^^^^^^^^^^^^^^^^^^^^^^^^^^^^^^^^^^^^^^^^^^^^^^^^^^^^^^
cv2.error: OpenCV(4.11.0) D:\a\opencv-python\opencv-python\opencv\modules\imgproc\src\templmatch.cpp:1175: error: (-215:Assertion failed) _img.size().height <= _templ.size().height && _img.size().width <= _templ.size().width in function 'cv::matchTemplate'

ERROR:root:Error in loop
Traceback (most recent call last):
  File "C:\Users\xxsla\OneDrive\Desktop\bot\src\controller.py", line 20, in main_loop
    trees  = find_trees(gray)
             ^^^^^^^^^^^^^^^^
  File "C:\Users\xxsla\OneDrive\Desktop\bot\src\detector.py", line 24, in find_trees
    res = cv2.matchTemplate(screen_gray, tpl, cv2.TM_CCOEFF_NORMED)
          ^^^^^^^^^^^^^^^^^^^^^^^^^^^^^^^^^^^^^^^^^^^^^^^^^^^^^^^^^
cv2.error: OpenCV(4.11.0) D:\a\opencv-python\opencv-python\opencv\modules\imgproc\src\templmatch.cpp:1175: error: (-215:Assertion failed) _img.size().height <= _templ.size().height && _img.size().width <= _templ.size().width in function 'cv::matchTemplate'

ERROR:root:Error in loop
Traceback (most recent call last):
  File "C:\Users\xxsla\OneDrive\Desktop\bot\src\controller.py", line 20, in main_loop
    trees  = find_trees(gray)
             ^^^^^^^^^^^^^^^^
  File "C:\Users\xxsla\OneDrive\Desktop\bot\src\detector.py", line 24, in find_trees
    res = cv2.matchTemplate(screen_gray, tpl, cv2.TM_CCOEFF_NORMED)
          ^^^^^^^^^^^^^^^^^^^^^^^^^^^^^^^^^^^^^^^^^^^^^^^^^^^^^^^^^
cv2.error: OpenCV(4.11.0) D:\a\opencv-python\opencv-python\opencv\modules\imgproc\src\templmatch.cpp:1175: error: (-215:Assertion failed) _img.size().height <= _templ.size().height && _img.size().width <= _templ.size().width in function 'cv::matchTemplate'

ERROR:root:Error in loop
Traceback (most recent call last):
  File "C:\Users\xxsla\OneDrive\Desktop\bot\src\controller.py", line 20, in main_loop
    trees  = find_trees(gray)
             ^^^^^^^^^^^^^^^^
  File "C:\Users\xxsla\OneDrive\Desktop\bot\src\detector.py", line 24, in find_trees
    res = cv2.matchTemplate(screen_gray, tpl, cv2.TM_CCOEFF_NORMED)
          ^^^^^^^^^^^^^^^^^^^^^^^^^^^^^^^^^^^^^^^^^^^^^^^^^^^^^^^^^
cv2.error: OpenCV(4.11.0) D:\a\opencv-python\opencv-python\opencv\modules\imgproc\src\templmatch.cpp:1175: error: (-215:Assertion failed) _img.size().height <= _templ.size().height && _img.size().width <= _templ.size().width in function 'cv::matchTemplate'

ERROR:root:Error in loop
Traceback (most recent call last):
  File "C:\Users\xxsla\OneDrive\Desktop\bot\src\controller.py", line 20, in main_loop
    trees  = find_trees(gray)
             ^^^^^^^^^^^^^^^^
  File "C:\Users\xxsla\OneDrive\Desktop\bot\src\detector.py", line 24, in find_trees
    res = cv2.matchTemplate(screen_gray, tpl, cv2.TM_CCOEFF_NORMED)
          ^^^^^^^^^^^^^^^^^^^^^^^^^^^^^^^^^^^^^^^^^^^^^^^^^^^^^^^^^
cv2.error: OpenCV(4.11.0) D:\a\opencv-python\opencv-python\opencv\modules\imgproc\src\templmatch.cpp:1175: error: (-215:Assertion failed) _img.size().height <= _templ.size().height && _img.size().width <= _templ.size().width in function 'cv::matchTemplate'

ERROR:root:Error in loop
Traceback (most recent call last):
  File "C:\Users\xxsla\OneDrive\Desktop\bot\src\controller.py", line 20, in main_loop
    trees  = find_trees(gray)
             ^^^^^^^^^^^^^^^^
  File "C:\Users\xxsla\OneDrive\Desktop\bot\src\detector.py", line 24, in find_trees
    res = cv2.matchTemplate(screen_gray, tpl, cv2.TM_CCOEFF_NORMED)
          ^^^^^^^^^^^^^^^^^^^^^^^^^^^^^^^^^^^^^^^^^^^^^^^^^^^^^^^^^
cv2.error: OpenCV(4.11.0) D:\a\opencv-python\opencv-python\opencv\modules\imgproc\src\templmatch.cpp:1175: error: (-215:Assertion failed) _img.size().height <= _templ.size().height && _img.size().width <= _templ.size().width in function 'cv::matchTemplate'

ERROR:root:Error in loop
Traceback (most recent call last):
  File "C:\Users\xxsla\OneDrive\Desktop\bot\src\controller.py", line 20, in main_loop
    trees  = find_trees(gray)
             ^^^^^^^^^^^^^^^^
  File "C:\Users\xxsla\OneDrive\Desktop\bot\src\detector.py", line 24, in find_trees
    res = cv2.matchTemplate(screen_gray, tpl, cv2.TM_CCOEFF_NORMED)
          ^^^^^^^^^^^^^^^^^^^^^^^^^^^^^^^^^^^^^^^^^^^^^^^^^^^^^^^^^
cv2.error: OpenCV(4.11.0) D:\a\opencv-python\opencv-python\opencv\modules\imgproc\src\templmatch.cpp:1175: error: (-215:Assertion failed) _img.size().height <= _templ.size().height && _img.size().width <= _templ.size().width in function 'cv::matchTemplate'

ERROR:root:Error in loop
Traceback (most recent call last):
  File "C:\Users\xxsla\OneDrive\Desktop\bot\src\controller.py", line 20, in main_loop
    trees  = find_trees(gray)
             ^^^^^^^^^^^^^^^^
  File "C:\Users\xxsla\OneDrive\Desktop\bot\src\detector.py", line 24, in find_trees
    res = cv2.matchTemplate(screen_gray, tpl, cv2.TM_CCOEFF_NORMED)
          ^^^^^^^^^^^^^^^^^^^^^^^^^^^^^^^^^^^^^^^^^^^^^^^^^^^^^^^^^
cv2.error: OpenCV(4.11.0) D:\a\opencv-python\opencv-python\opencv\modules\imgproc\src\templmatch.cpp:1175: error: (-215:Assertion failed) _img.size().height <= _templ.size().height && _img.size().width <= _templ.size().width in function 'cv::matchTemplate'

ERROR:root:Error in loop
Traceback (most recent call last):
  File "C:\Users\xxsla\OneDrive\Desktop\bot\src\controller.py", line 20, in main_loop
    trees  = find_trees(gray)
             ^^^^^^^^^^^^^^^^
  File "C:\Users\xxsla\OneDrive\Desktop\bot\src\detector.py", line 24, in find_trees
    res = cv2.matchTemplate(screen_gray, tpl, cv2.TM_CCOEFF_NORMED)
          ^^^^^^^^^^^^^^^^^^^^^^^^^^^^^^^^^^^^^^^^^^^^^^^^^^^^^^^^^
cv2.error: OpenCV(4.11.0) D:\a\opencv-python\opencv-python\opencv\modules\imgproc\src\templmatch.cpp:1175: error: (-215:Assertion failed) _img.size().height <= _templ.size().height && _img.size().width <= _templ.size().width in function 'cv::matchTemplate'

ERROR:root:Error in loop
Traceback (most recent call last):
  File "C:\Users\xxsla\OneDrive\Desktop\bot\src\controller.py", line 20, in main_loop
    trees  = find_trees(gray)
             ^^^^^^^^^^^^^^^^
  File "C:\Users\xxsla\OneDrive\Desktop\bot\src\detector.py", line 24, in find_trees
    res = cv2.matchTemplate(screen_gray, tpl, cv2.TM_CCOEFF_NORMED)
          ^^^^^^^^^^^^^^^^^^^^^^^^^^^^^^^^^^^^^^^^^^^^^^^^^^^^^^^^^
cv2.error: OpenCV(4.11.0) D:\a\opencv-python\opencv-python\opencv\modules\imgproc\src\templmatch.cpp:1175: error: (-215:Assertion failed) _img.size().height <= _templ.size().height && _img.size().width <= _templ.size().width in function 'cv::matchTemplate'

ERROR:root:Error in loop
Traceback (most recent call last):
  File "C:\Users\xxsla\OneDrive\Desktop\bot\src\controller.py", line 20, in main_loop
    trees  = find_trees(gray)
             ^^^^^^^^^^^^^^^^
  File "C:\Users\xxsla\OneDrive\Desktop\bot\src\detector.py", line 24, in find_trees
    res = cv2.matchTemplate(screen_gray, tpl, cv2.TM_CCOEFF_NORMED)
          ^^^^^^^^^^^^^^^^^^^^^^^^^^^^^^^^^^^^^^^^^^^^^^^^^^^^^^^^^
cv2.error: OpenCV(4.11.0) D:\a\opencv-python\opencv-python\opencv\modules\imgproc\src\templmatch.cpp:1175: error: (-215:Assertion failed) _img.size().height <= _templ.size().height && _img.size().width <= _templ.size().width in function 'cv::matchTemplate'

ERROR:root:Error in loop
Traceback (most recent call last):
  File "C:\Users\xxsla\OneDrive\Desktop\bot\src\controller.py", line 20, in main_loop
    trees  = find_trees(gray)
             ^^^^^^^^^^^^^^^^
  File "C:\Users\xxsla\OneDrive\Desktop\bot\src\detector.py", line 24, in find_trees
    res = cv2.matchTemplate(screen_gray, tpl, cv2.TM_CCOEFF_NORMED)
          ^^^^^^^^^^^^^^^^^^^^^^^^^^^^^^^^^^^^^^^^^^^^^^^^^^^^^^^^^
cv2.error: OpenCV(4.11.0) D:\a\opencv-python\opencv-python\opencv\modules\imgproc\src\templmatch.cpp:1175: error: (-215:Assertion failed) _img.size().height <= _templ.size().height && _img.size().width <= _templ.size().width in function 'cv::matchTemplate'

ERROR:root:Error in loop
Traceback (most recent call last):
  File "C:\Users\xxsla\OneDrive\Desktop\bot\src\controller.py", line 20, in main_loop
    trees  = find_trees(gray)
             ^^^^^^^^^^^^^^^^
  File "C:\Users\xxsla\OneDrive\Desktop\bot\src\detector.py", line 24, in find_trees
    res = cv2.matchTemplate(screen_gray, tpl, cv2.TM_CCOEFF_NORMED)
          ^^^^^^^^^^^^^^^^^^^^^^^^^^^^^^^^^^^^^^^^^^^^^^^^^^^^^^^^^
cv2.error: OpenCV(4.11.0) D:\a\opencv-python\opencv-python\opencv\modules\imgproc\src\templmatch.cpp:1175: error: (-215:Assertion failed) _img.size().height <= _templ.size().height && _img.size().width <= _templ.size().width in function 'cv::matchTemplate'

ERROR:root:Error in loop
Traceback (most recent call last):
  File "C:\Users\xxsla\OneDrive\Desktop\bot\src\controller.py", line 20, in main_loop
    trees  = find_trees(gray)
             ^^^^^^^^^^^^^^^^
  File "C:\Users\xxsla\OneDrive\Desktop\bot\src\detector.py", line 24, in find_trees
    res = cv2.matchTemplate(screen_gray, tpl, cv2.TM_CCOEFF_NORMED)
          ^^^^^^^^^^^^^^^^^^^^^^^^^^^^^^^^^^^^^^^^^^^^^^^^^^^^^^^^^
cv2.error: OpenCV(4.11.0) D:\a\opencv-python\opencv-python\opencv\modules\imgproc\src\templmatch.cpp:1175: error: (-215:Assertion failed) _img.size().height <= _templ.size().height && _img.size().width <= _templ.size().width in function 'cv::matchTemplate'

ERROR:root:Error in loop
Traceback (most recent call last):
  File "C:\Users\xxsla\OneDrive\Desktop\bot\src\controller.py", line 20, in main_loop
    trees  = find_trees(gray)
             ^^^^^^^^^^^^^^^^
  File "C:\Users\xxsla\OneDrive\Desktop\bot\src\detector.py", line 24, in find_trees
    res = cv2.matchTemplate(screen_gray, tpl, cv2.TM_CCOEFF_NORMED)
          ^^^^^^^^^^^^^^^^^^^^^^^^^^^^^^^^^^^^^^^^^^^^^^^^^^^^^^^^^
cv2.error: OpenCV(4.11.0) D:\a\opencv-python\opencv-python\opencv\modules\imgproc\src\templmatch.cpp:1175: error: (-215:Assertion failed) _img.size().height <= _templ.size().height && _img.size().width <= _templ.size().width in function 'cv::matchTemplate'

ERROR:root:Error in loop
Traceback (most recent call last):
  File "C:\Users\xxsla\OneDrive\Desktop\bot\src\controller.py", line 20, in main_loop
    trees  = find_trees(gray)
             ^^^^^^^^^^^^^^^^
  File "C:\Users\xxsla\OneDrive\Desktop\bot\src\detector.py", line 24, in find_trees
    res = cv2.matchTemplate(screen_gray, tpl, cv2.TM_CCOEFF_NORMED)
          ^^^^^^^^^^^^^^^^^^^^^^^^^^^^^^^^^^^^^^^^^^^^^^^^^^^^^^^^^
cv2.error: OpenCV(4.11.0) D:\a\opencv-python\opencv-python\opencv\modules\imgproc\src\templmatch.cpp:1175: error: (-215:Assertion failed) _img.size().height <= _templ.size().height && _img.size().width <= _templ.size().width in function 'cv::matchTemplate'

ERROR:root:Error in loop
Traceback (most recent call last):
  File "C:\Users\xxsla\OneDrive\Desktop\bot\src\controller.py", line 20, in main_loop
    trees  = find_trees(gray)
             ^^^^^^^^^^^^^^^^
  File "C:\Users\xxsla\OneDrive\Desktop\bot\src\detector.py", line 24, in find_trees
    res = cv2.matchTemplate(screen_gray, tpl, cv2.TM_CCOEFF_NORMED)
          ^^^^^^^^^^^^^^^^^^^^^^^^^^^^^^^^^^^^^^^^^^^^^^^^^^^^^^^^^
cv2.error: OpenCV(4.11.0) D:\a\opencv-python\opencv-python\opencv\modules\imgproc\src\templmatch.cpp:1175: error: (-215:Assertion failed) _img.size().height <= _templ.size().height && _img.size().width <= _templ.size().width in function 'cv::matchTemplate'

ERROR:root:Error in loop
Traceback (most recent call last):
  File "C:\Users\xxsla\OneDrive\Desktop\bot\src\controller.py", line 20, in main_loop
    trees  = find_trees(gray)
             ^^^^^^^^^^^^^^^^
  File "C:\Users\xxsla\OneDrive\Desktop\bot\src\detector.py", line 24, in find_trees
    res = cv2.matchTemplate(screen_gray, tpl, cv2.TM_CCOEFF_NORMED)
          ^^^^^^^^^^^^^^^^^^^^^^^^^^^^^^^^^^^^^^^^^^^^^^^^^^^^^^^^^
cv2.error: OpenCV(4.11.0) D:\a\opencv-python\opencv-python\opencv\modules\imgproc\src\templmatch.cpp:1175: error: (-215:Assertion failed) _img.size().height <= _templ.size().height && _img.size().width <= _templ.size().width in function 'cv::matchTemplate'

ERROR:root:Error in loop
Traceback (most recent call last):
  File "C:\Users\xxsla\OneDrive\Desktop\bot\src\controller.py", line 20, in main_loop
    trees  = find_trees(gray)
             ^^^^^^^^^^^^^^^^
  File "C:\Users\xxsla\OneDrive\Desktop\bot\src\detector.py", line 24, in find_trees
    res = cv2.matchTemplate(screen_gray, tpl, cv2.TM_CCOEFF_NORMED)
          ^^^^^^^^^^^^^^^^^^^^^^^^^^^^^^^^^^^^^^^^^^^^^^^^^^^^^^^^^
cv2.error: OpenCV(4.11.0) D:\a\opencv-python\opencv-python\opencv\modules\imgproc\src\templmatch.cpp:1175: error: (-215:Assertion failed) _img.size().height <= _templ.size().height && _img.size().width <= _templ.size().width in function 'cv::matchTemplate'

ERROR:root:Error in loop
Traceback (most recent call last):
  File "C:\Users\xxsla\OneDrive\Desktop\bot\src\controller.py", line 20, in main_loop
    trees  = find_trees(gray)
             ^^^^^^^^^^^^^^^^
  File "C:\Users\xxsla\OneDrive\Desktop\bot\src\detector.py", line 24, in find_trees
    res = cv2.matchTemplate(screen_gray, tpl, cv2.TM_CCOEFF_NORMED)
          ^^^^^^^^^^^^^^^^^^^^^^^^^^^^^^^^^^^^^^^^^^^^^^^^^^^^^^^^^
cv2.error: OpenCV(4.11.0) D:\a\opencv-python\opencv-python\opencv\modules\imgproc\src\templmatch.cpp:1175: error: (-215:Assertion failed) _img.size().height <= _templ.size().height && _img.size().width <= _templ.size().width in function 'cv::matchTemplate'

ERROR:root:Error in loop
Traceback (most recent call last):
  File "C:\Users\xxsla\OneDrive\Desktop\bot\src\controller.py", line 20, in main_loop
    trees  = find_trees(gray)
             ^^^^^^^^^^^^^^^^
  File "C:\Users\xxsla\OneDrive\Desktop\bot\src\detector.py", line 24, in find_trees
    res = cv2.matchTemplate(screen_gray, tpl, cv2.TM_CCOEFF_NORMED)
          ^^^^^^^^^^^^^^^^^^^^^^^^^^^^^^^^^^^^^^^^^^^^^^^^^^^^^^^^^
cv2.error: OpenCV(4.11.0) D:\a\opencv-python\opencv-python\opencv\modules\imgproc\src\templmatch.cpp:1175: error: (-215:Assertion failed) _img.size().height <= _templ.size().height && _img.size().width <= _templ.size().width in function 'cv::matchTemplate'

ERROR:root:Error in loop
Traceback (most recent call last):
  File "C:\Users\xxsla\OneDrive\Desktop\bot\src\controller.py", line 20, in main_loop
    trees  = find_trees(gray)
             ^^^^^^^^^^^^^^^^
  File "C:\Users\xxsla\OneDrive\Desktop\bot\src\detector.py", line 24, in find_trees
    res = cv2.matchTemplate(screen_gray, tpl, cv2.TM_CCOEFF_NORMED)
          ^^^^^^^^^^^^^^^^^^^^^^^^^^^^^^^^^^^^^^^^^^^^^^^^^^^^^^^^^
cv2.error: OpenCV(4.11.0) D:\a\opencv-python\opencv-python\opencv\modules\imgproc\src\templmatch.cpp:1175: error: (-215:Assertion failed) _img.size().height <= _templ.size().height && _img.size().width <= _templ.size().width in function 'cv::matchTemplate'

ERROR:root:Error in loop
Traceback (most recent call last):
  File "C:\Users\xxsla\OneDrive\Desktop\bot\src\controller.py", line 20, in main_loop
    trees  = find_trees(gray)
             ^^^^^^^^^^^^^^^^
  File "C:\Users\xxsla\OneDrive\Desktop\bot\src\detector.py", line 24, in find_trees
    res = cv2.matchTemplate(screen_gray, tpl, cv2.TM_CCOEFF_NORMED)
          ^^^^^^^^^^^^^^^^^^^^^^^^^^^^^^^^^^^^^^^^^^^^^^^^^^^^^^^^^
cv2.error: OpenCV(4.11.0) D:\a\opencv-python\opencv-python\opencv\modules\imgproc\src\templmatch.cpp:1175: error: (-215:Assertion failed) _img.size().height <= _templ.size().height && _img.size().width <= _templ.size().width in function 'cv::matchTemplate'

ERROR:root:Error in loop
Traceback (most recent call last):
  File "C:\Users\xxsla\OneDrive\Desktop\bot\src\controller.py", line 20, in main_loop
    trees  = find_trees(gray)
             ^^^^^^^^^^^^^^^^
  File "C:\Users\xxsla\OneDrive\Desktop\bot\src\detector.py", line 24, in find_trees
    res = cv2.matchTemplate(screen_gray, tpl, cv2.TM_CCOEFF_NORMED)
          ^^^^^^^^^^^^^^^^^^^^^^^^^^^^^^^^^^^^^^^^^^^^^^^^^^^^^^^^^
cv2.error: OpenCV(4.11.0) D:\a\opencv-python\opencv-python\opencv\modules\imgproc\src\templmatch.cpp:1175: error: (-215:Assertion failed) _img.size().height <= _templ.size().height && _img.size().width <= _templ.size().width in function 'cv::matchTemplate'

ERROR:root:Error in loop
Traceback (most recent call last):
  File "C:\Users\xxsla\OneDrive\Desktop\bot\src\controller.py", line 20, in main_loop
    trees  = find_trees(gray)
             ^^^^^^^^^^^^^^^^
  File "C:\Users\xxsla\OneDrive\Desktop\bot\src\detector.py", line 24, in find_trees
    res = cv2.matchTemplate(screen_gray, tpl, cv2.TM_CCOEFF_NORMED)
          ^^^^^^^^^^^^^^^^^^^^^^^^^^^^^^^^^^^^^^^^^^^^^^^^^^^^^^^^^
cv2.error: OpenCV(4.11.0) D:\a\opencv-python\opencv-python\opencv\modules\imgproc\src\templmatch.cpp:1175: error: (-215:Assertion failed) _img.size().height <= _templ.size().height && _img.size().width <= _templ.size().width in function 'cv::matchTemplate'

ERROR:root:Error in loop
Traceback (most recent call last):
  File "C:\Users\xxsla\OneDrive\Desktop\bot\src\controller.py", line 20, in main_loop
    trees  = find_trees(gray)
             ^^^^^^^^^^^^^^^^
  File "C:\Users\xxsla\OneDrive\Desktop\bot\src\detector.py", line 24, in find_trees
    res = cv2.matchTemplate(screen_gray, tpl, cv2.TM_CCOEFF_NORMED)
          ^^^^^^^^^^^^^^^^^^^^^^^^^^^^^^^^^^^^^^^^^^^^^^^^^^^^^^^^^
cv2.error: OpenCV(4.11.0) D:\a\opencv-python\opencv-python\opencv\modules\imgproc\src\templmatch.cpp:1175: error: (-215:Assertion failed) _img.size().height <= _templ.size().height && _img.size().width <= _templ.size().width in function 'cv::matchTemplate'

ERROR:root:Error in loop
Traceback (most recent call last):
  File "C:\Users\xxsla\OneDrive\Desktop\bot\src\controller.py", line 20, in main_loop
    trees  = find_trees(gray)
             ^^^^^^^^^^^^^^^^
  File "C:\Users\xxsla\OneDrive\Desktop\bot\src\detector.py", line 24, in find_trees
    res = cv2.matchTemplate(screen_gray, tpl, cv2.TM_CCOEFF_NORMED)
          ^^^^^^^^^^^^^^^^^^^^^^^^^^^^^^^^^^^^^^^^^^^^^^^^^^^^^^^^^
cv2.error: OpenCV(4.11.0) D:\a\opencv-python\opencv-python\opencv\modules\imgproc\src\templmatch.cpp:1175: error: (-215:Assertion failed) _img.size().height <= _templ.size().height && _img.size().width <= _templ.size().width in function 'cv::matchTemplate'

ERROR:root:Error in loop
Traceback (most recent call last):
  File "C:\Users\xxsla\OneDrive\Desktop\bot\src\controller.py", line 20, in main_loop
    trees  = find_trees(gray)
             ^^^^^^^^^^^^^^^^
  File "C:\Users\xxsla\OneDrive\Desktop\bot\src\detector.py", line 24, in find_trees
    res = cv2.matchTemplate(screen_gray, tpl, cv2.TM_CCOEFF_NORMED)
          ^^^^^^^^^^^^^^^^^^^^^^^^^^^^^^^^^^^^^^^^^^^^^^^^^^^^^^^^^
cv2.error: OpenCV(4.11.0) D:\a\opencv-python\opencv-python\opencv\modules\imgproc\src\templmatch.cpp:1175: error: (-215:Assertion failed) _img.size().height <= _templ.size().height && _img.size().width <= _templ.size().width in function 'cv::matchTemplate'

ERROR:root:Error in loop
Traceback (most recent call last):
  File "C:\Users\xxsla\OneDrive\Desktop\bot\src\controller.py", line 20, in main_loop
    trees  = find_trees(gray)
             ^^^^^^^^^^^^^^^^
  File "C:\Users\xxsla\OneDrive\Desktop\bot\src\detector.py", line 24, in find_trees
    res = cv2.matchTemplate(screen_gray, tpl, cv2.TM_CCOEFF_NORMED)
          ^^^^^^^^^^^^^^^^^^^^^^^^^^^^^^^^^^^^^^^^^^^^^^^^^^^^^^^^^
cv2.error: OpenCV(4.11.0) D:\a\opencv-python\opencv-python\opencv\modules\imgproc\src\templmatch.cpp:1175: error: (-215:Assertion failed) _img.size().height <= _templ.size().height && _img.size().width <= _templ.size().width in function 'cv::matchTemplate'

ERROR:root:Error in loop
Traceback (most recent call last):
  File "C:\Users\xxsla\OneDrive\Desktop\bot\src\controller.py", line 20, in main_loop
    trees  = find_trees(gray)
             ^^^^^^^^^^^^^^^^
  File "C:\Users\xxsla\OneDrive\Desktop\bot\src\detector.py", line 24, in find_trees
    res = cv2.matchTemplate(screen_gray, tpl, cv2.TM_CCOEFF_NORMED)
          ^^^^^^^^^^^^^^^^^^^^^^^^^^^^^^^^^^^^^^^^^^^^^^^^^^^^^^^^^
cv2.error: OpenCV(4.11.0) D:\a\opencv-python\opencv-python\opencv\modules\imgproc\src\templmatch.cpp:1175: error: (-215:Assertion failed) _img.size().height <= _templ.size().height && _img.size().width <= _templ.size().width in function 'cv::matchTemplate'

ERROR:root:Error in loop
Traceback (most recent call last):
  File "C:\Users\xxsla\OneDrive\Desktop\bot\src\controller.py", line 20, in main_loop
    trees  = find_trees(gray)
             ^^^^^^^^^^^^^^^^
  File "C:\Users\xxsla\OneDrive\Desktop\bot\src\detector.py", line 24, in find_trees
    res = cv2.matchTemplate(screen_gray, tpl, cv2.TM_CCOEFF_NORMED)
          ^^^^^^^^^^^^^^^^^^^^^^^^^^^^^^^^^^^^^^^^^^^^^^^^^^^^^^^^^
cv2.error: OpenCV(4.11.0) D:\a\opencv-python\opencv-python\opencv\modules\imgproc\src\templmatch.cpp:1175: error: (-215:Assertion failed) _img.size().height <= _templ.size().height && _img.size().width <= _templ.size().width in function 'cv::matchTemplate'

ERROR:root:Error in loop
Traceback (most recent call last):
  File "C:\Users\xxsla\OneDrive\Desktop\bot\src\controller.py", line 20, in main_loop
    trees  = find_trees(gray)
             ^^^^^^^^^^^^^^^^
  File "C:\Users\xxsla\OneDrive\Desktop\bot\src\detector.py", line 24, in find_trees
    res = cv2.matchTemplate(screen_gray, tpl, cv2.TM_CCOEFF_NORMED)
          ^^^^^^^^^^^^^^^^^^^^^^^^^^^^^^^^^^^^^^^^^^^^^^^^^^^^^^^^^
cv2.error: OpenCV(4.11.0) D:\a\opencv-python\opencv-python\opencv\modules\imgproc\src\templmatch.cpp:1175: error: (-215:Assertion failed) _img.size().height <= _templ.size().height && _img.size().width <= _templ.size().width in function 'cv::matchTemplate'

ERROR:root:Error in loop
Traceback (most recent call last):
  File "C:\Users\xxsla\OneDrive\Desktop\bot\src\controller.py", line 20, in main_loop
    trees  = find_trees(gray)
             ^^^^^^^^^^^^^^^^
  File "C:\Users\xxsla\OneDrive\Desktop\bot\src\detector.py", line 24, in find_trees
    res = cv2.matchTemplate(screen_gray, tpl, cv2.TM_CCOEFF_NORMED)
          ^^^^^^^^^^^^^^^^^^^^^^^^^^^^^^^^^^^^^^^^^^^^^^^^^^^^^^^^^
cv2.error: OpenCV(4.11.0) D:\a\opencv-python\opencv-python\opencv\modules\imgproc\src\templmatch.cpp:1175: error: (-215:Assertion failed) _img.size().height <= _templ.size().height && _img.size().width <= _templ.size().width in function 'cv::matchTemplate'

ERROR:root:Error in loop
Traceback (most recent call last):
  File "C:\Users\xxsla\OneDrive\Desktop\bot\src\controller.py", line 20, in main_loop
    trees  = find_trees(gray)
             ^^^^^^^^^^^^^^^^
  File "C:\Users\xxsla\OneDrive\Desktop\bot\src\detector.py", line 24, in find_trees
    res = cv2.matchTemplate(screen_gray, tpl, cv2.TM_CCOEFF_NORMED)
          ^^^^^^^^^^^^^^^^^^^^^^^^^^^^^^^^^^^^^^^^^^^^^^^^^^^^^^^^^
cv2.error: OpenCV(4.11.0) D:\a\opencv-python\opencv-python\opencv\modules\imgproc\src\templmatch.cpp:1175: error: (-215:Assertion failed) _img.size().height <= _templ.size().height && _img.size().width <= _templ.size().width in function 'cv::matchTemplate'

ERROR:root:Error in loop
Traceback (most recent call last):
  File "C:\Users\xxsla\OneDrive\Desktop\bot\src\controller.py", line 20, in main_loop
    trees  = find_trees(gray)
             ^^^^^^^^^^^^^^^^
  File "C:\Users\xxsla\OneDrive\Desktop\bot\src\detector.py", line 24, in find_trees
    res = cv2.matchTemplate(screen_gray, tpl, cv2.TM_CCOEFF_NORMED)
          ^^^^^^^^^^^^^^^^^^^^^^^^^^^^^^^^^^^^^^^^^^^^^^^^^^^^^^^^^
cv2.error: OpenCV(4.11.0) D:\a\opencv-python\opencv-python\opencv\modules\imgproc\src\templmatch.cpp:1175: error: (-215:Assertion failed) _img.size().height <= _templ.size().height && _img.size().width <= _templ.size().width in function 'cv::matchTemplate'

ERROR:root:Error in loop
Traceback (most recent call last):
  File "C:\Users\xxsla\OneDrive\Desktop\bot\src\controller.py", line 20, in main_loop
    trees  = find_trees(gray)
             ^^^^^^^^^^^^^^^^
  File "C:\Users\xxsla\OneDrive\Desktop\bot\src\detector.py", line 24, in find_trees
    res = cv2.matchTemplate(screen_gray, tpl, cv2.TM_CCOEFF_NORMED)
          ^^^^^^^^^^^^^^^^^^^^^^^^^^^^^^^^^^^^^^^^^^^^^^^^^^^^^^^^^
cv2.error: OpenCV(4.11.0) D:\a\opencv-python\opencv-python\opencv\modules\imgproc\src\templmatch.cpp:1175: error: (-215:Assertion failed) _img.size().height <= _templ.size().height && _img.size().width <= _templ.size().width in function 'cv::matchTemplate'

ERROR:root:Error in loop
Traceback (most recent call last):
  File "C:\Users\xxsla\OneDrive\Desktop\bot\src\controller.py", line 20, in main_loop
    trees  = find_trees(gray)
             ^^^^^^^^^^^^^^^^
  File "C:\Users\xxsla\OneDrive\Desktop\bot\src\detector.py", line 24, in find_trees
    res = cv2.matchTemplate(screen_gray, tpl, cv2.TM_CCOEFF_NORMED)
          ^^^^^^^^^^^^^^^^^^^^^^^^^^^^^^^^^^^^^^^^^^^^^^^^^^^^^^^^^
cv2.error: OpenCV(4.11.0) D:\a\opencv-python\opencv-python\opencv\modules\imgproc\src\templmatch.cpp:1175: error: (-215:Assertion failed) _img.size().height <= _templ.size().height && _img.size().width <= _templ.size().width in function 'cv::matchTemplate'

ERROR:root:Error in loop
Traceback (most recent call last):
  File "C:\Users\xxsla\OneDrive\Desktop\bot\src\controller.py", line 20, in main_loop
    trees  = find_trees(gray)
             ^^^^^^^^^^^^^^^^
  File "C:\Users\xxsla\OneDrive\Desktop\bot\src\detector.py", line 24, in find_trees
    res = cv2.matchTemplate(screen_gray, tpl, cv2.TM_CCOEFF_NORMED)
          ^^^^^^^^^^^^^^^^^^^^^^^^^^^^^^^^^^^^^^^^^^^^^^^^^^^^^^^^^
cv2.error: OpenCV(4.11.0) D:\a\opencv-python\opencv-python\opencv\modules\imgproc\src\templmatch.cpp:1175: error: (-215:Assertion failed) _img.size().height <= _templ.size().height && _img.size().width <= _templ.size().width in function 'cv::matchTemplate'

ERROR:root:Error in loop
Traceback (most recent call last):
  File "C:\Users\xxsla\OneDrive\Desktop\bot\src\controller.py", line 20, in main_loop
    trees  = find_trees(gray)
             ^^^^^^^^^^^^^^^^
  File "C:\Users\xxsla\OneDrive\Desktop\bot\src\detector.py", line 24, in find_trees
    res = cv2.matchTemplate(screen_gray, tpl, cv2.TM_CCOEFF_NORMED)
          ^^^^^^^^^^^^^^^^^^^^^^^^^^^^^^^^^^^^^^^^^^^^^^^^^^^^^^^^^
cv2.error: OpenCV(4.11.0) D:\a\opencv-python\opencv-python\opencv\modules\imgproc\src\templmatch.cpp:1175: error: (-215:Assertion failed) _img.size().height <= _templ.size().height && _img.size().width <= _templ.size().width in function 'cv::matchTemplate'

ERROR:root:Error in loop
Traceback (most recent call last):
  File "C:\Users\xxsla\OneDrive\Desktop\bot\src\controller.py", line 20, in main_loop
    trees  = find_trees(gray)
             ^^^^^^^^^^^^^^^^
  File "C:\Users\xxsla\OneDrive\Desktop\bot\src\detector.py", line 24, in find_trees
    res = cv2.matchTemplate(screen_gray, tpl, cv2.TM_CCOEFF_NORMED)
          ^^^^^^^^^^^^^^^^^^^^^^^^^^^^^^^^^^^^^^^^^^^^^^^^^^^^^^^^^
cv2.error: OpenCV(4.11.0) D:\a\opencv-python\opencv-python\opencv\modules\imgproc\src\templmatch.cpp:1175: error: (-215:Assertion failed) _img.size().height <= _templ.size().height && _img.size().width <= _templ.size().width in function 'cv::matchTemplate'

ERROR:root:Error in loop
Traceback (most recent call last):
  File "C:\Users\xxsla\OneDrive\Desktop\bot\src\controller.py", line 20, in main_loop
    trees  = find_trees(gray)
             ^^^^^^^^^^^^^^^^
  File "C:\Users\xxsla\OneDrive\Desktop\bot\src\detector.py", line 24, in find_trees
    res = cv2.matchTemplate(screen_gray, tpl, cv2.TM_CCOEFF_NORMED)
          ^^^^^^^^^^^^^^^^^^^^^^^^^^^^^^^^^^^^^^^^^^^^^^^^^^^^^^^^^
cv2.error: OpenCV(4.11.0) D:\a\opencv-python\opencv-python\opencv\modules\imgproc\src\templmatch.cpp:1175: error: (-215:Assertion failed) _img.size().height <= _templ.size().height && _img.size().width <= _templ.size().width in function 'cv::matchTemplate'

ERROR:root:Error in loop
Traceback (most recent call last):
  File "C:\Users\xxsla\OneDrive\Desktop\bot\src\controller.py", line 20, in main_loop
    trees  = find_trees(gray)
             ^^^^^^^^^^^^^^^^
  File "C:\Users\xxsla\OneDrive\Desktop\bot\src\detector.py", line 24, in find_trees
    res = cv2.matchTemplate(screen_gray, tpl, cv2.TM_CCOEFF_NORMED)
          ^^^^^^^^^^^^^^^^^^^^^^^^^^^^^^^^^^^^^^^^^^^^^^^^^^^^^^^^^
cv2.error: OpenCV(4.11.0) D:\a\opencv-python\opencv-python\opencv\modules\imgproc\src\templmatch.cpp:1175: error: (-215:Assertion failed) _img.size().height <= _templ.size().height && _img.size().width <= _templ.size().width in function 'cv::matchTemplate'

ERROR:root:Error in loop
Traceback (most recent call last):
  File "C:\Users\xxsla\OneDrive\Desktop\bot\src\controller.py", line 20, in main_loop
    trees  = find_trees(gray)
             ^^^^^^^^^^^^^^^^
  File "C:\Users\xxsla\OneDrive\Desktop\bot\src\detector.py", line 24, in find_trees
    res = cv2.matchTemplate(screen_gray, tpl, cv2.TM_CCOEFF_NORMED)
          ^^^^^^^^^^^^^^^^^^^^^^^^^^^^^^^^^^^^^^^^^^^^^^^^^^^^^^^^^
cv2.error: OpenCV(4.11.0) D:\a\opencv-python\opencv-python\opencv\modules\imgproc\src\templmatch.cpp:1175: error: (-215:Assertion failed) _img.size().height <= _templ.size().height && _img.size().width <= _templ.size().width in function 'cv::matchTemplate'

ERROR:root:Error in loop
Traceback (most recent call last):
  File "C:\Users\xxsla\OneDrive\Desktop\bot\src\controller.py", line 20, in main_loop
    trees  = find_trees(gray)
             ^^^^^^^^^^^^^^^^
  File "C:\Users\xxsla\OneDrive\Desktop\bot\src\detector.py", line 24, in find_trees
    res = cv2.matchTemplate(screen_gray, tpl, cv2.TM_CCOEFF_NORMED)
          ^^^^^^^^^^^^^^^^^^^^^^^^^^^^^^^^^^^^^^^^^^^^^^^^^^^^^^^^^
cv2.error: OpenCV(4.11.0) D:\a\opencv-python\opencv-python\opencv\modules\imgproc\src\templmatch.cpp:1175: error: (-215:Assertion failed) _img.size().height <= _templ.size().height && _img.size().width <= _templ.size().width in function 'cv::matchTemplate'

ERROR:root:Error in loop
Traceback (most recent call last):
  File "C:\Users\xxsla\OneDrive\Desktop\bot\src\controller.py", line 20, in main_loop
    trees  = find_trees(gray)
             ^^^^^^^^^^^^^^^^
  File "C:\Users\xxsla\OneDrive\Desktop\bot\src\detector.py", line 24, in find_trees
    res = cv2.matchTemplate(screen_gray, tpl, cv2.TM_CCOEFF_NORMED)
          ^^^^^^^^^^^^^^^^^^^^^^^^^^^^^^^^^^^^^^^^^^^^^^^^^^^^^^^^^
cv2.error: OpenCV(4.11.0) D:\a\opencv-python\opencv-python\opencv\modules\imgproc\src\templmatch.cpp:1175: error: (-215:Assertion failed) _img.size().height <= _templ.size().height && _img.size().width <= _templ.size().width in function 'cv::matchTemplate'

ERROR:root:Error in loop
Traceback (most recent call last):
  File "C:\Users\xxsla\OneDrive\Desktop\bot\src\controller.py", line 20, in main_loop
    trees  = find_trees(gray)
             ^^^^^^^^^^^^^^^^
  File "C:\Users\xxsla\OneDrive\Desktop\bot\src\detector.py", line 24, in find_trees
    res = cv2.matchTemplate(screen_gray, tpl, cv2.TM_CCOEFF_NORMED)
          ^^^^^^^^^^^^^^^^^^^^^^^^^^^^^^^^^^^^^^^^^^^^^^^^^^^^^^^^^
cv2.error: OpenCV(4.11.0) D:\a\opencv-python\opencv-python\opencv\modules\imgproc\src\templmatch.cpp:1175: error: (-215:Assertion failed) _img.size().height <= _templ.size().height && _img.size().width <= _templ.size().width in function 'cv::matchTemplate'

ERROR:root:Error in loop
Traceback (most recent call last):
  File "C:\Users\xxsla\OneDrive\Desktop\bot\src\controller.py", line 20, in main_loop
    trees  = find_trees(gray)
             ^^^^^^^^^^^^^^^^
  File "C:\Users\xxsla\OneDrive\Desktop\bot\src\detector.py", line 24, in find_trees
    res = cv2.matchTemplate(screen_gray, tpl, cv2.TM_CCOEFF_NORMED)
          ^^^^^^^^^^^^^^^^^^^^^^^^^^^^^^^^^^^^^^^^^^^^^^^^^^^^^^^^^
cv2.error: OpenCV(4.11.0) D:\a\opencv-python\opencv-python\opencv\modules\imgproc\src\templmatch.cpp:1175: error: (-215:Assertion failed) _img.size().height <= _templ.size().height && _img.size().width <= _templ.size().width in function 'cv::matchTemplate'

ERROR:root:Error in loop
Traceback (most recent call last):
  File "C:\Users\xxsla\OneDrive\Desktop\bot\src\controller.py", line 20, in main_loop
    trees  = find_trees(gray)
             ^^^^^^^^^^^^^^^^
  File "C:\Users\xxsla\OneDrive\Desktop\bot\src\detector.py", line 24, in find_trees
    res = cv2.matchTemplate(screen_gray, tpl, cv2.TM_CCOEFF_NORMED)
          ^^^^^^^^^^^^^^^^^^^^^^^^^^^^^^^^^^^^^^^^^^^^^^^^^^^^^^^^^
cv2.error: OpenCV(4.11.0) D:\a\opencv-python\opencv-python\opencv\modules\imgproc\src\templmatch.cpp:1175: error: (-215:Assertion failed) _img.size().height <= _templ.size().height && _img.size().width <= _templ.size().width in function 'cv::matchTemplate'

ERROR:root:Error in loop
Traceback (most recent call last):
  File "C:\Users\xxsla\OneDrive\Desktop\bot\src\controller.py", line 20, in main_loop
    trees  = find_trees(gray)
             ^^^^^^^^^^^^^^^^
  File "C:\Users\xxsla\OneDrive\Desktop\bot\src\detector.py", line 24, in find_trees
    res = cv2.matchTemplate(screen_gray, tpl, cv2.TM_CCOEFF_NORMED)
          ^^^^^^^^^^^^^^^^^^^^^^^^^^^^^^^^^^^^^^^^^^^^^^^^^^^^^^^^^
cv2.error: OpenCV(4.11.0) D:\a\opencv-python\opencv-python\opencv\modules\imgproc\src\templmatch.cpp:1175: error: (-215:Assertion failed) _img.size().height <= _templ.size().height && _img.size().width <= _templ.size().width in function 'cv::matchTemplate'

ERROR:root:Error in loop
Traceback (most recent call last):
  File "C:\Users\xxsla\OneDrive\Desktop\bot\src\controller.py", line 20, in main_loop
    trees  = find_trees(gray)
             ^^^^^^^^^^^^^^^^
  File "C:\Users\xxsla\OneDrive\Desktop\bot\src\detector.py", line 24, in find_trees
    res = cv2.matchTemplate(screen_gray, tpl, cv2.TM_CCOEFF_NORMED)
          ^^^^^^^^^^^^^^^^^^^^^^^^^^^^^^^^^^^^^^^^^^^^^^^^^^^^^^^^^
cv2.error: OpenCV(4.11.0) D:\a\opencv-python\opencv-python\opencv\modules\imgproc\src\templmatch.cpp:1175: error: (-215:Assertion failed) _img.size().height <= _templ.size().height && _img.size().width <= _templ.size().width in function 'cv::matchTemplate'

ERROR:root:Error in loop
Traceback (most recent call last):
  File "C:\Users\xxsla\OneDrive\Desktop\bot\src\controller.py", line 20, in main_loop
    trees  = find_trees(gray)
             ^^^^^^^^^^^^^^^^
  File "C:\Users\xxsla\OneDrive\Desktop\bot\src\detector.py", line 24, in find_trees
    res = cv2.matchTemplate(screen_gray, tpl, cv2.TM_CCOEFF_NORMED)
          ^^^^^^^^^^^^^^^^^^^^^^^^^^^^^^^^^^^^^^^^^^^^^^^^^^^^^^^^^
cv2.error: OpenCV(4.11.0) D:\a\opencv-python\opencv-python\opencv\modules\imgproc\src\templmatch.cpp:1175: error: (-215:Assertion failed) _img.size().height <= _templ.size().height && _img.size().width <= _templ.size().width in function 'cv::matchTemplate'

ERROR:root:Error in loop
Traceback (most recent call last):
  File "C:\Users\xxsla\OneDrive\Desktop\bot\src\controller.py", line 20, in main_loop
    trees  = find_trees(gray)
             ^^^^^^^^^^^^^^^^
  File "C:\Users\xxsla\OneDrive\Desktop\bot\src\detector.py", line 24, in find_trees
    res = cv2.matchTemplate(screen_gray, tpl, cv2.TM_CCOEFF_NORMED)
          ^^^^^^^^^^^^^^^^^^^^^^^^^^^^^^^^^^^^^^^^^^^^^^^^^^^^^^^^^
cv2.error: OpenCV(4.11.0) D:\a\opencv-python\opencv-python\opencv\modules\imgproc\src\templmatch.cpp:1175: error: (-215:Assertion failed) _img.size().height <= _templ.size().height && _img.size().width <= _templ.size().width in function 'cv::matchTemplate'

ERROR:root:Error in loop
Traceback (most recent call last):
  File "C:\Users\xxsla\OneDrive\Desktop\bot\src\controller.py", line 20, in main_loop
    trees  = find_trees(gray)
             ^^^^^^^^^^^^^^^^
  File "C:\Users\xxsla\OneDrive\Desktop\bot\src\detector.py", line 24, in find_trees
    res = cv2.matchTemplate(screen_gray, tpl, cv2.TM_CCOEFF_NORMED)
          ^^^^^^^^^^^^^^^^^^^^^^^^^^^^^^^^^^^^^^^^^^^^^^^^^^^^^^^^^
cv2.error: OpenCV(4.11.0) D:\a\opencv-python\opencv-python\opencv\modules\imgproc\src\templmatch.cpp:1175: error: (-215:Assertion failed) _img.size().height <= _templ.size().height && _img.size().width <= _templ.size().width in function 'cv::matchTemplate'

ERROR:root:Error in loop
Traceback (most recent call last):
  File "C:\Users\xxsla\OneDrive\Desktop\bot\src\controller.py", line 20, in main_loop
    trees  = find_trees(gray)
             ^^^^^^^^^^^^^^^^
  File "C:\Users\xxsla\OneDrive\Desktop\bot\src\detector.py", line 24, in find_trees
    res = cv2.matchTemplate(screen_gray, tpl, cv2.TM_CCOEFF_NORMED)
          ^^^^^^^^^^^^^^^^^^^^^^^^^^^^^^^^^^^^^^^^^^^^^^^^^^^^^^^^^
cv2.error: OpenCV(4.11.0) D:\a\opencv-python\opencv-python\opencv\modules\imgproc\src\templmatch.cpp:1175: error: (-215:Assertion failed) _img.size().height <= _templ.size().height && _img.size().width <= _templ.size().width in function 'cv::matchTemplate'

ERROR:root:Error in loop
Traceback (most recent call last):
  File "C:\Users\xxsla\OneDrive\Desktop\bot\src\controller.py", line 20, in main_loop
    trees  = find_trees(gray)
             ^^^^^^^^^^^^^^^^
  File "C:\Users\xxsla\OneDrive\Desktop\bot\src\detector.py", line 24, in find_trees
    res = cv2.matchTemplate(screen_gray, tpl, cv2.TM_CCOEFF_NORMED)
          ^^^^^^^^^^^^^^^^^^^^^^^^^^^^^^^^^^^^^^^^^^^^^^^^^^^^^^^^^
cv2.error: OpenCV(4.11.0) D:\a\opencv-python\opencv-python\opencv\modules\imgproc\src\templmatch.cpp:1175: error: (-215:Assertion failed) _img.size().height <= _templ.size().height && _img.size().width <= _templ.size().width in function 'cv::matchTemplate'

ERROR:root:Error in loop
Traceback (most recent call last):
  File "C:\Users\xxsla\OneDrive\Desktop\bot\src\controller.py", line 20, in main_loop
    trees  = find_trees(gray)
             ^^^^^^^^^^^^^^^^
  File "C:\Users\xxsla\OneDrive\Desktop\bot\src\detector.py", line 24, in find_trees
    res = cv2.matchTemplate(screen_gray, tpl, cv2.TM_CCOEFF_NORMED)
          ^^^^^^^^^^^^^^^^^^^^^^^^^^^^^^^^^^^^^^^^^^^^^^^^^^^^^^^^^
cv2.error: OpenCV(4.11.0) D:\a\opencv-python\opencv-python\opencv\modules\imgproc\src\templmatch.cpp:1175: error: (-215:Assertion failed) _img.size().height <= _templ.size().height && _img.size().width <= _templ.size().width in function 'cv::matchTemplate'

ERROR:root:Error in loop
Traceback (most recent call last):
  File "C:\Users\xxsla\OneDrive\Desktop\bot\src\controller.py", line 20, in main_loop
    trees  = find_trees(gray)
             ^^^^^^^^^^^^^^^^
  File "C:\Users\xxsla\OneDrive\Desktop\bot\src\detector.py", line 24, in find_trees
    res = cv2.matchTemplate(screen_gray, tpl, cv2.TM_CCOEFF_NORMED)
          ^^^^^^^^^^^^^^^^^^^^^^^^^^^^^^^^^^^^^^^^^^^^^^^^^^^^^^^^^
cv2.error: OpenCV(4.11.0) D:\a\opencv-python\opencv-python\opencv\modules\imgproc\src\templmatch.cpp:1175: error: (-215:Assertion failed) _img.size().height <= _templ.size().height && _img.size().width <= _templ.size().width in function 'cv::matchTemplate'

ERROR:root:Error in loop
Traceback (most recent call last):
  File "C:\Users\xxsla\OneDrive\Desktop\bot\src\controller.py", line 20, in main_loop
    trees  = find_trees(gray)
             ^^^^^^^^^^^^^^^^
  File "C:\Users\xxsla\OneDrive\Desktop\bot\src\detector.py", line 24, in find_trees
    res = cv2.matchTemplate(screen_gray, tpl, cv2.TM_CCOEFF_NORMED)
          ^^^^^^^^^^^^^^^^^^^^^^^^^^^^^^^^^^^^^^^^^^^^^^^^^^^^^^^^^
cv2.error: OpenCV(4.11.0) D:\a\opencv-python\opencv-python\opencv\modules\imgproc\src\templmatch.cpp:1175: error: (-215:Assertion failed) _img.size().height <= _templ.size().height && _img.size().width <= _templ.size().width in function 'cv::matchTemplate'

ERROR:root:Error in loop
Traceback (most recent call last):
  File "C:\Users\xxsla\OneDrive\Desktop\bot\src\controller.py", line 20, in main_loop
    trees  = find_trees(gray)
             ^^^^^^^^^^^^^^^^
  File "C:\Users\xxsla\OneDrive\Desktop\bot\src\detector.py", line 24, in find_trees
    res = cv2.matchTemplate(screen_gray, tpl, cv2.TM_CCOEFF_NORMED)
          ^^^^^^^^^^^^^^^^^^^^^^^^^^^^^^^^^^^^^^^^^^^^^^^^^^^^^^^^^
cv2.error: OpenCV(4.11.0) D:\a\opencv-python\opencv-python\opencv\modules\imgproc\src\templmatch.cpp:1175: error: (-215:Assertion failed) _img.size().height <= _templ.size().height && _img.size().width <= _templ.size().width in function 'cv::matchTemplate'

ERROR:root:Error in loop
Traceback (most recent call last):
  File "C:\Users\xxsla\OneDrive\Desktop\bot\src\controller.py", line 20, in main_loop
    trees  = find_trees(gray)
             ^^^^^^^^^^^^^^^^
  File "C:\Users\xxsla\OneDrive\Desktop\bot\src\detector.py", line 24, in find_trees
    res = cv2.matchTemplate(screen_gray, tpl, cv2.TM_CCOEFF_NORMED)
          ^^^^^^^^^^^^^^^^^^^^^^^^^^^^^^^^^^^^^^^^^^^^^^^^^^^^^^^^^
cv2.error: OpenCV(4.11.0) D:\a\opencv-python\opencv-python\opencv\modules\imgproc\src\templmatch.cpp:1175: error: (-215:Assertion failed) _img.size().height <= _templ.size().height && _img.size().width <= _templ.size().width in function 'cv::matchTemplate'

ERROR:root:Error in loop
Traceback (most recent call last):
  File "C:\Users\xxsla\OneDrive\Desktop\bot\src\controller.py", line 20, in main_loop
    trees  = find_trees(gray)
             ^^^^^^^^^^^^^^^^
  File "C:\Users\xxsla\OneDrive\Desktop\bot\src\detector.py", line 24, in find_trees
    res = cv2.matchTemplate(screen_gray, tpl, cv2.TM_CCOEFF_NORMED)
          ^^^^^^^^^^^^^^^^^^^^^^^^^^^^^^^^^^^^^^^^^^^^^^^^^^^^^^^^^
cv2.error: OpenCV(4.11.0) D:\a\opencv-python\opencv-python\opencv\modules\imgproc\src\templmatch.cpp:1175: error: (-215:Assertion failed) _img.size().height <= _templ.size().height && _img.size().width <= _templ.size().width in function 'cv::matchTemplate'

ERROR:root:Error in loop
Traceback (most recent call last):
  File "C:\Users\xxsla\OneDrive\Desktop\bot\src\controller.py", line 20, in main_loop
    trees  = find_trees(gray)
             ^^^^^^^^^^^^^^^^
  File "C:\Users\xxsla\OneDrive\Desktop\bot\src\detector.py", line 24, in find_trees
    res = cv2.matchTemplate(screen_gray, tpl, cv2.TM_CCOEFF_NORMED)
          ^^^^^^^^^^^^^^^^^^^^^^^^^^^^^^^^^^^^^^^^^^^^^^^^^^^^^^^^^
cv2.error: OpenCV(4.11.0) D:\a\opencv-python\opencv-python\opencv\modules\imgproc\src\templmatch.cpp:1175: error: (-215:Assertion failed) _img.size().height <= _templ.size().height && _img.size().width <= _templ.size().width in function 'cv::matchTemplate'

ERROR:root:Error in loop
Traceback (most recent call last):
  File "C:\Users\xxsla\OneDrive\Desktop\bot\src\controller.py", line 20, in main_loop
    trees  = find_trees(gray)
             ^^^^^^^^^^^^^^^^
  File "C:\Users\xxsla\OneDrive\Desktop\bot\src\detector.py", line 24, in find_trees
    res = cv2.matchTemplate(screen_gray, tpl, cv2.TM_CCOEFF_NORMED)
          ^^^^^^^^^^^^^^^^^^^^^^^^^^^^^^^^^^^^^^^^^^^^^^^^^^^^^^^^^
cv2.error: OpenCV(4.11.0) D:\a\opencv-python\opencv-python\opencv\modules\imgproc\src\templmatch.cpp:1175: error: (-215:Assertion failed) _img.size().height <= _templ.size().height && _img.size().width <= _templ.size().width in function 'cv::matchTemplate'

ERROR:root:Error in loop
Traceback (most recent call last):
  File "C:\Users\xxsla\OneDrive\Desktop\bot\src\controller.py", line 20, in main_loop
    trees  = find_trees(gray)
             ^^^^^^^^^^^^^^^^
  File "C:\Users\xxsla\OneDrive\Desktop\bot\src\detector.py", line 24, in find_trees
    res = cv2.matchTemplate(screen_gray, tpl, cv2.TM_CCOEFF_NORMED)
          ^^^^^^^^^^^^^^^^^^^^^^^^^^^^^^^^^^^^^^^^^^^^^^^^^^^^^^^^^
cv2.error: OpenCV(4.11.0) D:\a\opencv-python\opencv-python\opencv\modules\imgproc\src\templmatch.cpp:1175: error: (-215:Assertion failed) _img.size().height <= _templ.size().height && _img.size().width <= _templ.size().width in function 'cv::matchTemplate'

ERROR:root:Error in loop
Traceback (most recent call last):
  File "C:\Users\xxsla\OneDrive\Desktop\bot\src\controller.py", line 20, in main_loop
    trees  = find_trees(gray)
             ^^^^^^^^^^^^^^^^
  File "C:\Users\xxsla\OneDrive\Desktop\bot\src\detector.py", line 24, in find_trees
    res = cv2.matchTemplate(screen_gray, tpl, cv2.TM_CCOEFF_NORMED)
          ^^^^^^^^^^^^^^^^^^^^^^^^^^^^^^^^^^^^^^^^^^^^^^^^^^^^^^^^^
cv2.error: OpenCV(4.11.0) D:\a\opencv-python\opencv-python\opencv\modules\imgproc\src\templmatch.cpp:1175: error: (-215:Assertion failed) _img.size().height <= _templ.size().height && _img.size().width <= _templ.size().width in function 'cv::matchTemplate'

ERROR:root:Error in loop
Traceback (most recent call last):
  File "C:\Users\xxsla\OneDrive\Desktop\bot\src\controller.py", line 20, in main_loop
    trees  = find_trees(gray)
             ^^^^^^^^^^^^^^^^
  File "C:\Users\xxsla\OneDrive\Desktop\bot\src\detector.py", line 24, in find_trees
    res = cv2.matchTemplate(screen_gray, tpl, cv2.TM_CCOEFF_NORMED)
          ^^^^^^^^^^^^^^^^^^^^^^^^^^^^^^^^^^^^^^^^^^^^^^^^^^^^^^^^^
cv2.error: OpenCV(4.11.0) D:\a\opencv-python\opencv-python\opencv\modules\imgproc\src\templmatch.cpp:1175: error: (-215:Assertion failed) _img.size().height <= _templ.size().height && _img.size().width <= _templ.size().width in function 'cv::matchTemplate'

ERROR:root:Error in loop
Traceback (most recent call last):
  File "C:\Users\xxsla\OneDrive\Desktop\bot\src\controller.py", line 20, in main_loop
    trees  = find_trees(gray)
             ^^^^^^^^^^^^^^^^
  File "C:\Users\xxsla\OneDrive\Desktop\bot\src\detector.py", line 24, in find_trees
    res = cv2.matchTemplate(screen_gray, tpl, cv2.TM_CCOEFF_NORMED)
          ^^^^^^^^^^^^^^^^^^^^^^^^^^^^^^^^^^^^^^^^^^^^^^^^^^^^^^^^^
cv2.error: OpenCV(4.11.0) D:\a\opencv-python\opencv-python\opencv\modules\imgproc\src\templmatch.cpp:1175: error: (-215:Assertion failed) _img.size().height <= _templ.size().height && _img.size().width <= _templ.size().width in function 'cv::matchTemplate'

ERROR:root:Error in loop
Traceback (most recent call last):
  File "C:\Users\xxsla\OneDrive\Desktop\bot\src\controller.py", line 20, in main_loop
    trees  = find_trees(gray)
             ^^^^^^^^^^^^^^^^
  File "C:\Users\xxsla\OneDrive\Desktop\bot\src\detector.py", line 24, in find_trees
    res = cv2.matchTemplate(screen_gray, tpl, cv2.TM_CCOEFF_NORMED)
          ^^^^^^^^^^^^^^^^^^^^^^^^^^^^^^^^^^^^^^^^^^^^^^^^^^^^^^^^^
cv2.error: OpenCV(4.11.0) D:\a\opencv-python\opencv-python\opencv\modules\imgproc\src\templmatch.cpp:1175: error: (-215:Assertion failed) _img.size().height <= _templ.size().height && _img.size().width <= _templ.size().width in function 'cv::matchTemplate'

ERROR:root:Error in loop
Traceback (most recent call last):
  File "C:\Users\xxsla\OneDrive\Desktop\bot\src\controller.py", line 20, in main_loop
    trees  = find_trees(gray)
             ^^^^^^^^^^^^^^^^
  File "C:\Users\xxsla\OneDrive\Desktop\bot\src\detector.py", line 24, in find_trees
    res = cv2.matchTemplate(screen_gray, tpl, cv2.TM_CCOEFF_NORMED)
          ^^^^^^^^^^^^^^^^^^^^^^^^^^^^^^^^^^^^^^^^^^^^^^^^^^^^^^^^^
cv2.error: OpenCV(4.11.0) D:\a\opencv-python\opencv-python\opencv\modules\imgproc\src\templmatch.cpp:1175: error: (-215:Assertion failed) _img.size().height <= _templ.size().height && _img.size().width <= _templ.size().width in function 'cv::matchTemplate'

ERROR:root:Error in loop
Traceback (most recent call last):
  File "C:\Users\xxsla\OneDrive\Desktop\bot\src\controller.py", line 20, in main_loop
    trees  = find_trees(gray)
             ^^^^^^^^^^^^^^^^
  File "C:\Users\xxsla\OneDrive\Desktop\bot\src\detector.py", line 24, in find_trees
    res = cv2.matchTemplate(screen_gray, tpl, cv2.TM_CCOEFF_NORMED)
          ^^^^^^^^^^^^^^^^^^^^^^^^^^^^^^^^^^^^^^^^^^^^^^^^^^^^^^^^^
cv2.error: OpenCV(4.11.0) D:\a\opencv-python\opencv-python\opencv\modules\imgproc\src\templmatch.cpp:1175: error: (-215:Assertion failed) _img.size().height <= _templ.size().height && _img.size().width <= _templ.size().width in function 'cv::matchTemplate'

ERROR:root:Error in loop
Traceback (most recent call last):
  File "C:\Users\xxsla\OneDrive\Desktop\bot\src\controller.py", line 20, in main_loop
    trees  = find_trees(gray)
             ^^^^^^^^^^^^^^^^
  File "C:\Users\xxsla\OneDrive\Desktop\bot\src\detector.py", line 24, in find_trees
    res = cv2.matchTemplate(screen_gray, tpl, cv2.TM_CCOEFF_NORMED)
          ^^^^^^^^^^^^^^^^^^^^^^^^^^^^^^^^^^^^^^^^^^^^^^^^^^^^^^^^^
cv2.error: OpenCV(4.11.0) D:\a\opencv-python\opencv-python\opencv\modules\imgproc\src\templmatch.cpp:1175: error: (-215:Assertion failed) _img.size().height <= _templ.size().height && _img.size().width <= _templ.size().width in function 'cv::matchTemplate'

ERROR:root:Error in loop
Traceback (most recent call last):
  File "C:\Users\xxsla\OneDrive\Desktop\bot\src\controller.py", line 20, in main_loop
    trees  = find_trees(gray)
             ^^^^^^^^^^^^^^^^
  File "C:\Users\xxsla\OneDrive\Desktop\bot\src\detector.py", line 24, in find_trees
    res = cv2.matchTemplate(screen_gray, tpl, cv2.TM_CCOEFF_NORMED)
          ^^^^^^^^^^^^^^^^^^^^^^^^^^^^^^^^^^^^^^^^^^^^^^^^^^^^^^^^^
cv2.error: OpenCV(4.11.0) D:\a\opencv-python\opencv-python\opencv\modules\imgproc\src\templmatch.cpp:1175: error: (-215:Assertion failed) _img.size().height <= _templ.size().height && _img.size().width <= _templ.size().width in function 'cv::matchTemplate'

ERROR:root:Error in loop
Traceback (most recent call last):
  File "C:\Users\xxsla\OneDrive\Desktop\bot\src\controller.py", line 20, in main_loop
    trees  = find_trees(gray)
             ^^^^^^^^^^^^^^^^
  File "C:\Users\xxsla\OneDrive\Desktop\bot\src\detector.py", line 24, in find_trees
    res = cv2.matchTemplate(screen_gray, tpl, cv2.TM_CCOEFF_NORMED)
          ^^^^^^^^^^^^^^^^^^^^^^^^^^^^^^^^^^^^^^^^^^^^^^^^^^^^^^^^^
cv2.error: OpenCV(4.11.0) D:\a\opencv-python\opencv-python\opencv\modules\imgproc\src\templmatch.cpp:1175: error: (-215:Assertion failed) _img.size().height <= _templ.size().height && _img.size().width <= _templ.size().width in function 'cv::matchTemplate'

ERROR:root:Error in loop
Traceback (most recent call last):
  File "C:\Users\xxsla\OneDrive\Desktop\bot\src\controller.py", line 20, in main_loop
    trees  = find_trees(gray)
             ^^^^^^^^^^^^^^^^
  File "C:\Users\xxsla\OneDrive\Desktop\bot\src\detector.py", line 24, in find_trees
    res = cv2.matchTemplate(screen_gray, tpl, cv2.TM_CCOEFF_NORMED)
          ^^^^^^^^^^^^^^^^^^^^^^^^^^^^^^^^^^^^^^^^^^^^^^^^^^^^^^^^^
cv2.error: OpenCV(4.11.0) D:\a\opencv-python\opencv-python\opencv\modules\imgproc\src\templmatch.cpp:1175: error: (-215:Assertion failed) _img.size().height <= _templ.size().height && _img.size().width <= _templ.size().width in function 'cv::matchTemplate'

ERROR:root:Error in loop
Traceback (most recent call last):
  File "C:\Users\xxsla\OneDrive\Desktop\bot\src\controller.py", line 20, in main_loop
    trees  = find_trees(gray)
             ^^^^^^^^^^^^^^^^
  File "C:\Users\xxsla\OneDrive\Desktop\bot\src\detector.py", line 24, in find_trees
    res = cv2.matchTemplate(screen_gray, tpl, cv2.TM_CCOEFF_NORMED)
          ^^^^^^^^^^^^^^^^^^^^^^^^^^^^^^^^^^^^^^^^^^^^^^^^^^^^^^^^^
cv2.error: OpenCV(4.11.0) D:\a\opencv-python\opencv-python\opencv\modules\imgproc\src\templmatch.cpp:1175: error: (-215:Assertion failed) _img.size().height <= _templ.size().height && _img.size().width <= _templ.size().width in function 'cv::matchTemplate'

ERROR:root:Error in loop
Traceback (most recent call last):
  File "C:\Users\xxsla\OneDrive\Desktop\bot\src\controller.py", line 20, in main_loop
    trees  = find_trees(gray)
             ^^^^^^^^^^^^^^^^
  File "C:\Users\xxsla\OneDrive\Desktop\bot\src\detector.py", line 24, in find_trees
    res = cv2.matchTemplate(screen_gray, tpl, cv2.TM_CCOEFF_NORMED)
          ^^^^^^^^^^^^^^^^^^^^^^^^^^^^^^^^^^^^^^^^^^^^^^^^^^^^^^^^^
cv2.error: OpenCV(4.11.0) D:\a\opencv-python\opencv-python\opencv\modules\imgproc\src\templmatch.cpp:1175: error: (-215:Assertion failed) _img.size().height <= _templ.size().height && _img.size().width <= _templ.size().width in function 'cv::matchTemplate'

ERROR:root:Error in loop
Traceback (most recent call last):
  File "C:\Users\xxsla\OneDrive\Desktop\bot\src\controller.py", line 20, in main_loop
    trees  = find_trees(gray)
             ^^^^^^^^^^^^^^^^
  File "C:\Users\xxsla\OneDrive\Desktop\bot\src\detector.py", line 24, in find_trees
    res = cv2.matchTemplate(screen_gray, tpl, cv2.TM_CCOEFF_NORMED)
          ^^^^^^^^^^^^^^^^^^^^^^^^^^^^^^^^^^^^^^^^^^^^^^^^^^^^^^^^^
cv2.error: OpenCV(4.11.0) D:\a\opencv-python\opencv-python\opencv\modules\imgproc\src\templmatch.cpp:1175: error: (-215:Assertion failed) _img.size().height <= _templ.size().height && _img.size().width <= _templ.size().width in function 'cv::matchTemplate'

ERROR:root:Error in loop
Traceback (most recent call last):
  File "C:\Users\xxsla\OneDrive\Desktop\bot\src\controller.py", line 20, in main_loop
    trees  = find_trees(gray)
             ^^^^^^^^^^^^^^^^
  File "C:\Users\xxsla\OneDrive\Desktop\bot\src\detector.py", line 24, in find_trees
    res = cv2.matchTemplate(screen_gray, tpl, cv2.TM_CCOEFF_NORMED)
          ^^^^^^^^^^^^^^^^^^^^^^^^^^^^^^^^^^^^^^^^^^^^^^^^^^^^^^^^^
cv2.error: OpenCV(4.11.0) D:\a\opencv-python\opencv-python\opencv\modules\imgproc\src\templmatch.cpp:1175: error: (-215:Assertion failed) _img.size().height <= _templ.size().height && _img.size().width <= _templ.size().width in function 'cv::matchTemplate'

ERROR:root:Error in loop
Traceback (most recent call last):
  File "C:\Users\xxsla\OneDrive\Desktop\bot\src\controller.py", line 20, in main_loop
    trees  = find_trees(gray)
             ^^^^^^^^^^^^^^^^
  File "C:\Users\xxsla\OneDrive\Desktop\bot\src\detector.py", line 24, in find_trees
    res = cv2.matchTemplate(screen_gray, tpl, cv2.TM_CCOEFF_NORMED)
          ^^^^^^^^^^^^^^^^^^^^^^^^^^^^^^^^^^^^^^^^^^^^^^^^^^^^^^^^^
cv2.error: OpenCV(4.11.0) D:\a\opencv-python\opencv-python\opencv\modules\imgproc\src\templmatch.cpp:1175: error: (-215:Assertion failed) _img.size().height <= _templ.size().height && _img.size().width <= _templ.size().width in function 'cv::matchTemplate'

ERROR:root:Error in loop
Traceback (most recent call last):
  File "C:\Users\xxsla\OneDrive\Desktop\bot\src\controller.py", line 20, in main_loop
    trees  = find_trees(gray)
             ^^^^^^^^^^^^^^^^
  File "C:\Users\xxsla\OneDrive\Desktop\bot\src\detector.py", line 24, in find_trees
    res = cv2.matchTemplate(screen_gray, tpl, cv2.TM_CCOEFF_NORMED)
          ^^^^^^^^^^^^^^^^^^^^^^^^^^^^^^^^^^^^^^^^^^^^^^^^^^^^^^^^^
cv2.error: OpenCV(4.11.0) D:\a\opencv-python\opencv-python\opencv\modules\imgproc\src\templmatch.cpp:1175: error: (-215:Assertion failed) _img.size().height <= _templ.size().height && _img.size().width <= _templ.size().width in function 'cv::matchTemplate'

ERROR:root:Error in loop
Traceback (most recent call last):
  File "C:\Users\xxsla\OneDrive\Desktop\bot\src\controller.py", line 20, in main_loop
    trees  = find_trees(gray)
             ^^^^^^^^^^^^^^^^
  File "C:\Users\xxsla\OneDrive\Desktop\bot\src\detector.py", line 24, in find_trees
    res = cv2.matchTemplate(screen_gray, tpl, cv2.TM_CCOEFF_NORMED)
          ^^^^^^^^^^^^^^^^^^^^^^^^^^^^^^^^^^^^^^^^^^^^^^^^^^^^^^^^^
cv2.error: OpenCV(4.11.0) D:\a\opencv-python\opencv-python\opencv\modules\imgproc\src\templmatch.cpp:1175: error: (-215:Assertion failed) _img.size().height <= _templ.size().height && _img.size().width <= _templ.size().width in function 'cv::matchTemplate'

ERROR:root:Error in loop
Traceback (most recent call last):
  File "C:\Users\xxsla\OneDrive\Desktop\bot\src\controller.py", line 20, in main_loop
    trees  = find_trees(gray)
             ^^^^^^^^^^^^^^^^
  File "C:\Users\xxsla\OneDrive\Desktop\bot\src\detector.py", line 24, in find_trees
    res = cv2.matchTemplate(screen_gray, tpl, cv2.TM_CCOEFF_NORMED)
          ^^^^^^^^^^^^^^^^^^^^^^^^^^^^^^^^^^^^^^^^^^^^^^^^^^^^^^^^^
cv2.error: OpenCV(4.11.0) D:\a\opencv-python\opencv-python\opencv\modules\imgproc\src\templmatch.cpp:1175: error: (-215:Assertion failed) _img.size().height <= _templ.size().height && _img.size().width <= _templ.size().width in function 'cv::matchTemplate'

ERROR:root:Error in loop
Traceback (most recent call last):
  File "C:\Users\xxsla\OneDrive\Desktop\bot\src\controller.py", line 20, in main_loop
    trees  = find_trees(gray)
             ^^^^^^^^^^^^^^^^
  File "C:\Users\xxsla\OneDrive\Desktop\bot\src\detector.py", line 24, in find_trees
    res = cv2.matchTemplate(screen_gray, tpl, cv2.TM_CCOEFF_NORMED)
          ^^^^^^^^^^^^^^^^^^^^^^^^^^^^^^^^^^^^^^^^^^^^^^^^^^^^^^^^^
cv2.error: OpenCV(4.11.0) D:\a\opencv-python\opencv-python\opencv\modules\imgproc\src\templmatch.cpp:1175: error: (-215:Assertion failed) _img.size().height <= _templ.size().height && _img.size().width <= _templ.size().width in function 'cv::matchTemplate'

ERROR:root:Error in loop
Traceback (most recent call last):
  File "C:\Users\xxsla\OneDrive\Desktop\bot\src\controller.py", line 20, in main_loop
    trees  = find_trees(gray)
             ^^^^^^^^^^^^^^^^
  File "C:\Users\xxsla\OneDrive\Desktop\bot\src\detector.py", line 24, in find_trees
    res = cv2.matchTemplate(screen_gray, tpl, cv2.TM_CCOEFF_NORMED)
          ^^^^^^^^^^^^^^^^^^^^^^^^^^^^^^^^^^^^^^^^^^^^^^^^^^^^^^^^^
cv2.error: OpenCV(4.11.0) D:\a\opencv-python\opencv-python\opencv\modules\imgproc\src\templmatch.cpp:1175: error: (-215:Assertion failed) _img.size().height <= _templ.size().height && _img.size().width <= _templ.size().width in function 'cv::matchTemplate'

ERROR:root:Error in loop
Traceback (most recent call last):
  File "C:\Users\xxsla\OneDrive\Desktop\bot\src\controller.py", line 20, in main_loop
    trees  = find_trees(gray)
             ^^^^^^^^^^^^^^^^
  File "C:\Users\xxsla\OneDrive\Desktop\bot\src\detector.py", line 24, in find_trees
    res = cv2.matchTemplate(screen_gray, tpl, cv2.TM_CCOEFF_NORMED)
          ^^^^^^^^^^^^^^^^^^^^^^^^^^^^^^^^^^^^^^^^^^^^^^^^^^^^^^^^^
cv2.error: OpenCV(4.11.0) D:\a\opencv-python\opencv-python\opencv\modules\imgproc\src\templmatch.cpp:1175: error: (-215:Assertion failed) _img.size().height <= _templ.size().height && _img.size().width <= _templ.size().width in function 'cv::matchTemplate'

ERROR:root:Error in loop
Traceback (most recent call last):
  File "C:\Users\xxsla\OneDrive\Desktop\bot\src\controller.py", line 20, in main_loop
    trees  = find_trees(gray)
             ^^^^^^^^^^^^^^^^
  File "C:\Users\xxsla\OneDrive\Desktop\bot\src\detector.py", line 24, in find_trees
    res = cv2.matchTemplate(screen_gray, tpl, cv2.TM_CCOEFF_NORMED)
          ^^^^^^^^^^^^^^^^^^^^^^^^^^^^^^^^^^^^^^^^^^^^^^^^^^^^^^^^^
cv2.error: OpenCV(4.11.0) D:\a\opencv-python\opencv-python\opencv\modules\imgproc\src\templmatch.cpp:1175: error: (-215:Assertion failed) _img.size().height <= _templ.size().height && _img.size().width <= _templ.size().width in function 'cv::matchTemplate'

ERROR:root:Error in loop
Traceback (most recent call last):
  File "C:\Users\xxsla\OneDrive\Desktop\bot\src\controller.py", line 20, in main_loop
    trees  = find_trees(gray)
             ^^^^^^^^^^^^^^^^
  File "C:\Users\xxsla\OneDrive\Desktop\bot\src\detector.py", line 24, in find_trees
    res = cv2.matchTemplate(screen_gray, tpl, cv2.TM_CCOEFF_NORMED)
          ^^^^^^^^^^^^^^^^^^^^^^^^^^^^^^^^^^^^^^^^^^^^^^^^^^^^^^^^^
cv2.error: OpenCV(4.11.0) D:\a\opencv-python\opencv-python\opencv\modules\imgproc\src\templmatch.cpp:1175: error: (-215:Assertion failed) _img.size().height <= _templ.size().height && _img.size().width <= _templ.size().width in function 'cv::matchTemplate'

ERROR:root:Error in loop
Traceback (most recent call last):
  File "C:\Users\xxsla\OneDrive\Desktop\bot\src\controller.py", line 20, in main_loop
    trees  = find_trees(gray)
             ^^^^^^^^^^^^^^^^
  File "C:\Users\xxsla\OneDrive\Desktop\bot\src\detector.py", line 24, in find_trees
    res = cv2.matchTemplate(screen_gray, tpl, cv2.TM_CCOEFF_NORMED)
          ^^^^^^^^^^^^^^^^^^^^^^^^^^^^^^^^^^^^^^^^^^^^^^^^^^^^^^^^^
cv2.error: OpenCV(4.11.0) D:\a\opencv-python\opencv-python\opencv\modules\imgproc\src\templmatch.cpp:1175: error: (-215:Assertion failed) _img.size().height <= _templ.size().height && _img.size().width <= _templ.size().width in function 'cv::matchTemplate'

ERROR:root:Error in loop
Traceback (most recent call last):
  File "C:\Users\xxsla\OneDrive\Desktop\bot\src\controller.py", line 20, in main_loop
    trees  = find_trees(gray)
             ^^^^^^^^^^^^^^^^
  File "C:\Users\xxsla\OneDrive\Desktop\bot\src\detector.py", line 24, in find_trees
    res = cv2.matchTemplate(screen_gray, tpl, cv2.TM_CCOEFF_NORMED)
          ^^^^^^^^^^^^^^^^^^^^^^^^^^^^^^^^^^^^^^^^^^^^^^^^^^^^^^^^^
cv2.error: OpenCV(4.11.0) D:\a\opencv-python\opencv-python\opencv\modules\imgproc\src\templmatch.cpp:1175: error: (-215:Assertion failed) _img.size().height <= _templ.size().height && _img.size().width <= _templ.size().width in function 'cv::matchTemplate'

ERROR:root:Error in loop
Traceback (most recent call last):
  File "C:\Users\xxsla\OneDrive\Desktop\bot\src\controller.py", line 20, in main_loop
    trees  = find_trees(gray)
             ^^^^^^^^^^^^^^^^
  File "C:\Users\xxsla\OneDrive\Desktop\bot\src\detector.py", line 24, in find_trees
    res = cv2.matchTemplate(screen_gray, tpl, cv2.TM_CCOEFF_NORMED)
          ^^^^^^^^^^^^^^^^^^^^^^^^^^^^^^^^^^^^^^^^^^^^^^^^^^^^^^^^^
cv2.error: OpenCV(4.11.0) D:\a\opencv-python\opencv-python\opencv\modules\imgproc\src\templmatch.cpp:1175: error: (-215:Assertion failed) _img.size().height <= _templ.size().height && _img.size().width <= _templ.size().width in function 'cv::matchTemplate'

ERROR:root:Error in loop
Traceback (most recent call last):
  File "C:\Users\xxsla\OneDrive\Desktop\bot\src\controller.py", line 20, in main_loop
    trees  = find_trees(gray)
             ^^^^^^^^^^^^^^^^
  File "C:\Users\xxsla\OneDrive\Desktop\bot\src\detector.py", line 24, in find_trees
    res = cv2.matchTemplate(screen_gray, tpl, cv2.TM_CCOEFF_NORMED)
          ^^^^^^^^^^^^^^^^^^^^^^^^^^^^^^^^^^^^^^^^^^^^^^^^^^^^^^^^^
cv2.error: OpenCV(4.11.0) D:\a\opencv-python\opencv-python\opencv\modules\imgproc\src\templmatch.cpp:1175: error: (-215:Assertion failed) _img.size().height <= _templ.size().height && _img.size().width <= _templ.size().width in function 'cv::matchTemplate'

ERROR:root:Error in loop
Traceback (most recent call last):
  File "C:\Users\xxsla\OneDrive\Desktop\bot\src\controller.py", line 20, in main_loop
    trees  = find_trees(gray)
             ^^^^^^^^^^^^^^^^
  File "C:\Users\xxsla\OneDrive\Desktop\bot\src\detector.py", line 24, in find_trees
    res = cv2.matchTemplate(screen_gray, tpl, cv2.TM_CCOEFF_NORMED)
          ^^^^^^^^^^^^^^^^^^^^^^^^^^^^^^^^^^^^^^^^^^^^^^^^^^^^^^^^^
cv2.error: OpenCV(4.11.0) D:\a\opencv-python\opencv-python\opencv\modules\imgproc\src\templmatch.cpp:1175: error: (-215:Assertion failed) _img.size().height <= _templ.size().height && _img.size().width <= _templ.size().width in function 'cv::matchTemplate'

ERROR:root:Error in loop
Traceback (most recent call last):
  File "C:\Users\xxsla\OneDrive\Desktop\bot\src\controller.py", line 20, in main_loop
    trees  = find_trees(gray)
             ^^^^^^^^^^^^^^^^
  File "C:\Users\xxsla\OneDrive\Desktop\bot\src\detector.py", line 24, in find_trees
    res = cv2.matchTemplate(screen_gray, tpl, cv2.TM_CCOEFF_NORMED)
          ^^^^^^^^^^^^^^^^^^^^^^^^^^^^^^^^^^^^^^^^^^^^^^^^^^^^^^^^^
cv2.error: OpenCV(4.11.0) D:\a\opencv-python\opencv-python\opencv\modules\imgproc\src\templmatch.cpp:1175: error: (-215:Assertion failed) _img.size().height <= _templ.size().height && _img.size().width <= _templ.size().width in function 'cv::matchTemplate'

ERROR:root:Error in loop
Traceback (most recent call last):
  File "C:\Users\xxsla\OneDrive\Desktop\bot\src\controller.py", line 20, in main_loop
    trees  = find_trees(gray)
             ^^^^^^^^^^^^^^^^
  File "C:\Users\xxsla\OneDrive\Desktop\bot\src\detector.py", line 24, in find_trees
    res = cv2.matchTemplate(screen_gray, tpl, cv2.TM_CCOEFF_NORMED)
          ^^^^^^^^^^^^^^^^^^^^^^^^^^^^^^^^^^^^^^^^^^^^^^^^^^^^^^^^^
cv2.error: OpenCV(4.11.0) D:\a\opencv-python\opencv-python\opencv\modules\imgproc\src\templmatch.cpp:1175: error: (-215:Assertion failed) _img.size().height <= _templ.size().height && _img.size().width <= _templ.size().width in function 'cv::matchTemplate'

ERROR:root:Error in loop
Traceback (most recent call last):
  File "C:\Users\xxsla\OneDrive\Desktop\bot\src\controller.py", line 20, in main_loop
    trees  = find_trees(gray)
             ^^^^^^^^^^^^^^^^
  File "C:\Users\xxsla\OneDrive\Desktop\bot\src\detector.py", line 24, in find_trees
    res = cv2.matchTemplate(screen_gray, tpl, cv2.TM_CCOEFF_NORMED)
          ^^^^^^^^^^^^^^^^^^^^^^^^^^^^^^^^^^^^^^^^^^^^^^^^^^^^^^^^^
cv2.error: OpenCV(4.11.0) D:\a\opencv-python\opencv-python\opencv\modules\imgproc\src\templmatch.cpp:1175: error: (-215:Assertion failed) _img.size().height <= _templ.size().height && _img.size().width <= _templ.size().width in function 'cv::matchTemplate'

ERROR:root:Error in loop
Traceback (most recent call last):
  File "C:\Users\xxsla\OneDrive\Desktop\bot\src\controller.py", line 20, in main_loop
    trees  = find_trees(gray)
             ^^^^^^^^^^^^^^^^
  File "C:\Users\xxsla\OneDrive\Desktop\bot\src\detector.py", line 24, in find_trees
    res = cv2.matchTemplate(screen_gray, tpl, cv2.TM_CCOEFF_NORMED)
          ^^^^^^^^^^^^^^^^^^^^^^^^^^^^^^^^^^^^^^^^^^^^^^^^^^^^^^^^^
cv2.error: OpenCV(4.11.0) D:\a\opencv-python\opencv-python\opencv\modules\imgproc\src\templmatch.cpp:1175: error: (-215:Assertion failed) _img.size().height <= _templ.size().height && _img.size().width <= _templ.size().width in function 'cv::matchTemplate'

ERROR:root:Error in loop
Traceback (most recent call last):
  File "C:\Users\xxsla\OneDrive\Desktop\bot\src\controller.py", line 20, in main_loop
    trees  = find_trees(gray)
             ^^^^^^^^^^^^^^^^
  File "C:\Users\xxsla\OneDrive\Desktop\bot\src\detector.py", line 24, in find_trees
    res = cv2.matchTemplate(screen_gray, tpl, cv2.TM_CCOEFF_NORMED)
          ^^^^^^^^^^^^^^^^^^^^^^^^^^^^^^^^^^^^^^^^^^^^^^^^^^^^^^^^^
cv2.error: OpenCV(4.11.0) D:\a\opencv-python\opencv-python\opencv\modules\imgproc\src\templmatch.cpp:1175: error: (-215:Assertion failed) _img.size().height <= _templ.size().height && _img.size().width <= _templ.size().width in function 'cv::matchTemplate'

ERROR:root:Error in loop
Traceback (most recent call last):
  File "C:\Users\xxsla\OneDrive\Desktop\bot\src\controller.py", line 20, in main_loop
    trees  = find_trees(gray)
             ^^^^^^^^^^^^^^^^
  File "C:\Users\xxsla\OneDrive\Desktop\bot\src\detector.py", line 24, in find_trees
    res = cv2.matchTemplate(screen_gray, tpl, cv2.TM_CCOEFF_NORMED)
          ^^^^^^^^^^^^^^^^^^^^^^^^^^^^^^^^^^^^^^^^^^^^^^^^^^^^^^^^^
cv2.error: OpenCV(4.11.0) D:\a\opencv-python\opencv-python\opencv\modules\imgproc\src\templmatch.cpp:1175: error: (-215:Assertion failed) _img.size().height <= _templ.size().height && _img.size().width <= _templ.size().width in function 'cv::matchTemplate'

ERROR:root:Error in loop
Traceback (most recent call last):
  File "C:\Users\xxsla\OneDrive\Desktop\bot\src\controller.py", line 20, in main_loop
    trees  = find_trees(gray)
             ^^^^^^^^^^^^^^^^
  File "C:\Users\xxsla\OneDrive\Desktop\bot\src\detector.py", line 24, in find_trees
    res = cv2.matchTemplate(screen_gray, tpl, cv2.TM_CCOEFF_NORMED)
          ^^^^^^^^^^^^^^^^^^^^^^^^^^^^^^^^^^^^^^^^^^^^^^^^^^^^^^^^^
cv2.error: OpenCV(4.11.0) D:\a\opencv-python\opencv-python\opencv\modules\imgproc\src\templmatch.cpp:1175: error: (-215:Assertion failed) _img.size().height <= _templ.size().height && _img.size().width <= _templ.size().width in function 'cv::matchTemplate'

ERROR:root:Error in loop
Traceback (most recent call last):
  File "C:\Users\xxsla\OneDrive\Desktop\bot\src\controller.py", line 20, in main_loop
    trees  = find_trees(gray)
             ^^^^^^^^^^^^^^^^
  File "C:\Users\xxsla\OneDrive\Desktop\bot\src\detector.py", line 24, in find_trees
    res = cv2.matchTemplate(screen_gray, tpl, cv2.TM_CCOEFF_NORMED)
          ^^^^^^^^^^^^^^^^^^^^^^^^^^^^^^^^^^^^^^^^^^^^^^^^^^^^^^^^^
cv2.error: OpenCV(4.11.0) D:\a\opencv-python\opencv-python\opencv\modules\imgproc\src\templmatch.cpp:1175: error: (-215:Assertion failed) _img.size().height <= _templ.size().height && _img.size().width <= _templ.size().width in function 'cv::matchTemplate'

ERROR:root:Error in loop
Traceback (most recent call last):
  File "C:\Users\xxsla\OneDrive\Desktop\bot\src\controller.py", line 20, in main_loop
    trees  = find_trees(gray)
             ^^^^^^^^^^^^^^^^
  File "C:\Users\xxsla\OneDrive\Desktop\bot\src\detector.py", line 24, in find_trees
    res = cv2.matchTemplate(screen_gray, tpl, cv2.TM_CCOEFF_NORMED)
          ^^^^^^^^^^^^^^^^^^^^^^^^^^^^^^^^^^^^^^^^^^^^^^^^^^^^^^^^^
cv2.error: OpenCV(4.11.0) D:\a\opencv-python\opencv-python\opencv\modules\imgproc\src\templmatch.cpp:1175: error: (-215:Assertion failed) _img.size().height <= _templ.size().height && _img.size().width <= _templ.size().width in function 'cv::matchTemplate'

ERROR:root:Error in loop
Traceback (most recent call last):
  File "C:\Users\xxsla\OneDrive\Desktop\bot\src\controller.py", line 20, in main_loop
    trees  = find_trees(gray)
             ^^^^^^^^^^^^^^^^
  File "C:\Users\xxsla\OneDrive\Desktop\bot\src\detector.py", line 24, in find_trees
    res = cv2.matchTemplate(screen_gray, tpl, cv2.TM_CCOEFF_NORMED)
          ^^^^^^^^^^^^^^^^^^^^^^^^^^^^^^^^^^^^^^^^^^^^^^^^^^^^^^^^^
cv2.error: OpenCV(4.11.0) D:\a\opencv-python\opencv-python\opencv\modules\imgproc\src\templmatch.cpp:1175: error: (-215:Assertion failed) _img.size().height <= _templ.size().height && _img.size().width <= _templ.size().width in function 'cv::matchTemplate'

ERROR:root:Error in loop
Traceback (most recent call last):
  File "C:\Users\xxsla\OneDrive\Desktop\bot\src\controller.py", line 20, in main_loop
    trees  = find_trees(gray)
             ^^^^^^^^^^^^^^^^
  File "C:\Users\xxsla\OneDrive\Desktop\bot\src\detector.py", line 24, in find_trees
    res = cv2.matchTemplate(screen_gray, tpl, cv2.TM_CCOEFF_NORMED)
          ^^^^^^^^^^^^^^^^^^^^^^^^^^^^^^^^^^^^^^^^^^^^^^^^^^^^^^^^^
cv2.error: OpenCV(4.11.0) D:\a\opencv-python\opencv-python\opencv\modules\imgproc\src\templmatch.cpp:1175: error: (-215:Assertion failed) _img.size().height <= _templ.size().height && _img.size().width <= _templ.size().width in function 'cv::matchTemplate'

ERROR:root:Error in loop
Traceback (most recent call last):
  File "C:\Users\xxsla\OneDrive\Desktop\bot\src\controller.py", line 20, in main_loop
    trees  = find_trees(gray)
             ^^^^^^^^^^^^^^^^
  File "C:\Users\xxsla\OneDrive\Desktop\bot\src\detector.py", line 24, in find_trees
    res = cv2.matchTemplate(screen_gray, tpl, cv2.TM_CCOEFF_NORMED)
          ^^^^^^^^^^^^^^^^^^^^^^^^^^^^^^^^^^^^^^^^^^^^^^^^^^^^^^^^^
cv2.error: OpenCV(4.11.0) D:\a\opencv-python\opencv-python\opencv\modules\imgproc\src\templmatch.cpp:1175: error: (-215:Assertion failed) _img.size().height <= _templ.size().height && _img.size().width <= _templ.size().width in function 'cv::matchTemplate'

ERROR:root:Error in loop
Traceback (most recent call last):
  File "C:\Users\xxsla\OneDrive\Desktop\bot\src\controller.py", line 20, in main_loop
    trees  = find_trees(gray)
             ^^^^^^^^^^^^^^^^
  File "C:\Users\xxsla\OneDrive\Desktop\bot\src\detector.py", line 24, in find_trees
    res = cv2.matchTemplate(screen_gray, tpl, cv2.TM_CCOEFF_NORMED)
          ^^^^^^^^^^^^^^^^^^^^^^^^^^^^^^^^^^^^^^^^^^^^^^^^^^^^^^^^^
cv2.error: OpenCV(4.11.0) D:\a\opencv-python\opencv-python\opencv\modules\imgproc\src\templmatch.cpp:1175: error: (-215:Assertion failed) _img.size().height <= _templ.size().height && _img.size().width <= _templ.size().width in function 'cv::matchTemplate'

ERROR:root:Error in loop
Traceback (most recent call last):
  File "C:\Users\xxsla\OneDrive\Desktop\bot\src\controller.py", line 20, in main_loop
    trees  = find_trees(gray)
             ^^^^^^^^^^^^^^^^
  File "C:\Users\xxsla\OneDrive\Desktop\bot\src\detector.py", line 24, in find_trees
    res = cv2.matchTemplate(screen_gray, tpl, cv2.TM_CCOEFF_NORMED)
          ^^^^^^^^^^^^^^^^^^^^^^^^^^^^^^^^^^^^^^^^^^^^^^^^^^^^^^^^^
cv2.error: OpenCV(4.11.0) D:\a\opencv-python\opencv-python\opencv\modules\imgproc\src\templmatch.cpp:1175: error: (-215:Assertion failed) _img.size().height <= _templ.size().height && _img.size().width <= _templ.size().width in function 'cv::matchTemplate'

ERROR:root:Error in loop
Traceback (most recent call last):
  File "C:\Users\xxsla\OneDrive\Desktop\bot\src\controller.py", line 20, in main_loop
    trees  = find_trees(gray)
             ^^^^^^^^^^^^^^^^
  File "C:\Users\xxsla\OneDrive\Desktop\bot\src\detector.py", line 24, in find_trees
    res = cv2.matchTemplate(screen_gray, tpl, cv2.TM_CCOEFF_NORMED)
          ^^^^^^^^^^^^^^^^^^^^^^^^^^^^^^^^^^^^^^^^^^^^^^^^^^^^^^^^^
cv2.error: OpenCV(4.11.0) D:\a\opencv-python\opencv-python\opencv\modules\imgproc\src\templmatch.cpp:1175: error: (-215:Assertion failed) _img.size().height <= _templ.size().height && _img.size().width <= _templ.size().width in function 'cv::matchTemplate'

ERROR:root:Error in loop
Traceback (most recent call last):
  File "C:\Users\xxsla\OneDrive\Desktop\bot\src\controller.py", line 20, in main_loop
    trees  = find_trees(gray)
             ^^^^^^^^^^^^^^^^
  File "C:\Users\xxsla\OneDrive\Desktop\bot\src\detector.py", line 24, in find_trees
    res = cv2.matchTemplate(screen_gray, tpl, cv2.TM_CCOEFF_NORMED)
          ^^^^^^^^^^^^^^^^^^^^^^^^^^^^^^^^^^^^^^^^^^^^^^^^^^^^^^^^^
cv2.error: OpenCV(4.11.0) D:\a\opencv-python\opencv-python\opencv\modules\imgproc\src\templmatch.cpp:1175: error: (-215:Assertion failed) _img.size().height <= _templ.size().height && _img.size().width <= _templ.size().width in function 'cv::matchTemplate'

ERROR:root:Error in loop
Traceback (most recent call last):
  File "C:\Users\xxsla\OneDrive\Desktop\bot\src\controller.py", line 20, in main_loop
    trees  = find_trees(gray)
             ^^^^^^^^^^^^^^^^
  File "C:\Users\xxsla\OneDrive\Desktop\bot\src\detector.py", line 24, in find_trees
    res = cv2.matchTemplate(screen_gray, tpl, cv2.TM_CCOEFF_NORMED)
          ^^^^^^^^^^^^^^^^^^^^^^^^^^^^^^^^^^^^^^^^^^^^^^^^^^^^^^^^^
cv2.error: OpenCV(4.11.0) D:\a\opencv-python\opencv-python\opencv\modules\imgproc\src\templmatch.cpp:1175: error: (-215:Assertion failed) _img.size().height <= _templ.size().height && _img.size().width <= _templ.size().width in function 'cv::matchTemplate'

ERROR:root:Error in loop
Traceback (most recent call last):
  File "C:\Users\xxsla\OneDrive\Desktop\bot\src\controller.py", line 20, in main_loop
    trees  = find_trees(gray)
             ^^^^^^^^^^^^^^^^
  File "C:\Users\xxsla\OneDrive\Desktop\bot\src\detector.py", line 24, in find_trees
    res = cv2.matchTemplate(screen_gray, tpl, cv2.TM_CCOEFF_NORMED)
          ^^^^^^^^^^^^^^^^^^^^^^^^^^^^^^^^^^^^^^^^^^^^^^^^^^^^^^^^^
cv2.error: OpenCV(4.11.0) D:\a\opencv-python\opencv-python\opencv\modules\imgproc\src\templmatch.cpp:1175: error: (-215:Assertion failed) _img.size().height <= _templ.size().height && _img.size().width <= _templ.size().width in function 'cv::matchTemplate'

ERROR:root:Error in loop
Traceback (most recent call last):
  File "C:\Users\xxsla\OneDrive\Desktop\bot\src\controller.py", line 20, in main_loop
    trees  = find_trees(gray)
             ^^^^^^^^^^^^^^^^
  File "C:\Users\xxsla\OneDrive\Desktop\bot\src\detector.py", line 24, in find_trees
    res = cv2.matchTemplate(screen_gray, tpl, cv2.TM_CCOEFF_NORMED)
          ^^^^^^^^^^^^^^^^^^^^^^^^^^^^^^^^^^^^^^^^^^^^^^^^^^^^^^^^^
cv2.error: OpenCV(4.11.0) D:\a\opencv-python\opencv-python\opencv\modules\imgproc\src\templmatch.cpp:1175: error: (-215:Assertion failed) _img.size().height <= _templ.size().height && _img.size().width <= _templ.size().width in function 'cv::matchTemplate'

ERROR:root:Error in loop
Traceback (most recent call last):
  File "C:\Users\xxsla\OneDrive\Desktop\bot\src\controller.py", line 20, in main_loop
    trees  = find_trees(gray)
             ^^^^^^^^^^^^^^^^
  File "C:\Users\xxsla\OneDrive\Desktop\bot\src\detector.py", line 24, in find_trees
    res = cv2.matchTemplate(screen_gray, tpl, cv2.TM_CCOEFF_NORMED)
          ^^^^^^^^^^^^^^^^^^^^^^^^^^^^^^^^^^^^^^^^^^^^^^^^^^^^^^^^^
cv2.error: OpenCV(4.11.0) D:\a\opencv-python\opencv-python\opencv\modules\imgproc\src\templmatch.cpp:1175: error: (-215:Assertion failed) _img.size().height <= _templ.size().height && _img.size().width <= _templ.size().width in function 'cv::matchTemplate'

ERROR:root:Error in loop
Traceback (most recent call last):
  File "C:\Users\xxsla\OneDrive\Desktop\bot\src\controller.py", line 20, in main_loop
    trees  = find_trees(gray)
             ^^^^^^^^^^^^^^^^
  File "C:\Users\xxsla\OneDrive\Desktop\bot\src\detector.py", line 24, in find_trees
    res = cv2.matchTemplate(screen_gray, tpl, cv2.TM_CCOEFF_NORMED)
          ^^^^^^^^^^^^^^^^^^^^^^^^^^^^^^^^^^^^^^^^^^^^^^^^^^^^^^^^^
cv2.error: OpenCV(4.11.0) D:\a\opencv-python\opencv-python\opencv\modules\imgproc\src\templmatch.cpp:1175: error: (-215:Assertion failed) _img.size().height <= _templ.size().height && _img.size().width <= _templ.size().width in function 'cv::matchTemplate'

ERROR:root:Error in loop
Traceback (most recent call last):
  File "C:\Users\xxsla\OneDrive\Desktop\bot\src\controller.py", line 20, in main_loop
    trees  = find_trees(gray)
             ^^^^^^^^^^^^^^^^
  File "C:\Users\xxsla\OneDrive\Desktop\bot\src\detector.py", line 24, in find_trees
    res = cv2.matchTemplate(screen_gray, tpl, cv2.TM_CCOEFF_NORMED)
          ^^^^^^^^^^^^^^^^^^^^^^^^^^^^^^^^^^^^^^^^^^^^^^^^^^^^^^^^^
cv2.error: OpenCV(4.11.0) D:\a\opencv-python\opencv-python\opencv\modules\imgproc\src\templmatch.cpp:1175: error: (-215:Assertion failed) _img.size().height <= _templ.size().height && _img.size().width <= _templ.size().width in function 'cv::matchTemplate'

ERROR:root:Error in loop
Traceback (most recent call last):
  File "C:\Users\xxsla\OneDrive\Desktop\bot\src\controller.py", line 20, in main_loop
    trees  = find_trees(gray)
             ^^^^^^^^^^^^^^^^
  File "C:\Users\xxsla\OneDrive\Desktop\bot\src\detector.py", line 24, in find_trees
    res = cv2.matchTemplate(screen_gray, tpl, cv2.TM_CCOEFF_NORMED)
          ^^^^^^^^^^^^^^^^^^^^^^^^^^^^^^^^^^^^^^^^^^^^^^^^^^^^^^^^^
cv2.error: OpenCV(4.11.0) D:\a\opencv-python\opencv-python\opencv\modules\imgproc\src\templmatch.cpp:1175: error: (-215:Assertion failed) _img.size().height <= _templ.size().height && _img.size().width <= _templ.size().width in function 'cv::matchTemplate'

ERROR:root:Error in loop
Traceback (most recent call last):
  File "C:\Users\xxsla\OneDrive\Desktop\bot\src\controller.py", line 20, in main_loop
    trees  = find_trees(gray)
             ^^^^^^^^^^^^^^^^
  File "C:\Users\xxsla\OneDrive\Desktop\bot\src\detector.py", line 24, in find_trees
    res = cv2.matchTemplate(screen_gray, tpl, cv2.TM_CCOEFF_NORMED)
          ^^^^^^^^^^^^^^^^^^^^^^^^^^^^^^^^^^^^^^^^^^^^^^^^^^^^^^^^^
cv2.error: OpenCV(4.11.0) D:\a\opencv-python\opencv-python\opencv\modules\imgproc\src\templmatch.cpp:1175: error: (-215:Assertion failed) _img.size().height <= _templ.size().height && _img.size().width <= _templ.size().width in function 'cv::matchTemplate'

ERROR:root:Error in loop
Traceback (most recent call last):
  File "C:\Users\xxsla\OneDrive\Desktop\bot\src\controller.py", line 20, in main_loop
    trees  = find_trees(gray)
             ^^^^^^^^^^^^^^^^
  File "C:\Users\xxsla\OneDrive\Desktop\bot\src\detector.py", line 24, in find_trees
    res = cv2.matchTemplate(screen_gray, tpl, cv2.TM_CCOEFF_NORMED)
          ^^^^^^^^^^^^^^^^^^^^^^^^^^^^^^^^^^^^^^^^^^^^^^^^^^^^^^^^^
cv2.error: OpenCV(4.11.0) D:\a\opencv-python\opencv-python\opencv\modules\imgproc\src\templmatch.cpp:1175: error: (-215:Assertion failed) _img.size().height <= _templ.size().height && _img.size().width <= _templ.size().width in function 'cv::matchTemplate'

ERROR:root:Error in loop
Traceback (most recent call last):
  File "C:\Users\xxsla\OneDrive\Desktop\bot\src\controller.py", line 20, in main_loop
    trees  = find_trees(gray)
             ^^^^^^^^^^^^^^^^
  File "C:\Users\xxsla\OneDrive\Desktop\bot\src\detector.py", line 24, in find_trees
    res = cv2.matchTemplate(screen_gray, tpl, cv2.TM_CCOEFF_NORMED)
          ^^^^^^^^^^^^^^^^^^^^^^^^^^^^^^^^^^^^^^^^^^^^^^^^^^^^^^^^^
cv2.error: OpenCV(4.11.0) D:\a\opencv-python\opencv-python\opencv\modules\imgproc\src\templmatch.cpp:1175: error: (-215:Assertion failed) _img.size().height <= _templ.size().height && _img.size().width <= _templ.size().width in function 'cv::matchTemplate'

ERROR:root:Error in loop
Traceback (most recent call last):
  File "C:\Users\xxsla\OneDrive\Desktop\bot\src\controller.py", line 20, in main_loop
    trees  = find_trees(gray)
             ^^^^^^^^^^^^^^^^
  File "C:\Users\xxsla\OneDrive\Desktop\bot\src\detector.py", line 24, in find_trees
    res = cv2.matchTemplate(screen_gray, tpl, cv2.TM_CCOEFF_NORMED)
          ^^^^^^^^^^^^^^^^^^^^^^^^^^^^^^^^^^^^^^^^^^^^^^^^^^^^^^^^^
cv2.error: OpenCV(4.11.0) D:\a\opencv-python\opencv-python\opencv\modules\imgproc\src\templmatch.cpp:1175: error: (-215:Assertion failed) _img.size().height <= _templ.size().height && _img.size().width <= _templ.size().width in function 'cv::matchTemplate'

ERROR:root:Error in loop
Traceback (most recent call last):
  File "C:\Users\xxsla\OneDrive\Desktop\bot\src\controller.py", line 20, in main_loop
    trees  = find_trees(gray)
             ^^^^^^^^^^^^^^^^
  File "C:\Users\xxsla\OneDrive\Desktop\bot\src\detector.py", line 24, in find_trees
    res = cv2.matchTemplate(screen_gray, tpl, cv2.TM_CCOEFF_NORMED)
          ^^^^^^^^^^^^^^^^^^^^^^^^^^^^^^^^^^^^^^^^^^^^^^^^^^^^^^^^^
cv2.error: OpenCV(4.11.0) D:\a\opencv-python\opencv-python\opencv\modules\imgproc\src\templmatch.cpp:1175: error: (-215:Assertion failed) _img.size().height <= _templ.size().height && _img.size().width <= _templ.size().width in function 'cv::matchTemplate'

ERROR:root:Error in loop
Traceback (most recent call last):
  File "C:\Users\xxsla\OneDrive\Desktop\bot\src\controller.py", line 20, in main_loop
    trees  = find_trees(gray)
             ^^^^^^^^^^^^^^^^
  File "C:\Users\xxsla\OneDrive\Desktop\bot\src\detector.py", line 24, in find_trees
    res = cv2.matchTemplate(screen_gray, tpl, cv2.TM_CCOEFF_NORMED)
          ^^^^^^^^^^^^^^^^^^^^^^^^^^^^^^^^^^^^^^^^^^^^^^^^^^^^^^^^^
cv2.error: OpenCV(4.11.0) D:\a\opencv-python\opencv-python\opencv\modules\imgproc\src\templmatch.cpp:1175: error: (-215:Assertion failed) _img.size().height <= _templ.size().height && _img.size().width <= _templ.size().width in function 'cv::matchTemplate'

ERROR:root:Error in loop
Traceback (most recent call last):
  File "C:\Users\xxsla\OneDrive\Desktop\bot\src\controller.py", line 20, in main_loop
    trees  = find_trees(gray)
             ^^^^^^^^^^^^^^^^
  File "C:\Users\xxsla\OneDrive\Desktop\bot\src\detector.py", line 24, in find_trees
    res = cv2.matchTemplate(screen_gray, tpl, cv2.TM_CCOEFF_NORMED)
          ^^^^^^^^^^^^^^^^^^^^^^^^^^^^^^^^^^^^^^^^^^^^^^^^^^^^^^^^^
cv2.error: OpenCV(4.11.0) D:\a\opencv-python\opencv-python\opencv\modules\imgproc\src\templmatch.cpp:1175: error: (-215:Assertion failed) _img.size().height <= _templ.size().height && _img.size().width <= _templ.size().width in function 'cv::matchTemplate'

ERROR:root:Error in loop
Traceback (most recent call last):
  File "C:\Users\xxsla\OneDrive\Desktop\bot\src\controller.py", line 20, in main_loop
    trees  = find_trees(gray)
             ^^^^^^^^^^^^^^^^
  File "C:\Users\xxsla\OneDrive\Desktop\bot\src\detector.py", line 24, in find_trees
    res = cv2.matchTemplate(screen_gray, tpl, cv2.TM_CCOEFF_NORMED)
          ^^^^^^^^^^^^^^^^^^^^^^^^^^^^^^^^^^^^^^^^^^^^^^^^^^^^^^^^^
cv2.error: OpenCV(4.11.0) D:\a\opencv-python\opencv-python\opencv\modules\imgproc\src\templmatch.cpp:1175: error: (-215:Assertion failed) _img.size().height <= _templ.size().height && _img.size().width <= _templ.size().width in function 'cv::matchTemplate'

ERROR:root:Error in loop
Traceback (most recent call last):
  File "C:\Users\xxsla\OneDrive\Desktop\bot\src\controller.py", line 20, in main_loop
    trees  = find_trees(gray)
             ^^^^^^^^^^^^^^^^
  File "C:\Users\xxsla\OneDrive\Desktop\bot\src\detector.py", line 24, in find_trees
    res = cv2.matchTemplate(screen_gray, tpl, cv2.TM_CCOEFF_NORMED)
          ^^^^^^^^^^^^^^^^^^^^^^^^^^^^^^^^^^^^^^^^^^^^^^^^^^^^^^^^^
cv2.error: OpenCV(4.11.0) D:\a\opencv-python\opencv-python\opencv\modules\imgproc\src\templmatch.cpp:1175: error: (-215:Assertion failed) _img.size().height <= _templ.size().height && _img.size().width <= _templ.size().width in function 'cv::matchTemplate'

ERROR:root:Error in loop
Traceback (most recent call last):
  File "C:\Users\xxsla\OneDrive\Desktop\bot\src\controller.py", line 20, in main_loop
    trees  = find_trees(gray)
             ^^^^^^^^^^^^^^^^
  File "C:\Users\xxsla\OneDrive\Desktop\bot\src\detector.py", line 24, in find_trees
    res = cv2.matchTemplate(screen_gray, tpl, cv2.TM_CCOEFF_NORMED)
          ^^^^^^^^^^^^^^^^^^^^^^^^^^^^^^^^^^^^^^^^^^^^^^^^^^^^^^^^^
cv2.error: OpenCV(4.11.0) D:\a\opencv-python\opencv-python\opencv\modules\imgproc\src\templmatch.cpp:1175: error: (-215:Assertion failed) _img.size().height <= _templ.size().height && _img.size().width <= _templ.size().width in function 'cv::matchTemplate'

ERROR:root:Error in loop
Traceback (most recent call last):
  File "C:\Users\xxsla\OneDrive\Desktop\bot\src\controller.py", line 20, in main_loop
    trees  = find_trees(gray)
             ^^^^^^^^^^^^^^^^
  File "C:\Users\xxsla\OneDrive\Desktop\bot\src\detector.py", line 24, in find_trees
    res = cv2.matchTemplate(screen_gray, tpl, cv2.TM_CCOEFF_NORMED)
          ^^^^^^^^^^^^^^^^^^^^^^^^^^^^^^^^^^^^^^^^^^^^^^^^^^^^^^^^^
cv2.error: OpenCV(4.11.0) D:\a\opencv-python\opencv-python\opencv\modules\imgproc\src\templmatch.cpp:1175: error: (-215:Assertion failed) _img.size().height <= _templ.size().height && _img.size().width <= _templ.size().width in function 'cv::matchTemplate'

ERROR:root:Error in loop
Traceback (most recent call last):
  File "C:\Users\xxsla\OneDrive\Desktop\bot\src\controller.py", line 20, in main_loop
    trees  = find_trees(gray)
             ^^^^^^^^^^^^^^^^
  File "C:\Users\xxsla\OneDrive\Desktop\bot\src\detector.py", line 24, in find_trees
    res = cv2.matchTemplate(screen_gray, tpl, cv2.TM_CCOEFF_NORMED)
          ^^^^^^^^^^^^^^^^^^^^^^^^^^^^^^^^^^^^^^^^^^^^^^^^^^^^^^^^^
cv2.error: OpenCV(4.11.0) D:\a\opencv-python\opencv-python\opencv\modules\imgproc\src\templmatch.cpp:1175: error: (-215:Assertion failed) _img.size().height <= _templ.size().height && _img.size().width <= _templ.size().width in function 'cv::matchTemplate'

ERROR:root:Error in loop
Traceback (most recent call last):
  File "C:\Users\xxsla\OneDrive\Desktop\bot\src\controller.py", line 20, in main_loop
    trees  = find_trees(gray)
             ^^^^^^^^^^^^^^^^
  File "C:\Users\xxsla\OneDrive\Desktop\bot\src\detector.py", line 24, in find_trees
    res = cv2.matchTemplate(screen_gray, tpl, cv2.TM_CCOEFF_NORMED)
          ^^^^^^^^^^^^^^^^^^^^^^^^^^^^^^^^^^^^^^^^^^^^^^^^^^^^^^^^^
cv2.error: OpenCV(4.11.0) D:\a\opencv-python\opencv-python\opencv\modules\imgproc\src\templmatch.cpp:1175: error: (-215:Assertion failed) _img.size().height <= _templ.size().height && _img.size().width <= _templ.size().width in function 'cv::matchTemplate'

ERROR:root:Error in loop
Traceback (most recent call last):
  File "C:\Users\xxsla\OneDrive\Desktop\bot\src\controller.py", line 20, in main_loop
    trees  = find_trees(gray)
             ^^^^^^^^^^^^^^^^
  File "C:\Users\xxsla\OneDrive\Desktop\bot\src\detector.py", line 24, in find_trees
    res = cv2.matchTemplate(screen_gray, tpl, cv2.TM_CCOEFF_NORMED)
          ^^^^^^^^^^^^^^^^^^^^^^^^^^^^^^^^^^^^^^^^^^^^^^^^^^^^^^^^^
cv2.error: OpenCV(4.11.0) D:\a\opencv-python\opencv-python\opencv\modules\imgproc\src\templmatch.cpp:1175: error: (-215:Assertion failed) _img.size().height <= _templ.size().height && _img.size().width <= _templ.size().width in function 'cv::matchTemplate'

ERROR:root:Error in loop
Traceback (most recent call last):
  File "C:\Users\xxsla\OneDrive\Desktop\bot\src\controller.py", line 20, in main_loop
    trees  = find_trees(gray)
             ^^^^^^^^^^^^^^^^
  File "C:\Users\xxsla\OneDrive\Desktop\bot\src\detector.py", line 24, in find_trees
    res = cv2.matchTemplate(screen_gray, tpl, cv2.TM_CCOEFF_NORMED)
          ^^^^^^^^^^^^^^^^^^^^^^^^^^^^^^^^^^^^^^^^^^^^^^^^^^^^^^^^^
cv2.error: OpenCV(4.11.0) D:\a\opencv-python\opencv-python\opencv\modules\imgproc\src\templmatch.cpp:1175: error: (-215:Assertion failed) _img.size().height <= _templ.size().height && _img.size().width <= _templ.size().width in function 'cv::matchTemplate'

ERROR:root:Error in loop
Traceback (most recent call last):
  File "C:\Users\xxsla\OneDrive\Desktop\bot\src\controller.py", line 20, in main_loop
    trees  = find_trees(gray)
             ^^^^^^^^^^^^^^^^
  File "C:\Users\xxsla\OneDrive\Desktop\bot\src\detector.py", line 24, in find_trees
    res = cv2.matchTemplate(screen_gray, tpl, cv2.TM_CCOEFF_NORMED)
          ^^^^^^^^^^^^^^^^^^^^^^^^^^^^^^^^^^^^^^^^^^^^^^^^^^^^^^^^^
cv2.error: OpenCV(4.11.0) D:\a\opencv-python\opencv-python\opencv\modules\imgproc\src\templmatch.cpp:1175: error: (-215:Assertion failed) _img.size().height <= _templ.size().height && _img.size().width <= _templ.size().width in function 'cv::matchTemplate'

ERROR:root:Error in loop
Traceback (most recent call last):
  File "C:\Users\xxsla\OneDrive\Desktop\bot\src\controller.py", line 20, in main_loop
    trees  = find_trees(gray)
             ^^^^^^^^^^^^^^^^
  File "C:\Users\xxsla\OneDrive\Desktop\bot\src\detector.py", line 24, in find_trees
    res = cv2.matchTemplate(screen_gray, tpl, cv2.TM_CCOEFF_NORMED)
          ^^^^^^^^^^^^^^^^^^^^^^^^^^^^^^^^^^^^^^^^^^^^^^^^^^^^^^^^^
cv2.error: OpenCV(4.11.0) D:\a\opencv-python\opencv-python\opencv\modules\imgproc\src\templmatch.cpp:1175: error: (-215:Assertion failed) _img.size().height <= _templ.size().height && _img.size().width <= _templ.size().width in function 'cv::matchTemplate'

ERROR:root:Error in loop
Traceback (most recent call last):
  File "C:\Users\xxsla\OneDrive\Desktop\bot\src\controller.py", line 20, in main_loop
    trees  = find_trees(gray)
             ^^^^^^^^^^^^^^^^
  File "C:\Users\xxsla\OneDrive\Desktop\bot\src\detector.py", line 24, in find_trees
    res = cv2.matchTemplate(screen_gray, tpl, cv2.TM_CCOEFF_NORMED)
          ^^^^^^^^^^^^^^^^^^^^^^^^^^^^^^^^^^^^^^^^^^^^^^^^^^^^^^^^^
cv2.error: OpenCV(4.11.0) D:\a\opencv-python\opencv-python\opencv\modules\imgproc\src\templmatch.cpp:1175: error: (-215:Assertion failed) _img.size().height <= _templ.size().height && _img.size().width <= _templ.size().width in function 'cv::matchTemplate'

ERROR:root:Error in loop
Traceback (most recent call last):
  File "C:\Users\xxsla\OneDrive\Desktop\bot\src\controller.py", line 20, in main_loop
    trees  = find_trees(gray)
             ^^^^^^^^^^^^^^^^
  File "C:\Users\xxsla\OneDrive\Desktop\bot\src\detector.py", line 24, in find_trees
    res = cv2.matchTemplate(screen_gray, tpl, cv2.TM_CCOEFF_NORMED)
          ^^^^^^^^^^^^^^^^^^^^^^^^^^^^^^^^^^^^^^^^^^^^^^^^^^^^^^^^^
cv2.error: OpenCV(4.11.0) D:\a\opencv-python\opencv-python\opencv\modules\imgproc\src\templmatch.cpp:1175: error: (-215:Assertion failed) _img.size().height <= _templ.size().height && _img.size().width <= _templ.size().width in function 'cv::matchTemplate'

ERROR:root:Error in loop
Traceback (most recent call last):
  File "C:\Users\xxsla\OneDrive\Desktop\bot\src\controller.py", line 20, in main_loop
    trees  = find_trees(gray)
             ^^^^^^^^^^^^^^^^
  File "C:\Users\xxsla\OneDrive\Desktop\bot\src\detector.py", line 24, in find_trees
    res = cv2.matchTemplate(screen_gray, tpl, cv2.TM_CCOEFF_NORMED)
          ^^^^^^^^^^^^^^^^^^^^^^^^^^^^^^^^^^^^^^^^^^^^^^^^^^^^^^^^^
cv2.error: OpenCV(4.11.0) D:\a\opencv-python\opencv-python\opencv\modules\imgproc\src\templmatch.cpp:1175: error: (-215:Assertion failed) _img.size().height <= _templ.size().height && _img.size().width <= _templ.size().width in function 'cv::matchTemplate'

ERROR:root:Error in loop
Traceback (most recent call last):
  File "C:\Users\xxsla\OneDrive\Desktop\bot\src\controller.py", line 20, in main_loop
    trees  = find_trees(gray)
             ^^^^^^^^^^^^^^^^
  File "C:\Users\xxsla\OneDrive\Desktop\bot\src\detector.py", line 24, in find_trees
    res = cv2.matchTemplate(screen_gray, tpl, cv2.TM_CCOEFF_NORMED)
          ^^^^^^^^^^^^^^^^^^^^^^^^^^^^^^^^^^^^^^^^^^^^^^^^^^^^^^^^^
cv2.error: OpenCV(4.11.0) D:\a\opencv-python\opencv-python\opencv\modules\imgproc\src\templmatch.cpp:1175: error: (-215:Assertion failed) _img.size().height <= _templ.size().height && _img.size().width <= _templ.size().width in function 'cv::matchTemplate'

ERROR:root:Error in loop
Traceback (most recent call last):
  File "C:\Users\xxsla\OneDrive\Desktop\bot\src\controller.py", line 20, in main_loop
    trees  = find_trees(gray)
             ^^^^^^^^^^^^^^^^
  File "C:\Users\xxsla\OneDrive\Desktop\bot\src\detector.py", line 24, in find_trees
    res = cv2.matchTemplate(screen_gray, tpl, cv2.TM_CCOEFF_NORMED)
          ^^^^^^^^^^^^^^^^^^^^^^^^^^^^^^^^^^^^^^^^^^^^^^^^^^^^^^^^^
cv2.error: OpenCV(4.11.0) D:\a\opencv-python\opencv-python\opencv\modules\imgproc\src\templmatch.cpp:1175: error: (-215:Assertion failed) _img.size().height <= _templ.size().height && _img.size().width <= _templ.size().width in function 'cv::matchTemplate'

ERROR:root:Error in loop
Traceback (most recent call last):
  File "C:\Users\xxsla\OneDrive\Desktop\bot\src\controller.py", line 20, in main_loop
    trees  = find_trees(gray)
             ^^^^^^^^^^^^^^^^
  File "C:\Users\xxsla\OneDrive\Desktop\bot\src\detector.py", line 24, in find_trees
    res = cv2.matchTemplate(screen_gray, tpl, cv2.TM_CCOEFF_NORMED)
          ^^^^^^^^^^^^^^^^^^^^^^^^^^^^^^^^^^^^^^^^^^^^^^^^^^^^^^^^^
cv2.error: OpenCV(4.11.0) D:\a\opencv-python\opencv-python\opencv\modules\imgproc\src\templmatch.cpp:1175: error: (-215:Assertion failed) _img.size().height <= _templ.size().height && _img.size().width <= _templ.size().width in function 'cv::matchTemplate'

ERROR:root:Error in loop
Traceback (most recent call last):
  File "C:\Users\xxsla\OneDrive\Desktop\bot\src\controller.py", line 20, in main_loop
    trees  = find_trees(gray)
             ^^^^^^^^^^^^^^^^
  File "C:\Users\xxsla\OneDrive\Desktop\bot\src\detector.py", line 24, in find_trees
    res = cv2.matchTemplate(screen_gray, tpl, cv2.TM_CCOEFF_NORMED)
          ^^^^^^^^^^^^^^^^^^^^^^^^^^^^^^^^^^^^^^^^^^^^^^^^^^^^^^^^^
cv2.error: OpenCV(4.11.0) D:\a\opencv-python\opencv-python\opencv\modules\imgproc\src\templmatch.cpp:1175: error: (-215:Assertion failed) _img.size().height <= _templ.size().height && _img.size().width <= _templ.size().width in function 'cv::matchTemplate'

ERROR:root:Error in loop
Traceback (most recent call last):
  File "C:\Users\xxsla\OneDrive\Desktop\bot\src\controller.py", line 20, in main_loop
    trees  = find_trees(gray)
             ^^^^^^^^^^^^^^^^
  File "C:\Users\xxsla\OneDrive\Desktop\bot\src\detector.py", line 24, in find_trees
    res = cv2.matchTemplate(screen_gray, tpl, cv2.TM_CCOEFF_NORMED)
          ^^^^^^^^^^^^^^^^^^^^^^^^^^^^^^^^^^^^^^^^^^^^^^^^^^^^^^^^^
cv2.error: OpenCV(4.11.0) D:\a\opencv-python\opencv-python\opencv\modules\imgproc\src\templmatch.cpp:1175: error: (-215:Assertion failed) _img.size().height <= _templ.size().height && _img.size().width <= _templ.size().width in function 'cv::matchTemplate'

ERROR:root:Error in loop
Traceback (most recent call last):
  File "C:\Users\xxsla\OneDrive\Desktop\bot\src\controller.py", line 20, in main_loop
    trees  = find_trees(gray)
             ^^^^^^^^^^^^^^^^
  File "C:\Users\xxsla\OneDrive\Desktop\bot\src\detector.py", line 24, in find_trees
    res = cv2.matchTemplate(screen_gray, tpl, cv2.TM_CCOEFF_NORMED)
          ^^^^^^^^^^^^^^^^^^^^^^^^^^^^^^^^^^^^^^^^^^^^^^^^^^^^^^^^^
cv2.error: OpenCV(4.11.0) D:\a\opencv-python\opencv-python\opencv\modules\imgproc\src\templmatch.cpp:1175: error: (-215:Assertion failed) _img.size().height <= _templ.size().height && _img.size().width <= _templ.size().width in function 'cv::matchTemplate'

ERROR:root:Error in loop
Traceback (most recent call last):
  File "C:\Users\xxsla\OneDrive\Desktop\bot\src\controller.py", line 20, in main_loop
    trees  = find_trees(gray)
             ^^^^^^^^^^^^^^^^
  File "C:\Users\xxsla\OneDrive\Desktop\bot\src\detector.py", line 24, in find_trees
    res = cv2.matchTemplate(screen_gray, tpl, cv2.TM_CCOEFF_NORMED)
          ^^^^^^^^^^^^^^^^^^^^^^^^^^^^^^^^^^^^^^^^^^^^^^^^^^^^^^^^^
cv2.error: OpenCV(4.11.0) D:\a\opencv-python\opencv-python\opencv\modules\imgproc\src\templmatch.cpp:1175: error: (-215:Assertion failed) _img.size().height <= _templ.size().height && _img.size().width <= _templ.size().width in function 'cv::matchTemplate'

ERROR:root:Error in loop
Traceback (most recent call last):
  File "C:\Users\xxsla\OneDrive\Desktop\bot\src\controller.py", line 20, in main_loop
    trees  = find_trees(gray)
             ^^^^^^^^^^^^^^^^
  File "C:\Users\xxsla\OneDrive\Desktop\bot\src\detector.py", line 24, in find_trees
    res = cv2.matchTemplate(screen_gray, tpl, cv2.TM_CCOEFF_NORMED)
          ^^^^^^^^^^^^^^^^^^^^^^^^^^^^^^^^^^^^^^^^^^^^^^^^^^^^^^^^^
cv2.error: OpenCV(4.11.0) D:\a\opencv-python\opencv-python\opencv\modules\imgproc\src\templmatch.cpp:1175: error: (-215:Assertion failed) _img.size().height <= _templ.size().height && _img.size().width <= _templ.size().width in function 'cv::matchTemplate'

ERROR:root:Error in loop
Traceback (most recent call last):
  File "C:\Users\xxsla\OneDrive\Desktop\bot\src\controller.py", line 20, in main_loop
    trees  = find_trees(gray)
             ^^^^^^^^^^^^^^^^
  File "C:\Users\xxsla\OneDrive\Desktop\bot\src\detector.py", line 24, in find_trees
    res = cv2.matchTemplate(screen_gray, tpl, cv2.TM_CCOEFF_NORMED)
          ^^^^^^^^^^^^^^^^^^^^^^^^^^^^^^^^^^^^^^^^^^^^^^^^^^^^^^^^^
cv2.error: OpenCV(4.11.0) D:\a\opencv-python\opencv-python\opencv\modules\imgproc\src\templmatch.cpp:1175: error: (-215:Assertion failed) _img.size().height <= _templ.size().height && _img.size().width <= _templ.size().width in function 'cv::matchTemplate'

ERROR:root:Error in loop
Traceback (most recent call last):
  File "C:\Users\xxsla\OneDrive\Desktop\bot\src\controller.py", line 20, in main_loop
    trees  = find_trees(gray)
             ^^^^^^^^^^^^^^^^
  File "C:\Users\xxsla\OneDrive\Desktop\bot\src\detector.py", line 24, in find_trees
    res = cv2.matchTemplate(screen_gray, tpl, cv2.TM_CCOEFF_NORMED)
          ^^^^^^^^^^^^^^^^^^^^^^^^^^^^^^^^^^^^^^^^^^^^^^^^^^^^^^^^^
cv2.error: OpenCV(4.11.0) D:\a\opencv-python\opencv-python\opencv\modules\imgproc\src\templmatch.cpp:1175: error: (-215:Assertion failed) _img.size().height <= _templ.size().height && _img.size().width <= _templ.size().width in function 'cv::matchTemplate'

ERROR:root:Error in loop
Traceback (most recent call last):
  File "C:\Users\xxsla\OneDrive\Desktop\bot\src\controller.py", line 20, in main_loop
    trees  = find_trees(gray)
             ^^^^^^^^^^^^^^^^
  File "C:\Users\xxsla\OneDrive\Desktop\bot\src\detector.py", line 24, in find_trees
    res = cv2.matchTemplate(screen_gray, tpl, cv2.TM_CCOEFF_NORMED)
          ^^^^^^^^^^^^^^^^^^^^^^^^^^^^^^^^^^^^^^^^^^^^^^^^^^^^^^^^^
cv2.error: OpenCV(4.11.0) D:\a\opencv-python\opencv-python\opencv\modules\imgproc\src\templmatch.cpp:1175: error: (-215:Assertion failed) _img.size().height <= _templ.size().height && _img.size().width <= _templ.size().width in function 'cv::matchTemplate'

ERROR:root:Error in loop
Traceback (most recent call last):
  File "C:\Users\xxsla\OneDrive\Desktop\bot\src\controller.py", line 20, in main_loop
    trees  = find_trees(gray)
             ^^^^^^^^^^^^^^^^
  File "C:\Users\xxsla\OneDrive\Desktop\bot\src\detector.py", line 24, in find_trees
    res = cv2.matchTemplate(screen_gray, tpl, cv2.TM_CCOEFF_NORMED)
          ^^^^^^^^^^^^^^^^^^^^^^^^^^^^^^^^^^^^^^^^^^^^^^^^^^^^^^^^^
cv2.error: OpenCV(4.11.0) D:\a\opencv-python\opencv-python\opencv\modules\imgproc\src\templmatch.cpp:1175: error: (-215:Assertion failed) _img.size().height <= _templ.size().height && _img.size().width <= _templ.size().width in function 'cv::matchTemplate'

ERROR:root:Error in loop
Traceback (most recent call last):
  File "C:\Users\xxsla\OneDrive\Desktop\bot\src\controller.py", line 20, in main_loop
    trees  = find_trees(gray)
             ^^^^^^^^^^^^^^^^
  File "C:\Users\xxsla\OneDrive\Desktop\bot\src\detector.py", line 24, in find_trees
    res = cv2.matchTemplate(screen_gray, tpl, cv2.TM_CCOEFF_NORMED)
          ^^^^^^^^^^^^^^^^^^^^^^^^^^^^^^^^^^^^^^^^^^^^^^^^^^^^^^^^^
cv2.error: OpenCV(4.11.0) D:\a\opencv-python\opencv-python\opencv\modules\imgproc\src\templmatch.cpp:1175: error: (-215:Assertion failed) _img.size().height <= _templ.size().height && _img.size().width <= _templ.size().width in function 'cv::matchTemplate'

ERROR:root:Error in loop
Traceback (most recent call last):
  File "C:\Users\xxsla\OneDrive\Desktop\bot\src\controller.py", line 20, in main_loop
    trees  = find_trees(gray)
             ^^^^^^^^^^^^^^^^
  File "C:\Users\xxsla\OneDrive\Desktop\bot\src\detector.py", line 24, in find_trees
    res = cv2.matchTemplate(screen_gray, tpl, cv2.TM_CCOEFF_NORMED)
          ^^^^^^^^^^^^^^^^^^^^^^^^^^^^^^^^^^^^^^^^^^^^^^^^^^^^^^^^^
cv2.error: OpenCV(4.11.0) D:\a\opencv-python\opencv-python\opencv\modules\imgproc\src\templmatch.cpp:1175: error: (-215:Assertion failed) _img.size().height <= _templ.size().height && _img.size().width <= _templ.size().width in function 'cv::matchTemplate'

ERROR:root:Error in loop
Traceback (most recent call last):
  File "C:\Users\xxsla\OneDrive\Desktop\bot\src\controller.py", line 20, in main_loop
    trees  = find_trees(gray)
             ^^^^^^^^^^^^^^^^
  File "C:\Users\xxsla\OneDrive\Desktop\bot\src\detector.py", line 24, in find_trees
    res = cv2.matchTemplate(screen_gray, tpl, cv2.TM_CCOEFF_NORMED)
          ^^^^^^^^^^^^^^^^^^^^^^^^^^^^^^^^^^^^^^^^^^^^^^^^^^^^^^^^^
cv2.error: OpenCV(4.11.0) D:\a\opencv-python\opencv-python\opencv\modules\imgproc\src\templmatch.cpp:1175: error: (-215:Assertion failed) _img.size().height <= _templ.size().height && _img.size().width <= _templ.size().width in function 'cv::matchTemplate'

ERROR:root:Error in loop
Traceback (most recent call last):
  File "C:\Users\xxsla\OneDrive\Desktop\bot\src\controller.py", line 20, in main_loop
    trees  = find_trees(gray)
             ^^^^^^^^^^^^^^^^
  File "C:\Users\xxsla\OneDrive\Desktop\bot\src\detector.py", line 24, in find_trees
    res = cv2.matchTemplate(screen_gray, tpl, cv2.TM_CCOEFF_NORMED)
          ^^^^^^^^^^^^^^^^^^^^^^^^^^^^^^^^^^^^^^^^^^^^^^^^^^^^^^^^^
cv2.error: OpenCV(4.11.0) D:\a\opencv-python\opencv-python\opencv\modules\imgproc\src\templmatch.cpp:1175: error: (-215:Assertion failed) _img.size().height <= _templ.size().height && _img.size().width <= _templ.size().width in function 'cv::matchTemplate'

ERROR:root:Error in loop
Traceback (most recent call last):
  File "C:\Users\xxsla\OneDrive\Desktop\bot\src\controller.py", line 20, in main_loop
    trees  = find_trees(gray)
             ^^^^^^^^^^^^^^^^
  File "C:\Users\xxsla\OneDrive\Desktop\bot\src\detector.py", line 24, in find_trees
    res = cv2.matchTemplate(screen_gray, tpl, cv2.TM_CCOEFF_NORMED)
          ^^^^^^^^^^^^^^^^^^^^^^^^^^^^^^^^^^^^^^^^^^^^^^^^^^^^^^^^^
cv2.error: OpenCV(4.11.0) D:\a\opencv-python\opencv-python\opencv\modules\imgproc\src\templmatch.cpp:1175: error: (-215:Assertion failed) _img.size().height <= _templ.size().height && _img.size().width <= _templ.size().width in function 'cv::matchTemplate'

ERROR:root:Error in loop
Traceback (most recent call last):
  File "C:\Users\xxsla\OneDrive\Desktop\bot\src\controller.py", line 20, in main_loop
    trees  = find_trees(gray)
             ^^^^^^^^^^^^^^^^
  File "C:\Users\xxsla\OneDrive\Desktop\bot\src\detector.py", line 24, in find_trees
    res = cv2.matchTemplate(screen_gray, tpl, cv2.TM_CCOEFF_NORMED)
          ^^^^^^^^^^^^^^^^^^^^^^^^^^^^^^^^^^^^^^^^^^^^^^^^^^^^^^^^^
cv2.error: OpenCV(4.11.0) D:\a\opencv-python\opencv-python\opencv\modules\imgproc\src\templmatch.cpp:1175: error: (-215:Assertion failed) _img.size().height <= _templ.size().height && _img.size().width <= _templ.size().width in function 'cv::matchTemplate'

ERROR:root:Error in loop
Traceback (most recent call last):
  File "C:\Users\xxsla\OneDrive\Desktop\bot\src\controller.py", line 20, in main_loop
    trees  = find_trees(gray)
             ^^^^^^^^^^^^^^^^
  File "C:\Users\xxsla\OneDrive\Desktop\bot\src\detector.py", line 24, in find_trees
    res = cv2.matchTemplate(screen_gray, tpl, cv2.TM_CCOEFF_NORMED)
          ^^^^^^^^^^^^^^^^^^^^^^^^^^^^^^^^^^^^^^^^^^^^^^^^^^^^^^^^^
cv2.error: OpenCV(4.11.0) D:\a\opencv-python\opencv-python\opencv\modules\imgproc\src\templmatch.cpp:1175: error: (-215:Assertion failed) _img.size().height <= _templ.size().height && _img.size().width <= _templ.size().width in function 'cv::matchTemplate'

ERROR:root:Error in loop
Traceback (most recent call last):
  File "C:\Users\xxsla\OneDrive\Desktop\bot\src\controller.py", line 20, in main_loop
    trees  = find_trees(gray)
             ^^^^^^^^^^^^^^^^
  File "C:\Users\xxsla\OneDrive\Desktop\bot\src\detector.py", line 24, in find_trees
    res = cv2.matchTemplate(screen_gray, tpl, cv2.TM_CCOEFF_NORMED)
          ^^^^^^^^^^^^^^^^^^^^^^^^^^^^^^^^^^^^^^^^^^^^^^^^^^^^^^^^^
cv2.error: OpenCV(4.11.0) D:\a\opencv-python\opencv-python\opencv\modules\imgproc\src\templmatch.cpp:1175: error: (-215:Assertion failed) _img.size().height <= _templ.size().height && _img.size().width <= _templ.size().width in function 'cv::matchTemplate'

ERROR:root:Error in loop
Traceback (most recent call last):
  File "C:\Users\xxsla\OneDrive\Desktop\bot\src\controller.py", line 20, in main_loop
    trees  = find_trees(gray)
             ^^^^^^^^^^^^^^^^
  File "C:\Users\xxsla\OneDrive\Desktop\bot\src\detector.py", line 24, in find_trees
    res = cv2.matchTemplate(screen_gray, tpl, cv2.TM_CCOEFF_NORMED)
          ^^^^^^^^^^^^^^^^^^^^^^^^^^^^^^^^^^^^^^^^^^^^^^^^^^^^^^^^^
cv2.error: OpenCV(4.11.0) D:\a\opencv-python\opencv-python\opencv\modules\imgproc\src\templmatch.cpp:1175: error: (-215:Assertion failed) _img.size().height <= _templ.size().height && _img.size().width <= _templ.size().width in function 'cv::matchTemplate'

ERROR:root:Error in loop
Traceback (most recent call last):
  File "C:\Users\xxsla\OneDrive\Desktop\bot\src\controller.py", line 20, in main_loop
    trees  = find_trees(gray)
             ^^^^^^^^^^^^^^^^
  File "C:\Users\xxsla\OneDrive\Desktop\bot\src\detector.py", line 24, in find_trees
    res = cv2.matchTemplate(screen_gray, tpl, cv2.TM_CCOEFF_NORMED)
          ^^^^^^^^^^^^^^^^^^^^^^^^^^^^^^^^^^^^^^^^^^^^^^^^^^^^^^^^^
cv2.error: OpenCV(4.11.0) D:\a\opencv-python\opencv-python\opencv\modules\imgproc\src\templmatch.cpp:1175: error: (-215:Assertion failed) _img.size().height <= _templ.size().height && _img.size().width <= _templ.size().width in function 'cv::matchTemplate'

ERROR:root:Error in loop
Traceback (most recent call last):
  File "C:\Users\xxsla\OneDrive\Desktop\bot\src\controller.py", line 20, in main_loop
    trees  = find_trees(gray)
             ^^^^^^^^^^^^^^^^
  File "C:\Users\xxsla\OneDrive\Desktop\bot\src\detector.py", line 24, in find_trees
    res = cv2.matchTemplate(screen_gray, tpl, cv2.TM_CCOEFF_NORMED)
          ^^^^^^^^^^^^^^^^^^^^^^^^^^^^^^^^^^^^^^^^^^^^^^^^^^^^^^^^^
cv2.error: OpenCV(4.11.0) D:\a\opencv-python\opencv-python\opencv\modules\imgproc\src\templmatch.cpp:1175: error: (-215:Assertion failed) _img.size().height <= _templ.size().height && _img.size().width <= _templ.size().width in function 'cv::matchTemplate'

ERROR:root:Error in loop
Traceback (most recent call last):
  File "C:\Users\xxsla\OneDrive\Desktop\bot\src\controller.py", line 20, in main_loop
    trees  = find_trees(gray)
             ^^^^^^^^^^^^^^^^
  File "C:\Users\xxsla\OneDrive\Desktop\bot\src\detector.py", line 24, in find_trees
    res = cv2.matchTemplate(screen_gray, tpl, cv2.TM_CCOEFF_NORMED)
          ^^^^^^^^^^^^^^^^^^^^^^^^^^^^^^^^^^^^^^^^^^^^^^^^^^^^^^^^^
cv2.error: OpenCV(4.11.0) D:\a\opencv-python\opencv-python\opencv\modules\imgproc\src\templmatch.cpp:1175: error: (-215:Assertion failed) _img.size().height <= _templ.size().height && _img.size().width <= _templ.size().width in function 'cv::matchTemplate'

ERROR:root:Error in loop
Traceback (most recent call last):
  File "C:\Users\xxsla\OneDrive\Desktop\bot\src\controller.py", line 20, in main_loop
    trees  = find_trees(gray)
             ^^^^^^^^^^^^^^^^
  File "C:\Users\xxsla\OneDrive\Desktop\bot\src\detector.py", line 24, in find_trees
    res = cv2.matchTemplate(screen_gray, tpl, cv2.TM_CCOEFF_NORMED)
          ^^^^^^^^^^^^^^^^^^^^^^^^^^^^^^^^^^^^^^^^^^^^^^^^^^^^^^^^^
cv2.error: OpenCV(4.11.0) D:\a\opencv-python\opencv-python\opencv\modules\imgproc\src\templmatch.cpp:1175: error: (-215:Assertion failed) _img.size().height <= _templ.size().height && _img.size().width <= _templ.size().width in function 'cv::matchTemplate'

ERROR:root:Error in loop
Traceback (most recent call last):
  File "C:\Users\xxsla\OneDrive\Desktop\bot\src\controller.py", line 20, in main_loop
    trees  = find_trees(gray)
             ^^^^^^^^^^^^^^^^
  File "C:\Users\xxsla\OneDrive\Desktop\bot\src\detector.py", line 24, in find_trees
    res = cv2.matchTemplate(screen_gray, tpl, cv2.TM_CCOEFF_NORMED)
          ^^^^^^^^^^^^^^^^^^^^^^^^^^^^^^^^^^^^^^^^^^^^^^^^^^^^^^^^^
cv2.error: OpenCV(4.11.0) D:\a\opencv-python\opencv-python\opencv\modules\imgproc\src\templmatch.cpp:1175: error: (-215:Assertion failed) _img.size().height <= _templ.size().height && _img.size().width <= _templ.size().width in function 'cv::matchTemplate'

ERROR:root:Error in loop
Traceback (most recent call last):
  File "C:\Users\xxsla\OneDrive\Desktop\bot\src\controller.py", line 20, in main_loop
    trees  = find_trees(gray)
             ^^^^^^^^^^^^^^^^
  File "C:\Users\xxsla\OneDrive\Desktop\bot\src\detector.py", line 24, in find_trees
    res = cv2.matchTemplate(screen_gray, tpl, cv2.TM_CCOEFF_NORMED)
          ^^^^^^^^^^^^^^^^^^^^^^^^^^^^^^^^^^^^^^^^^^^^^^^^^^^^^^^^^
cv2.error: OpenCV(4.11.0) D:\a\opencv-python\opencv-python\opencv\modules\imgproc\src\templmatch.cpp:1175: error: (-215:Assertion failed) _img.size().height <= _templ.size().height && _img.size().width <= _templ.size().width in function 'cv::matchTemplate'

ERROR:root:Error in loop
Traceback (most recent call last):
  File "C:\Users\xxsla\OneDrive\Desktop\bot\src\controller.py", line 20, in main_loop
    trees  = find_trees(gray)
             ^^^^^^^^^^^^^^^^
  File "C:\Users\xxsla\OneDrive\Desktop\bot\src\detector.py", line 24, in find_trees
    res = cv2.matchTemplate(screen_gray, tpl, cv2.TM_CCOEFF_NORMED)
          ^^^^^^^^^^^^^^^^^^^^^^^^^^^^^^^^^^^^^^^^^^^^^^^^^^^^^^^^^
cv2.error: OpenCV(4.11.0) D:\a\opencv-python\opencv-python\opencv\modules\imgproc\src\templmatch.cpp:1175: error: (-215:Assertion failed) _img.size().height <= _templ.size().height && _img.size().width <= _templ.size().width in function 'cv::matchTemplate'

ERROR:root:Error in loop
Traceback (most recent call last):
  File "C:\Users\xxsla\OneDrive\Desktop\bot\src\controller.py", line 20, in main_loop
    trees  = find_trees(gray)
             ^^^^^^^^^^^^^^^^
  File "C:\Users\xxsla\OneDrive\Desktop\bot\src\detector.py", line 24, in find_trees
    res = cv2.matchTemplate(screen_gray, tpl, cv2.TM_CCOEFF_NORMED)
          ^^^^^^^^^^^^^^^^^^^^^^^^^^^^^^^^^^^^^^^^^^^^^^^^^^^^^^^^^
cv2.error: OpenCV(4.11.0) D:\a\opencv-python\opencv-python\opencv\modules\imgproc\src\templmatch.cpp:1175: error: (-215:Assertion failed) _img.size().height <= _templ.size().height && _img.size().width <= _templ.size().width in function 'cv::matchTemplate'

ERROR:root:Error in loop
Traceback (most recent call last):
  File "C:\Users\xxsla\OneDrive\Desktop\bot\src\controller.py", line 20, in main_loop
    trees  = find_trees(gray)
             ^^^^^^^^^^^^^^^^
  File "C:\Users\xxsla\OneDrive\Desktop\bot\src\detector.py", line 24, in find_trees
    res = cv2.matchTemplate(screen_gray, tpl, cv2.TM_CCOEFF_NORMED)
          ^^^^^^^^^^^^^^^^^^^^^^^^^^^^^^^^^^^^^^^^^^^^^^^^^^^^^^^^^
cv2.error: OpenCV(4.11.0) D:\a\opencv-python\opencv-python\opencv\modules\imgproc\src\templmatch.cpp:1175: error: (-215:Assertion failed) _img.size().height <= _templ.size().height && _img.size().width <= _templ.size().width in function 'cv::matchTemplate'

ERROR:root:Error in loop
Traceback (most recent call last):
  File "C:\Users\xxsla\OneDrive\Desktop\bot\src\controller.py", line 20, in main_loop
    trees  = find_trees(gray)
             ^^^^^^^^^^^^^^^^
  File "C:\Users\xxsla\OneDrive\Desktop\bot\src\detector.py", line 24, in find_trees
    res = cv2.matchTemplate(screen_gray, tpl, cv2.TM_CCOEFF_NORMED)
          ^^^^^^^^^^^^^^^^^^^^^^^^^^^^^^^^^^^^^^^^^^^^^^^^^^^^^^^^^
cv2.error: OpenCV(4.11.0) D:\a\opencv-python\opencv-python\opencv\modules\imgproc\src\templmatch.cpp:1175: error: (-215:Assertion failed) _img.size().height <= _templ.size().height && _img.size().width <= _templ.size().width in function 'cv::matchTemplate'

ERROR:root:Error in loop
Traceback (most recent call last):
  File "C:\Users\xxsla\OneDrive\Desktop\bot\src\controller.py", line 20, in main_loop
    trees  = find_trees(gray)
             ^^^^^^^^^^^^^^^^
  File "C:\Users\xxsla\OneDrive\Desktop\bot\src\detector.py", line 24, in find_trees
    res = cv2.matchTemplate(screen_gray, tpl, cv2.TM_CCOEFF_NORMED)
          ^^^^^^^^^^^^^^^^^^^^^^^^^^^^^^^^^^^^^^^^^^^^^^^^^^^^^^^^^
cv2.error: OpenCV(4.11.0) D:\a\opencv-python\opencv-python\opencv\modules\imgproc\src\templmatch.cpp:1175: error: (-215:Assertion failed) _img.size().height <= _templ.size().height && _img.size().width <= _templ.size().width in function 'cv::matchTemplate'

ERROR:root:Error in loop
Traceback (most recent call last):
  File "C:\Users\xxsla\OneDrive\Desktop\bot\src\controller.py", line 20, in main_loop
    trees  = find_trees(gray)
             ^^^^^^^^^^^^^^^^
  File "C:\Users\xxsla\OneDrive\Desktop\bot\src\detector.py", line 24, in find_trees
    res = cv2.matchTemplate(screen_gray, tpl, cv2.TM_CCOEFF_NORMED)
          ^^^^^^^^^^^^^^^^^^^^^^^^^^^^^^^^^^^^^^^^^^^^^^^^^^^^^^^^^
cv2.error: OpenCV(4.11.0) D:\a\opencv-python\opencv-python\opencv\modules\imgproc\src\templmatch.cpp:1175: error: (-215:Assertion failed) _img.size().height <= _templ.size().height && _img.size().width <= _templ.size().width in function 'cv::matchTemplate'

ERROR:root:Error in loop
Traceback (most recent call last):
  File "C:\Users\xxsla\OneDrive\Desktop\bot\src\controller.py", line 20, in main_loop
    trees  = find_trees(gray)
             ^^^^^^^^^^^^^^^^
  File "C:\Users\xxsla\OneDrive\Desktop\bot\src\detector.py", line 24, in find_trees
    res = cv2.matchTemplate(screen_gray, tpl, cv2.TM_CCOEFF_NORMED)
          ^^^^^^^^^^^^^^^^^^^^^^^^^^^^^^^^^^^^^^^^^^^^^^^^^^^^^^^^^
cv2.error: OpenCV(4.11.0) D:\a\opencv-python\opencv-python\opencv\modules\imgproc\src\templmatch.cpp:1175: error: (-215:Assertion failed) _img.size().height <= _templ.size().height && _img.size().width <= _templ.size().width in function 'cv::matchTemplate'

ERROR:root:Error in loop
Traceback (most recent call last):
  File "C:\Users\xxsla\OneDrive\Desktop\bot\src\controller.py", line 20, in main_loop
    trees  = find_trees(gray)
             ^^^^^^^^^^^^^^^^
  File "C:\Users\xxsla\OneDrive\Desktop\bot\src\detector.py", line 24, in find_trees
    res = cv2.matchTemplate(screen_gray, tpl, cv2.TM_CCOEFF_NORMED)
          ^^^^^^^^^^^^^^^^^^^^^^^^^^^^^^^^^^^^^^^^^^^^^^^^^^^^^^^^^
cv2.error: OpenCV(4.11.0) D:\a\opencv-python\opencv-python\opencv\modules\imgproc\src\templmatch.cpp:1175: error: (-215:Assertion failed) _img.size().height <= _templ.size().height && _img.size().width <= _templ.size().width in function 'cv::matchTemplate'

ERROR:root:Error in loop
Traceback (most recent call last):
  File "C:\Users\xxsla\OneDrive\Desktop\bot\src\controller.py", line 20, in main_loop
    trees  = find_trees(gray)
             ^^^^^^^^^^^^^^^^
  File "C:\Users\xxsla\OneDrive\Desktop\bot\src\detector.py", line 24, in find_trees
    res = cv2.matchTemplate(screen_gray, tpl, cv2.TM_CCOEFF_NORMED)
          ^^^^^^^^^^^^^^^^^^^^^^^^^^^^^^^^^^^^^^^^^^^^^^^^^^^^^^^^^
cv2.error: OpenCV(4.11.0) D:\a\opencv-python\opencv-python\opencv\modules\imgproc\src\templmatch.cpp:1175: error: (-215:Assertion failed) _img.size().height <= _templ.size().height && _img.size().width <= _templ.size().width in function 'cv::matchTemplate'

ERROR:root:Error in loop
Traceback (most recent call last):
  File "C:\Users\xxsla\OneDrive\Desktop\bot\src\controller.py", line 20, in main_loop
    trees  = find_trees(gray)
             ^^^^^^^^^^^^^^^^
  File "C:\Users\xxsla\OneDrive\Desktop\bot\src\detector.py", line 24, in find_trees
    res = cv2.matchTemplate(screen_gray, tpl, cv2.TM_CCOEFF_NORMED)
          ^^^^^^^^^^^^^^^^^^^^^^^^^^^^^^^^^^^^^^^^^^^^^^^^^^^^^^^^^
cv2.error: OpenCV(4.11.0) D:\a\opencv-python\opencv-python\opencv\modules\imgproc\src\templmatch.cpp:1175: error: (-215:Assertion failed) _img.size().height <= _templ.size().height && _img.size().width <= _templ.size().width in function 'cv::matchTemplate'

ERROR:root:Error in loop
Traceback (most recent call last):
  File "C:\Users\xxsla\OneDrive\Desktop\bot\src\controller.py", line 20, in main_loop
    trees  = find_trees(gray)
             ^^^^^^^^^^^^^^^^
  File "C:\Users\xxsla\OneDrive\Desktop\bot\src\detector.py", line 24, in find_trees
    res = cv2.matchTemplate(screen_gray, tpl, cv2.TM_CCOEFF_NORMED)
          ^^^^^^^^^^^^^^^^^^^^^^^^^^^^^^^^^^^^^^^^^^^^^^^^^^^^^^^^^
cv2.error: OpenCV(4.11.0) D:\a\opencv-python\opencv-python\opencv\modules\imgproc\src\templmatch.cpp:1175: error: (-215:Assertion failed) _img.size().height <= _templ.size().height && _img.size().width <= _templ.size().width in function 'cv::matchTemplate'

ERROR:root:Error in loop
Traceback (most recent call last):
  File "C:\Users\xxsla\OneDrive\Desktop\bot\src\controller.py", line 20, in main_loop
    trees  = find_trees(gray)
             ^^^^^^^^^^^^^^^^
  File "C:\Users\xxsla\OneDrive\Desktop\bot\src\detector.py", line 24, in find_trees
    res = cv2.matchTemplate(screen_gray, tpl, cv2.TM_CCOEFF_NORMED)
          ^^^^^^^^^^^^^^^^^^^^^^^^^^^^^^^^^^^^^^^^^^^^^^^^^^^^^^^^^
cv2.error: OpenCV(4.11.0) D:\a\opencv-python\opencv-python\opencv\modules\imgproc\src\templmatch.cpp:1175: error: (-215:Assertion failed) _img.size().height <= _templ.size().height && _img.size().width <= _templ.size().width in function 'cv::matchTemplate'

ERROR:root:Error in loop
Traceback (most recent call last):
  File "C:\Users\xxsla\OneDrive\Desktop\bot\src\controller.py", line 20, in main_loop
    trees  = find_trees(gray)
             ^^^^^^^^^^^^^^^^
  File "C:\Users\xxsla\OneDrive\Desktop\bot\src\detector.py", line 24, in find_trees
    res = cv2.matchTemplate(screen_gray, tpl, cv2.TM_CCOEFF_NORMED)
          ^^^^^^^^^^^^^^^^^^^^^^^^^^^^^^^^^^^^^^^^^^^^^^^^^^^^^^^^^
cv2.error: OpenCV(4.11.0) D:\a\opencv-python\opencv-python\opencv\modules\imgproc\src\templmatch.cpp:1175: error: (-215:Assertion failed) _img.size().height <= _templ.size().height && _img.size().width <= _templ.size().width in function 'cv::matchTemplate'

ERROR:root:Error in loop
Traceback (most recent call last):
  File "C:\Users\xxsla\OneDrive\Desktop\bot\src\controller.py", line 20, in main_loop
    trees  = find_trees(gray)
             ^^^^^^^^^^^^^^^^
  File "C:\Users\xxsla\OneDrive\Desktop\bot\src\detector.py", line 24, in find_trees
    res = cv2.matchTemplate(screen_gray, tpl, cv2.TM_CCOEFF_NORMED)
          ^^^^^^^^^^^^^^^^^^^^^^^^^^^^^^^^^^^^^^^^^^^^^^^^^^^^^^^^^
cv2.error: OpenCV(4.11.0) D:\a\opencv-python\opencv-python\opencv\modules\imgproc\src\templmatch.cpp:1175: error: (-215:Assertion failed) _img.size().height <= _templ.size().height && _img.size().width <= _templ.size().width in function 'cv::matchTemplate'

ERROR:root:Error in loop
Traceback (most recent call last):
  File "C:\Users\xxsla\OneDrive\Desktop\bot\src\controller.py", line 20, in main_loop
    trees  = find_trees(gray)
             ^^^^^^^^^^^^^^^^
  File "C:\Users\xxsla\OneDrive\Desktop\bot\src\detector.py", line 24, in find_trees
    res = cv2.matchTemplate(screen_gray, tpl, cv2.TM_CCOEFF_NORMED)
          ^^^^^^^^^^^^^^^^^^^^^^^^^^^^^^^^^^^^^^^^^^^^^^^^^^^^^^^^^
cv2.error: OpenCV(4.11.0) D:\a\opencv-python\opencv-python\opencv\modules\imgproc\src\templmatch.cpp:1175: error: (-215:Assertion failed) _img.size().height <= _templ.size().height && _img.size().width <= _templ.size().width in function 'cv::matchTemplate'

ERROR:root:Error in loop
Traceback (most recent call last):
  File "C:\Users\xxsla\OneDrive\Desktop\bot\src\controller.py", line 20, in main_loop
    trees  = find_trees(gray)
             ^^^^^^^^^^^^^^^^
  File "C:\Users\xxsla\OneDrive\Desktop\bot\src\detector.py", line 24, in find_trees
    res = cv2.matchTemplate(screen_gray, tpl, cv2.TM_CCOEFF_NORMED)
          ^^^^^^^^^^^^^^^^^^^^^^^^^^^^^^^^^^^^^^^^^^^^^^^^^^^^^^^^^
cv2.error: OpenCV(4.11.0) D:\a\opencv-python\opencv-python\opencv\modules\imgproc\src\templmatch.cpp:1175: error: (-215:Assertion failed) _img.size().height <= _templ.size().height && _img.size().width <= _templ.size().width in function 'cv::matchTemplate'

ERROR:root:Error in loop
Traceback (most recent call last):
  File "C:\Users\xxsla\OneDrive\Desktop\bot\src\controller.py", line 20, in main_loop
    trees  = find_trees(gray)
             ^^^^^^^^^^^^^^^^
  File "C:\Users\xxsla\OneDrive\Desktop\bot\src\detector.py", line 24, in find_trees
    res = cv2.matchTemplate(screen_gray, tpl, cv2.TM_CCOEFF_NORMED)
          ^^^^^^^^^^^^^^^^^^^^^^^^^^^^^^^^^^^^^^^^^^^^^^^^^^^^^^^^^
cv2.error: OpenCV(4.11.0) D:\a\opencv-python\opencv-python\opencv\modules\imgproc\src\templmatch.cpp:1175: error: (-215:Assertion failed) _img.size().height <= _templ.size().height && _img.size().width <= _templ.size().width in function 'cv::matchTemplate'

ERROR:root:Error in loop
Traceback (most recent call last):
  File "C:\Users\xxsla\OneDrive\Desktop\bot\src\controller.py", line 20, in main_loop
    trees  = find_trees(gray)
             ^^^^^^^^^^^^^^^^
  File "C:\Users\xxsla\OneDrive\Desktop\bot\src\detector.py", line 24, in find_trees
    res = cv2.matchTemplate(screen_gray, tpl, cv2.TM_CCOEFF_NORMED)
          ^^^^^^^^^^^^^^^^^^^^^^^^^^^^^^^^^^^^^^^^^^^^^^^^^^^^^^^^^
cv2.error: OpenCV(4.11.0) D:\a\opencv-python\opencv-python\opencv\modules\imgproc\src\templmatch.cpp:1175: error: (-215:Assertion failed) _img.size().height <= _templ.size().height && _img.size().width <= _templ.size().width in function 'cv::matchTemplate'

ERROR:root:Error in loop
Traceback (most recent call last):
  File "C:\Users\xxsla\OneDrive\Desktop\bot\src\controller.py", line 20, in main_loop
    trees  = find_trees(gray)
             ^^^^^^^^^^^^^^^^
  File "C:\Users\xxsla\OneDrive\Desktop\bot\src\detector.py", line 24, in find_trees
    res = cv2.matchTemplate(screen_gray, tpl, cv2.TM_CCOEFF_NORMED)
          ^^^^^^^^^^^^^^^^^^^^^^^^^^^^^^^^^^^^^^^^^^^^^^^^^^^^^^^^^
cv2.error: OpenCV(4.11.0) D:\a\opencv-python\opencv-python\opencv\modules\imgproc\src\templmatch.cpp:1175: error: (-215:Assertion failed) _img.size().height <= _templ.size().height && _img.size().width <= _templ.size().width in function 'cv::matchTemplate'

ERROR:root:Error in loop
Traceback (most recent call last):
  File "C:\Users\xxsla\OneDrive\Desktop\bot\src\controller.py", line 20, in main_loop
    trees  = find_trees(gray)
             ^^^^^^^^^^^^^^^^
  File "C:\Users\xxsla\OneDrive\Desktop\bot\src\detector.py", line 24, in find_trees
    res = cv2.matchTemplate(screen_gray, tpl, cv2.TM_CCOEFF_NORMED)
          ^^^^^^^^^^^^^^^^^^^^^^^^^^^^^^^^^^^^^^^^^^^^^^^^^^^^^^^^^
cv2.error: OpenCV(4.11.0) D:\a\opencv-python\opencv-python\opencv\modules\imgproc\src\templmatch.cpp:1175: error: (-215:Assertion failed) _img.size().height <= _templ.size().height && _img.size().width <= _templ.size().width in function 'cv::matchTemplate'

ERROR:root:Error in loop
Traceback (most recent call last):
  File "C:\Users\xxsla\OneDrive\Desktop\bot\src\controller.py", line 20, in main_loop
    trees  = find_trees(gray)
             ^^^^^^^^^^^^^^^^
  File "C:\Users\xxsla\OneDrive\Desktop\bot\src\detector.py", line 24, in find_trees
    res = cv2.matchTemplate(screen_gray, tpl, cv2.TM_CCOEFF_NORMED)
          ^^^^^^^^^^^^^^^^^^^^^^^^^^^^^^^^^^^^^^^^^^^^^^^^^^^^^^^^^
cv2.error: OpenCV(4.11.0) D:\a\opencv-python\opencv-python\opencv\modules\imgproc\src\templmatch.cpp:1175: error: (-215:Assertion failed) _img.size().height <= _templ.size().height && _img.size().width <= _templ.size().width in function 'cv::matchTemplate'

ERROR:root:Error in loop
Traceback (most recent call last):
  File "C:\Users\xxsla\OneDrive\Desktop\bot\src\controller.py", line 20, in main_loop
    trees  = find_trees(gray)
             ^^^^^^^^^^^^^^^^
  File "C:\Users\xxsla\OneDrive\Desktop\bot\src\detector.py", line 24, in find_trees
    res = cv2.matchTemplate(screen_gray, tpl, cv2.TM_CCOEFF_NORMED)
          ^^^^^^^^^^^^^^^^^^^^^^^^^^^^^^^^^^^^^^^^^^^^^^^^^^^^^^^^^
cv2.error: OpenCV(4.11.0) D:\a\opencv-python\opencv-python\opencv\modules\imgproc\src\templmatch.cpp:1175: error: (-215:Assertion failed) _img.size().height <= _templ.size().height && _img.size().width <= _templ.size().width in function 'cv::matchTemplate'

ERROR:root:Error in loop
Traceback (most recent call last):
  File "C:\Users\xxsla\OneDrive\Desktop\bot\src\controller.py", line 20, in main_loop
    trees  = find_trees(gray)
             ^^^^^^^^^^^^^^^^
  File "C:\Users\xxsla\OneDrive\Desktop\bot\src\detector.py", line 24, in find_trees
    res = cv2.matchTemplate(screen_gray, tpl, cv2.TM_CCOEFF_NORMED)
          ^^^^^^^^^^^^^^^^^^^^^^^^^^^^^^^^^^^^^^^^^^^^^^^^^^^^^^^^^
cv2.error: OpenCV(4.11.0) D:\a\opencv-python\opencv-python\opencv\modules\imgproc\src\templmatch.cpp:1175: error: (-215:Assertion failed) _img.size().height <= _templ.size().height && _img.size().width <= _templ.size().width in function 'cv::matchTemplate'

ERROR:root:Error in loop
Traceback (most recent call last):
  File "C:\Users\xxsla\OneDrive\Desktop\bot\src\controller.py", line 20, in main_loop
    trees  = find_trees(gray)
             ^^^^^^^^^^^^^^^^
  File "C:\Users\xxsla\OneDrive\Desktop\bot\src\detector.py", line 24, in find_trees
    res = cv2.matchTemplate(screen_gray, tpl, cv2.TM_CCOEFF_NORMED)
          ^^^^^^^^^^^^^^^^^^^^^^^^^^^^^^^^^^^^^^^^^^^^^^^^^^^^^^^^^
cv2.error: OpenCV(4.11.0) D:\a\opencv-python\opencv-python\opencv\modules\imgproc\src\templmatch.cpp:1175: error: (-215:Assertion failed) _img.size().height <= _templ.size().height && _img.size().width <= _templ.size().width in function 'cv::matchTemplate'

ERROR:root:Error in loop
Traceback (most recent call last):
  File "C:\Users\xxsla\OneDrive\Desktop\bot\src\controller.py", line 20, in main_loop
    trees  = find_trees(gray)
             ^^^^^^^^^^^^^^^^
  File "C:\Users\xxsla\OneDrive\Desktop\bot\src\detector.py", line 24, in find_trees
    res = cv2.matchTemplate(screen_gray, tpl, cv2.TM_CCOEFF_NORMED)
          ^^^^^^^^^^^^^^^^^^^^^^^^^^^^^^^^^^^^^^^^^^^^^^^^^^^^^^^^^
cv2.error: OpenCV(4.11.0) D:\a\opencv-python\opencv-python\opencv\modules\imgproc\src\templmatch.cpp:1175: error: (-215:Assertion failed) _img.size().height <= _templ.size().height && _img.size().width <= _templ.size().width in function 'cv::matchTemplate'

ERROR:root:Error in loop
Traceback (most recent call last):
  File "C:\Users\xxsla\OneDrive\Desktop\bot\src\controller.py", line 20, in main_loop
    trees  = find_trees(gray)
             ^^^^^^^^^^^^^^^^
  File "C:\Users\xxsla\OneDrive\Desktop\bot\src\detector.py", line 24, in find_trees
    res = cv2.matchTemplate(screen_gray, tpl, cv2.TM_CCOEFF_NORMED)
          ^^^^^^^^^^^^^^^^^^^^^^^^^^^^^^^^^^^^^^^^^^^^^^^^^^^^^^^^^
cv2.error: OpenCV(4.11.0) D:\a\opencv-python\opencv-python\opencv\modules\imgproc\src\templmatch.cpp:1175: error: (-215:Assertion failed) _img.size().height <= _templ.size().height && _img.size().width <= _templ.size().width in function 'cv::matchTemplate'

ERROR:root:Error in loop
Traceback (most recent call last):
  File "C:\Users\xxsla\OneDrive\Desktop\bot\src\controller.py", line 20, in main_loop
    trees  = find_trees(gray)
             ^^^^^^^^^^^^^^^^
  File "C:\Users\xxsla\OneDrive\Desktop\bot\src\detector.py", line 24, in find_trees
    res = cv2.matchTemplate(screen_gray, tpl, cv2.TM_CCOEFF_NORMED)
          ^^^^^^^^^^^^^^^^^^^^^^^^^^^^^^^^^^^^^^^^^^^^^^^^^^^^^^^^^
cv2.error: OpenCV(4.11.0) D:\a\opencv-python\opencv-python\opencv\modules\imgproc\src\templmatch.cpp:1175: error: (-215:Assertion failed) _img.size().height <= _templ.size().height && _img.size().width <= _templ.size().width in function 'cv::matchTemplate'

ERROR:root:Error in loop
Traceback (most recent call last):
  File "C:\Users\xxsla\OneDrive\Desktop\bot\src\controller.py", line 20, in main_loop
    trees  = find_trees(gray)
             ^^^^^^^^^^^^^^^^
  File "C:\Users\xxsla\OneDrive\Desktop\bot\src\detector.py", line 24, in find_trees
    res = cv2.matchTemplate(screen_gray, tpl, cv2.TM_CCOEFF_NORMED)
          ^^^^^^^^^^^^^^^^^^^^^^^^^^^^^^^^^^^^^^^^^^^^^^^^^^^^^^^^^
cv2.error: OpenCV(4.11.0) D:\a\opencv-python\opencv-python\opencv\modules\imgproc\src\templmatch.cpp:1175: error: (-215:Assertion failed) _img.size().height <= _templ.size().height && _img.size().width <= _templ.size().width in function 'cv::matchTemplate'

ERROR:root:Error in loop
Traceback (most recent call last):
  File "C:\Users\xxsla\OneDrive\Desktop\bot\src\controller.py", line 20, in main_loop
    trees  = find_trees(gray)
             ^^^^^^^^^^^^^^^^
  File "C:\Users\xxsla\OneDrive\Desktop\bot\src\detector.py", line 24, in find_trees
    res = cv2.matchTemplate(screen_gray, tpl, cv2.TM_CCOEFF_NORMED)
          ^^^^^^^^^^^^^^^^^^^^^^^^^^^^^^^^^^^^^^^^^^^^^^^^^^^^^^^^^
cv2.error: OpenCV(4.11.0) D:\a\opencv-python\opencv-python\opencv\modules\imgproc\src\templmatch.cpp:1175: error: (-215:Assertion failed) _img.size().height <= _templ.size().height && _img.size().width <= _templ.size().width in function 'cv::matchTemplate'

ERROR:root:Error in loop
Traceback (most recent call last):
  File "C:\Users\xxsla\OneDrive\Desktop\bot\src\controller.py", line 20, in main_loop
    trees  = find_trees(gray)
             ^^^^^^^^^^^^^^^^
  File "C:\Users\xxsla\OneDrive\Desktop\bot\src\detector.py", line 24, in find_trees
    res = cv2.matchTemplate(screen_gray, tpl, cv2.TM_CCOEFF_NORMED)
          ^^^^^^^^^^^^^^^^^^^^^^^^^^^^^^^^^^^^^^^^^^^^^^^^^^^^^^^^^
cv2.error: OpenCV(4.11.0) D:\a\opencv-python\opencv-python\opencv\modules\imgproc\src\templmatch.cpp:1175: error: (-215:Assertion failed) _img.size().height <= _templ.size().height && _img.size().width <= _templ.size().width in function 'cv::matchTemplate'

ERROR:root:Error in loop
Traceback (most recent call last):
  File "C:\Users\xxsla\OneDrive\Desktop\bot\src\controller.py", line 20, in main_loop
    trees  = find_trees(gray)
             ^^^^^^^^^^^^^^^^
  File "C:\Users\xxsla\OneDrive\Desktop\bot\src\detector.py", line 24, in find_trees
    res = cv2.matchTemplate(screen_gray, tpl, cv2.TM_CCOEFF_NORMED)
          ^^^^^^^^^^^^^^^^^^^^^^^^^^^^^^^^^^^^^^^^^^^^^^^^^^^^^^^^^
cv2.error: OpenCV(4.11.0) D:\a\opencv-python\opencv-python\opencv\modules\imgproc\src\templmatch.cpp:1175: error: (-215:Assertion failed) _img.size().height <= _templ.size().height && _img.size().width <= _templ.size().width in function 'cv::matchTemplate'

ERROR:root:Error in loop
Traceback (most recent call last):
  File "C:\Users\xxsla\OneDrive\Desktop\bot\src\controller.py", line 20, in main_loop
    trees  = find_trees(gray)
             ^^^^^^^^^^^^^^^^
  File "C:\Users\xxsla\OneDrive\Desktop\bot\src\detector.py", line 24, in find_trees
    res = cv2.matchTemplate(screen_gray, tpl, cv2.TM_CCOEFF_NORMED)
          ^^^^^^^^^^^^^^^^^^^^^^^^^^^^^^^^^^^^^^^^^^^^^^^^^^^^^^^^^
cv2.error: OpenCV(4.11.0) D:\a\opencv-python\opencv-python\opencv\modules\imgproc\src\templmatch.cpp:1175: error: (-215:Assertion failed) _img.size().height <= _templ.size().height && _img.size().width <= _templ.size().width in function 'cv::matchTemplate'

ERROR:root:Error in loop
Traceback (most recent call last):
  File "C:\Users\xxsla\OneDrive\Desktop\bot\src\controller.py", line 20, in main_loop
    trees  = find_trees(gray)
             ^^^^^^^^^^^^^^^^
  File "C:\Users\xxsla\OneDrive\Desktop\bot\src\detector.py", line 24, in find_trees
    res = cv2.matchTemplate(screen_gray, tpl, cv2.TM_CCOEFF_NORMED)
          ^^^^^^^^^^^^^^^^^^^^^^^^^^^^^^^^^^^^^^^^^^^^^^^^^^^^^^^^^
cv2.error: OpenCV(4.11.0) D:\a\opencv-python\opencv-python\opencv\modules\imgproc\src\templmatch.cpp:1175: error: (-215:Assertion failed) _img.size().height <= _templ.size().height && _img.size().width <= _templ.size().width in function 'cv::matchTemplate'

ERROR:root:Error in loop
Traceback (most recent call last):
  File "C:\Users\xxsla\OneDrive\Desktop\bot\src\controller.py", line 20, in main_loop
    trees  = find_trees(gray)
             ^^^^^^^^^^^^^^^^
  File "C:\Users\xxsla\OneDrive\Desktop\bot\src\detector.py", line 24, in find_trees
    res = cv2.matchTemplate(screen_gray, tpl, cv2.TM_CCOEFF_NORMED)
          ^^^^^^^^^^^^^^^^^^^^^^^^^^^^^^^^^^^^^^^^^^^^^^^^^^^^^^^^^
cv2.error: OpenCV(4.11.0) D:\a\opencv-python\opencv-python\opencv\modules\imgproc\src\templmatch.cpp:1175: error: (-215:Assertion failed) _img.size().height <= _templ.size().height && _img.size().width <= _templ.size().width in function 'cv::matchTemplate'

ERROR:root:Error in loop
Traceback (most recent call last):
  File "C:\Users\xxsla\OneDrive\Desktop\bot\src\controller.py", line 20, in main_loop
    trees  = find_trees(gray)
             ^^^^^^^^^^^^^^^^
  File "C:\Users\xxsla\OneDrive\Desktop\bot\src\detector.py", line 24, in find_trees
    res = cv2.matchTemplate(screen_gray, tpl, cv2.TM_CCOEFF_NORMED)
          ^^^^^^^^^^^^^^^^^^^^^^^^^^^^^^^^^^^^^^^^^^^^^^^^^^^^^^^^^
cv2.error: OpenCV(4.11.0) D:\a\opencv-python\opencv-python\opencv\modules\imgproc\src\templmatch.cpp:1175: error: (-215:Assertion failed) _img.size().height <= _templ.size().height && _img.size().width <= _templ.size().width in function 'cv::matchTemplate'

ERROR:root:Error in loop
Traceback (most recent call last):
  File "C:\Users\xxsla\OneDrive\Desktop\bot\src\controller.py", line 20, in main_loop
    trees  = find_trees(gray)
             ^^^^^^^^^^^^^^^^
  File "C:\Users\xxsla\OneDrive\Desktop\bot\src\detector.py", line 24, in find_trees
    res = cv2.matchTemplate(screen_gray, tpl, cv2.TM_CCOEFF_NORMED)
          ^^^^^^^^^^^^^^^^^^^^^^^^^^^^^^^^^^^^^^^^^^^^^^^^^^^^^^^^^
cv2.error: OpenCV(4.11.0) D:\a\opencv-python\opencv-python\opencv\modules\imgproc\src\templmatch.cpp:1175: error: (-215:Assertion failed) _img.size().height <= _templ.size().height && _img.size().width <= _templ.size().width in function 'cv::matchTemplate'

ERROR:root:Error in loop
Traceback (most recent call last):
  File "C:\Users\xxsla\OneDrive\Desktop\bot\src\controller.py", line 20, in main_loop
    trees  = find_trees(gray)
             ^^^^^^^^^^^^^^^^
  File "C:\Users\xxsla\OneDrive\Desktop\bot\src\detector.py", line 24, in find_trees
    res = cv2.matchTemplate(screen_gray, tpl, cv2.TM_CCOEFF_NORMED)
          ^^^^^^^^^^^^^^^^^^^^^^^^^^^^^^^^^^^^^^^^^^^^^^^^^^^^^^^^^
cv2.error: OpenCV(4.11.0) D:\a\opencv-python\opencv-python\opencv\modules\imgproc\src\templmatch.cpp:1175: error: (-215:Assertion failed) _img.size().height <= _templ.size().height && _img.size().width <= _templ.size().width in function 'cv::matchTemplate'

ERROR:root:Error in loop
Traceback (most recent call last):
  File "C:\Users\xxsla\OneDrive\Desktop\bot\src\controller.py", line 20, in main_loop
    trees  = find_trees(gray)
             ^^^^^^^^^^^^^^^^
  File "C:\Users\xxsla\OneDrive\Desktop\bot\src\detector.py", line 24, in find_trees
    res = cv2.matchTemplate(screen_gray, tpl, cv2.TM_CCOEFF_NORMED)
          ^^^^^^^^^^^^^^^^^^^^^^^^^^^^^^^^^^^^^^^^^^^^^^^^^^^^^^^^^
cv2.error: OpenCV(4.11.0) D:\a\opencv-python\opencv-python\opencv\modules\imgproc\src\templmatch.cpp:1175: error: (-215:Assertion failed) _img.size().height <= _templ.size().height && _img.size().width <= _templ.size().width in function 'cv::matchTemplate'

ERROR:root:Error in loop
Traceback (most recent call last):
  File "C:\Users\xxsla\OneDrive\Desktop\bot\src\controller.py", line 20, in main_loop
    trees  = find_trees(gray)
             ^^^^^^^^^^^^^^^^
  File "C:\Users\xxsla\OneDrive\Desktop\bot\src\detector.py", line 24, in find_trees
    res = cv2.matchTemplate(screen_gray, tpl, cv2.TM_CCOEFF_NORMED)
          ^^^^^^^^^^^^^^^^^^^^^^^^^^^^^^^^^^^^^^^^^^^^^^^^^^^^^^^^^
cv2.error: OpenCV(4.11.0) D:\a\opencv-python\opencv-python\opencv\modules\imgproc\src\templmatch.cpp:1175: error: (-215:Assertion failed) _img.size().height <= _templ.size().height && _img.size().width <= _templ.size().width in function 'cv::matchTemplate'

ERROR:root:Error in loop
Traceback (most recent call last):
  File "C:\Users\xxsla\OneDrive\Desktop\bot\src\controller.py", line 20, in main_loop
    trees  = find_trees(gray)
             ^^^^^^^^^^^^^^^^
  File "C:\Users\xxsla\OneDrive\Desktop\bot\src\detector.py", line 24, in find_trees
    res = cv2.matchTemplate(screen_gray, tpl, cv2.TM_CCOEFF_NORMED)
          ^^^^^^^^^^^^^^^^^^^^^^^^^^^^^^^^^^^^^^^^^^^^^^^^^^^^^^^^^
cv2.error: OpenCV(4.11.0) D:\a\opencv-python\opencv-python\opencv\modules\imgproc\src\templmatch.cpp:1175: error: (-215:Assertion failed) _img.size().height <= _templ.size().height && _img.size().width <= _templ.size().width in function 'cv::matchTemplate'

ERROR:root:Error in loop
Traceback (most recent call last):
  File "C:\Users\xxsla\OneDrive\Desktop\bot\src\controller.py", line 20, in main_loop
    trees  = find_trees(gray)
             ^^^^^^^^^^^^^^^^
  File "C:\Users\xxsla\OneDrive\Desktop\bot\src\detector.py", line 24, in find_trees
    res = cv2.matchTemplate(screen_gray, tpl, cv2.TM_CCOEFF_NORMED)
          ^^^^^^^^^^^^^^^^^^^^^^^^^^^^^^^^^^^^^^^^^^^^^^^^^^^^^^^^^
cv2.error: OpenCV(4.11.0) D:\a\opencv-python\opencv-python\opencv\modules\imgproc\src\templmatch.cpp:1175: error: (-215:Assertion failed) _img.size().height <= _templ.size().height && _img.size().width <= _templ.size().width in function 'cv::matchTemplate'

ERROR:root:Error in loop
Traceback (most recent call last):
  File "C:\Users\xxsla\OneDrive\Desktop\bot\src\controller.py", line 20, in main_loop
    trees  = find_trees(gray)
             ^^^^^^^^^^^^^^^^
  File "C:\Users\xxsla\OneDrive\Desktop\bot\src\detector.py", line 24, in find_trees
    res = cv2.matchTemplate(screen_gray, tpl, cv2.TM_CCOEFF_NORMED)
          ^^^^^^^^^^^^^^^^^^^^^^^^^^^^^^^^^^^^^^^^^^^^^^^^^^^^^^^^^
cv2.error: OpenCV(4.11.0) D:\a\opencv-python\opencv-python\opencv\modules\imgproc\src\templmatch.cpp:1175: error: (-215:Assertion failed) _img.size().height <= _templ.size().height && _img.size().width <= _templ.size().width in function 'cv::matchTemplate'

ERROR:root:Error in loop
Traceback (most recent call last):
  File "C:\Users\xxsla\OneDrive\Desktop\bot\src\controller.py", line 20, in main_loop
    trees  = find_trees(gray)
             ^^^^^^^^^^^^^^^^
  File "C:\Users\xxsla\OneDrive\Desktop\bot\src\detector.py", line 24, in find_trees
    res = cv2.matchTemplate(screen_gray, tpl, cv2.TM_CCOEFF_NORMED)
          ^^^^^^^^^^^^^^^^^^^^^^^^^^^^^^^^^^^^^^^^^^^^^^^^^^^^^^^^^
cv2.error: OpenCV(4.11.0) D:\a\opencv-python\opencv-python\opencv\modules\imgproc\src\templmatch.cpp:1175: error: (-215:Assertion failed) _img.size().height <= _templ.size().height && _img.size().width <= _templ.size().width in function 'cv::matchTemplate'

ERROR:root:Error in loop
Traceback (most recent call last):
  File "C:\Users\xxsla\OneDrive\Desktop\bot\src\controller.py", line 20, in main_loop
    trees  = find_trees(gray)
             ^^^^^^^^^^^^^^^^
  File "C:\Users\xxsla\OneDrive\Desktop\bot\src\detector.py", line 24, in find_trees
    res = cv2.matchTemplate(screen_gray, tpl, cv2.TM_CCOEFF_NORMED)
          ^^^^^^^^^^^^^^^^^^^^^^^^^^^^^^^^^^^^^^^^^^^^^^^^^^^^^^^^^
cv2.error: OpenCV(4.11.0) D:\a\opencv-python\opencv-python\opencv\modules\imgproc\src\templmatch.cpp:1175: error: (-215:Assertion failed) _img.size().height <= _templ.size().height && _img.size().width <= _templ.size().width in function 'cv::matchTemplate'

ERROR:root:Error in loop
Traceback (most recent call last):
  File "C:\Users\xxsla\OneDrive\Desktop\bot\src\controller.py", line 20, in main_loop
    trees  = find_trees(gray)
             ^^^^^^^^^^^^^^^^
  File "C:\Users\xxsla\OneDrive\Desktop\bot\src\detector.py", line 24, in find_trees
    res = cv2.matchTemplate(screen_gray, tpl, cv2.TM_CCOEFF_NORMED)
          ^^^^^^^^^^^^^^^^^^^^^^^^^^^^^^^^^^^^^^^^^^^^^^^^^^^^^^^^^
cv2.error: OpenCV(4.11.0) D:\a\opencv-python\opencv-python\opencv\modules\imgproc\src\templmatch.cpp:1175: error: (-215:Assertion failed) _img.size().height <= _templ.size().height && _img.size().width <= _templ.size().width in function 'cv::matchTemplate'

ERROR:root:Error in loop
Traceback (most recent call last):
  File "C:\Users\xxsla\OneDrive\Desktop\bot\src\controller.py", line 20, in main_loop
    trees  = find_trees(gray)
             ^^^^^^^^^^^^^^^^
  File "C:\Users\xxsla\OneDrive\Desktop\bot\src\detector.py", line 24, in find_trees
    res = cv2.matchTemplate(screen_gray, tpl, cv2.TM_CCOEFF_NORMED)
          ^^^^^^^^^^^^^^^^^^^^^^^^^^^^^^^^^^^^^^^^^^^^^^^^^^^^^^^^^
cv2.error: OpenCV(4.11.0) D:\a\opencv-python\opencv-python\opencv\modules\imgproc\src\templmatch.cpp:1175: error: (-215:Assertion failed) _img.size().height <= _templ.size().height && _img.size().width <= _templ.size().width in function 'cv::matchTemplate'

ERROR:root:Error in loop
Traceback (most recent call last):
  File "C:\Users\xxsla\OneDrive\Desktop\bot\src\controller.py", line 20, in main_loop
    trees  = find_trees(gray)
             ^^^^^^^^^^^^^^^^
  File "C:\Users\xxsla\OneDrive\Desktop\bot\src\detector.py", line 24, in find_trees
    res = cv2.matchTemplate(screen_gray, tpl, cv2.TM_CCOEFF_NORMED)
          ^^^^^^^^^^^^^^^^^^^^^^^^^^^^^^^^^^^^^^^^^^^^^^^^^^^^^^^^^
cv2.error: OpenCV(4.11.0) D:\a\opencv-python\opencv-python\opencv\modules\imgproc\src\templmatch.cpp:1175: error: (-215:Assertion failed) _img.size().height <= _templ.size().height && _img.size().width <= _templ.size().width in function 'cv::matchTemplate'

ERROR:root:Error in loop
Traceback (most recent call last):
  File "C:\Users\xxsla\OneDrive\Desktop\bot\src\controller.py", line 20, in main_loop
    trees  = find_trees(gray)
             ^^^^^^^^^^^^^^^^
  File "C:\Users\xxsla\OneDrive\Desktop\bot\src\detector.py", line 24, in find_trees
    res = cv2.matchTemplate(screen_gray, tpl, cv2.TM_CCOEFF_NORMED)
          ^^^^^^^^^^^^^^^^^^^^^^^^^^^^^^^^^^^^^^^^^^^^^^^^^^^^^^^^^
cv2.error: OpenCV(4.11.0) D:\a\opencv-python\opencv-python\opencv\modules\imgproc\src\templmatch.cpp:1175: error: (-215:Assertion failed) _img.size().height <= _templ.size().height && _img.size().width <= _templ.size().width in function 'cv::matchTemplate'

ERROR:root:Error in loop
Traceback (most recent call last):
  File "C:\Users\xxsla\OneDrive\Desktop\bot\src\controller.py", line 20, in main_loop
    trees  = find_trees(gray)
             ^^^^^^^^^^^^^^^^
  File "C:\Users\xxsla\OneDrive\Desktop\bot\src\detector.py", line 24, in find_trees
    res = cv2.matchTemplate(screen_gray, tpl, cv2.TM_CCOEFF_NORMED)
          ^^^^^^^^^^^^^^^^^^^^^^^^^^^^^^^^^^^^^^^^^^^^^^^^^^^^^^^^^
cv2.error: OpenCV(4.11.0) D:\a\opencv-python\opencv-python\opencv\modules\imgproc\src\templmatch.cpp:1175: error: (-215:Assertion failed) _img.size().height <= _templ.size().height && _img.size().width <= _templ.size().width in function 'cv::matchTemplate'

ERROR:root:Error in loop
Traceback (most recent call last):
  File "C:\Users\xxsla\OneDrive\Desktop\bot\src\controller.py", line 20, in main_loop
    trees  = find_trees(gray)
             ^^^^^^^^^^^^^^^^
  File "C:\Users\xxsla\OneDrive\Desktop\bot\src\detector.py", line 24, in find_trees
    res = cv2.matchTemplate(screen_gray, tpl, cv2.TM_CCOEFF_NORMED)
          ^^^^^^^^^^^^^^^^^^^^^^^^^^^^^^^^^^^^^^^^^^^^^^^^^^^^^^^^^
cv2.error: OpenCV(4.11.0) D:\a\opencv-python\opencv-python\opencv\modules\imgproc\src\templmatch.cpp:1175: error: (-215:Assertion failed) _img.size().height <= _templ.size().height && _img.size().width <= _templ.size().width in function 'cv::matchTemplate'

ERROR:root:Error in loop
Traceback (most recent call last):
  File "C:\Users\xxsla\OneDrive\Desktop\bot\src\controller.py", line 20, in main_loop
    trees  = find_trees(gray)
             ^^^^^^^^^^^^^^^^
  File "C:\Users\xxsla\OneDrive\Desktop\bot\src\detector.py", line 24, in find_trees
    res = cv2.matchTemplate(screen_gray, tpl, cv2.TM_CCOEFF_NORMED)
          ^^^^^^^^^^^^^^^^^^^^^^^^^^^^^^^^^^^^^^^^^^^^^^^^^^^^^^^^^
cv2.error: OpenCV(4.11.0) D:\a\opencv-python\opencv-python\opencv\modules\imgproc\src\templmatch.cpp:1175: error: (-215:Assertion failed) _img.size().height <= _templ.size().height && _img.size().width <= _templ.size().width in function 'cv::matchTemplate'

ERROR:root:Error in loop
Traceback (most recent call last):
  File "C:\Users\xxsla\OneDrive\Desktop\bot\src\controller.py", line 20, in main_loop
    trees  = find_trees(gray)
             ^^^^^^^^^^^^^^^^
  File "C:\Users\xxsla\OneDrive\Desktop\bot\src\detector.py", line 24, in find_trees
    res = cv2.matchTemplate(screen_gray, tpl, cv2.TM_CCOEFF_NORMED)
          ^^^^^^^^^^^^^^^^^^^^^^^^^^^^^^^^^^^^^^^^^^^^^^^^^^^^^^^^^
cv2.error: OpenCV(4.11.0) D:\a\opencv-python\opencv-python\opencv\modules\imgproc\src\templmatch.cpp:1175: error: (-215:Assertion failed) _img.size().height <= _templ.size().height && _img.size().width <= _templ.size().width in function 'cv::matchTemplate'

ERROR:root:Error in loop
Traceback (most recent call last):
  File "C:\Users\xxsla\OneDrive\Desktop\bot\src\controller.py", line 20, in main_loop
    trees  = find_trees(gray)
             ^^^^^^^^^^^^^^^^
  File "C:\Users\xxsla\OneDrive\Desktop\bot\src\detector.py", line 24, in find_trees
    res = cv2.matchTemplate(screen_gray, tpl, cv2.TM_CCOEFF_NORMED)
          ^^^^^^^^^^^^^^^^^^^^^^^^^^^^^^^^^^^^^^^^^^^^^^^^^^^^^^^^^
cv2.error: OpenCV(4.11.0) D:\a\opencv-python\opencv-python\opencv\modules\imgproc\src\templmatch.cpp:1175: error: (-215:Assertion failed) _img.size().height <= _templ.size().height && _img.size().width <= _templ.size().width in function 'cv::matchTemplate'

ERROR:root:Error in loop
Traceback (most recent call last):
  File "C:\Users\xxsla\OneDrive\Desktop\bot\src\controller.py", line 20, in main_loop
    trees  = find_trees(gray)
             ^^^^^^^^^^^^^^^^
  File "C:\Users\xxsla\OneDrive\Desktop\bot\src\detector.py", line 24, in find_trees
    res = cv2.matchTemplate(screen_gray, tpl, cv2.TM_CCOEFF_NORMED)
          ^^^^^^^^^^^^^^^^^^^^^^^^^^^^^^^^^^^^^^^^^^^^^^^^^^^^^^^^^
cv2.error: OpenCV(4.11.0) D:\a\opencv-python\opencv-python\opencv\modules\imgproc\src\templmatch.cpp:1175: error: (-215:Assertion failed) _img.size().height <= _templ.size().height && _img.size().width <= _templ.size().width in function 'cv::matchTemplate'

ERROR:root:Error in loop
Traceback (most recent call last):
  File "C:\Users\xxsla\OneDrive\Desktop\bot\src\controller.py", line 20, in main_loop
    trees  = find_trees(gray)
             ^^^^^^^^^^^^^^^^
  File "C:\Users\xxsla\OneDrive\Desktop\bot\src\detector.py", line 24, in find_trees
    res = cv2.matchTemplate(screen_gray, tpl, cv2.TM_CCOEFF_NORMED)
          ^^^^^^^^^^^^^^^^^^^^^^^^^^^^^^^^^^^^^^^^^^^^^^^^^^^^^^^^^
cv2.error: OpenCV(4.11.0) D:\a\opencv-python\opencv-python\opencv\modules\imgproc\src\templmatch.cpp:1175: error: (-215:Assertion failed) _img.size().height <= _templ.size().height && _img.size().width <= _templ.size().width in function 'cv::matchTemplate'

ERROR:root:Error in loop
Traceback (most recent call last):
  File "C:\Users\xxsla\OneDrive\Desktop\bot\src\controller.py", line 20, in main_loop
    trees  = find_trees(gray)
             ^^^^^^^^^^^^^^^^
  File "C:\Users\xxsla\OneDrive\Desktop\bot\src\detector.py", line 24, in find_trees
    res = cv2.matchTemplate(screen_gray, tpl, cv2.TM_CCOEFF_NORMED)
          ^^^^^^^^^^^^^^^^^^^^^^^^^^^^^^^^^^^^^^^^^^^^^^^^^^^^^^^^^
cv2.error: OpenCV(4.11.0) D:\a\opencv-python\opencv-python\opencv\modules\imgproc\src\templmatch.cpp:1175: error: (-215:Assertion failed) _img.size().height <= _templ.size().height && _img.size().width <= _templ.size().width in function 'cv::matchTemplate'

ERROR:root:Error in loop
Traceback (most recent call last):
  File "C:\Users\xxsla\OneDrive\Desktop\bot\src\controller.py", line 20, in main_loop
    trees  = find_trees(gray)
             ^^^^^^^^^^^^^^^^
  File "C:\Users\xxsla\OneDrive\Desktop\bot\src\detector.py", line 24, in find_trees
    res = cv2.matchTemplate(screen_gray, tpl, cv2.TM_CCOEFF_NORMED)
          ^^^^^^^^^^^^^^^^^^^^^^^^^^^^^^^^^^^^^^^^^^^^^^^^^^^^^^^^^
cv2.error: OpenCV(4.11.0) D:\a\opencv-python\opencv-python\opencv\modules\imgproc\src\templmatch.cpp:1175: error: (-215:Assertion failed) _img.size().height <= _templ.size().height && _img.size().width <= _templ.size().width in function 'cv::matchTemplate'

ERROR:root:Error in loop
Traceback (most recent call last):
  File "C:\Users\xxsla\OneDrive\Desktop\bot\src\controller.py", line 20, in main_loop
    trees  = find_trees(gray)
             ^^^^^^^^^^^^^^^^
  File "C:\Users\xxsla\OneDrive\Desktop\bot\src\detector.py", line 24, in find_trees
    res = cv2.matchTemplate(screen_gray, tpl, cv2.TM_CCOEFF_NORMED)
          ^^^^^^^^^^^^^^^^^^^^^^^^^^^^^^^^^^^^^^^^^^^^^^^^^^^^^^^^^
cv2.error: OpenCV(4.11.0) D:\a\opencv-python\opencv-python\opencv\modules\imgproc\src\templmatch.cpp:1175: error: (-215:Assertion failed) _img.size().height <= _templ.size().height && _img.size().width <= _templ.size().width in function 'cv::matchTemplate'

ERROR:root:Error in loop
Traceback (most recent call last):
  File "C:\Users\xxsla\OneDrive\Desktop\bot\src\controller.py", line 20, in main_loop
    trees  = find_trees(gray)
             ^^^^^^^^^^^^^^^^
  File "C:\Users\xxsla\OneDrive\Desktop\bot\src\detector.py", line 24, in find_trees
    res = cv2.matchTemplate(screen_gray, tpl, cv2.TM_CCOEFF_NORMED)
          ^^^^^^^^^^^^^^^^^^^^^^^^^^^^^^^^^^^^^^^^^^^^^^^^^^^^^^^^^
cv2.error: OpenCV(4.11.0) D:\a\opencv-python\opencv-python\opencv\modules\imgproc\src\templmatch.cpp:1175: error: (-215:Assertion failed) _img.size().height <= _templ.size().height && _img.size().width <= _templ.size().width in function 'cv::matchTemplate'

ERROR:root:Error in loop
Traceback (most recent call last):
  File "C:\Users\xxsla\OneDrive\Desktop\bot\src\controller.py", line 20, in main_loop
    trees  = find_trees(gray)
             ^^^^^^^^^^^^^^^^
  File "C:\Users\xxsla\OneDrive\Desktop\bot\src\detector.py", line 24, in find_trees
    res = cv2.matchTemplate(screen_gray, tpl, cv2.TM_CCOEFF_NORMED)
          ^^^^^^^^^^^^^^^^^^^^^^^^^^^^^^^^^^^^^^^^^^^^^^^^^^^^^^^^^
cv2.error: OpenCV(4.11.0) D:\a\opencv-python\opencv-python\opencv\modules\imgproc\src\templmatch.cpp:1175: error: (-215:Assertion failed) _img.size().height <= _templ.size().height && _img.size().width <= _templ.size().width in function 'cv::matchTemplate'

ERROR:root:Error in loop
Traceback (most recent call last):
  File "C:\Users\xxsla\OneDrive\Desktop\bot\src\controller.py", line 20, in main_loop
    trees  = find_trees(gray)
             ^^^^^^^^^^^^^^^^
  File "C:\Users\xxsla\OneDrive\Desktop\bot\src\detector.py", line 24, in find_trees
    res = cv2.matchTemplate(screen_gray, tpl, cv2.TM_CCOEFF_NORMED)
          ^^^^^^^^^^^^^^^^^^^^^^^^^^^^^^^^^^^^^^^^^^^^^^^^^^^^^^^^^
cv2.error: OpenCV(4.11.0) D:\a\opencv-python\opencv-python\opencv\modules\imgproc\src\templmatch.cpp:1175: error: (-215:Assertion failed) _img.size().height <= _templ.size().height && _img.size().width <= _templ.size().width in function 'cv::matchTemplate'

ERROR:root:Error in loop
Traceback (most recent call last):
  File "C:\Users\xxsla\OneDrive\Desktop\bot\src\controller.py", line 20, in main_loop
    trees  = find_trees(gray)
             ^^^^^^^^^^^^^^^^
  File "C:\Users\xxsla\OneDrive\Desktop\bot\src\detector.py", line 24, in find_trees
    res = cv2.matchTemplate(screen_gray, tpl, cv2.TM_CCOEFF_NORMED)
          ^^^^^^^^^^^^^^^^^^^^^^^^^^^^^^^^^^^^^^^^^^^^^^^^^^^^^^^^^
cv2.error: OpenCV(4.11.0) D:\a\opencv-python\opencv-python\opencv\modules\imgproc\src\templmatch.cpp:1175: error: (-215:Assertion failed) _img.size().height <= _templ.size().height && _img.size().width <= _templ.size().width in function 'cv::matchTemplate'

ERROR:root:Error in loop
Traceback (most recent call last):
  File "C:\Users\xxsla\OneDrive\Desktop\bot\src\controller.py", line 20, in main_loop
    trees  = find_trees(gray)
             ^^^^^^^^^^^^^^^^
  File "C:\Users\xxsla\OneDrive\Desktop\bot\src\detector.py", line 24, in find_trees
    res = cv2.matchTemplate(screen_gray, tpl, cv2.TM_CCOEFF_NORMED)
          ^^^^^^^^^^^^^^^^^^^^^^^^^^^^^^^^^^^^^^^^^^^^^^^^^^^^^^^^^
cv2.error: OpenCV(4.11.0) D:\a\opencv-python\opencv-python\opencv\modules\imgproc\src\templmatch.cpp:1175: error: (-215:Assertion failed) _img.size().height <= _templ.size().height && _img.size().width <= _templ.size().width in function 'cv::matchTemplate'

ERROR:root:Error in loop
Traceback (most recent call last):
  File "C:\Users\xxsla\OneDrive\Desktop\bot\src\controller.py", line 20, in main_loop
    trees  = find_trees(gray)
             ^^^^^^^^^^^^^^^^
  File "C:\Users\xxsla\OneDrive\Desktop\bot\src\detector.py", line 24, in find_trees
    res = cv2.matchTemplate(screen_gray, tpl, cv2.TM_CCOEFF_NORMED)
          ^^^^^^^^^^^^^^^^^^^^^^^^^^^^^^^^^^^^^^^^^^^^^^^^^^^^^^^^^
cv2.error: OpenCV(4.11.0) D:\a\opencv-python\opencv-python\opencv\modules\imgproc\src\templmatch.cpp:1175: error: (-215:Assertion failed) _img.size().height <= _templ.size().height && _img.size().width <= _templ.size().width in function 'cv::matchTemplate'

ERROR:root:Error in loop
Traceback (most recent call last):
  File "C:\Users\xxsla\OneDrive\Desktop\bot\src\controller.py", line 20, in main_loop
    trees  = find_trees(gray)
             ^^^^^^^^^^^^^^^^
  File "C:\Users\xxsla\OneDrive\Desktop\bot\src\detector.py", line 24, in find_trees
    res = cv2.matchTemplate(screen_gray, tpl, cv2.TM_CCOEFF_NORMED)
          ^^^^^^^^^^^^^^^^^^^^^^^^^^^^^^^^^^^^^^^^^^^^^^^^^^^^^^^^^
cv2.error: OpenCV(4.11.0) D:\a\opencv-python\opencv-python\opencv\modules\imgproc\src\templmatch.cpp:1175: error: (-215:Assertion failed) _img.size().height <= _templ.size().height && _img.size().width <= _templ.size().width in function 'cv::matchTemplate'

ERROR:root:Error in loop
Traceback (most recent call last):
  File "C:\Users\xxsla\OneDrive\Desktop\bot\src\controller.py", line 20, in main_loop
    trees  = find_trees(gray)
             ^^^^^^^^^^^^^^^^
  File "C:\Users\xxsla\OneDrive\Desktop\bot\src\detector.py", line 24, in find_trees
    res = cv2.matchTemplate(screen_gray, tpl, cv2.TM_CCOEFF_NORMED)
          ^^^^^^^^^^^^^^^^^^^^^^^^^^^^^^^^^^^^^^^^^^^^^^^^^^^^^^^^^
cv2.error: OpenCV(4.11.0) D:\a\opencv-python\opencv-python\opencv\modules\imgproc\src\templmatch.cpp:1175: error: (-215:Assertion failed) _img.size().height <= _templ.size().height && _img.size().width <= _templ.size().width in function 'cv::matchTemplate'

ERROR:root:Error in loop
Traceback (most recent call last):
  File "C:\Users\xxsla\OneDrive\Desktop\bot\src\controller.py", line 20, in main_loop
    trees  = find_trees(gray)
             ^^^^^^^^^^^^^^^^
  File "C:\Users\xxsla\OneDrive\Desktop\bot\src\detector.py", line 24, in find_trees
    res = cv2.matchTemplate(screen_gray, tpl, cv2.TM_CCOEFF_NORMED)
          ^^^^^^^^^^^^^^^^^^^^^^^^^^^^^^^^^^^^^^^^^^^^^^^^^^^^^^^^^
cv2.error: OpenCV(4.11.0) D:\a\opencv-python\opencv-python\opencv\modules\imgproc\src\templmatch.cpp:1175: error: (-215:Assertion failed) _img.size().height <= _templ.size().height && _img.size().width <= _templ.size().width in function 'cv::matchTemplate'

INFO:root:Quit keystopping.
INFO:root:Bot stopped
INFO:root:Bot started
ERROR:root:Error in main loop
Traceback (most recent call last):
  File "C:\Users\xxsla\OneDrive\Desktop\bot\src\controller.py", line 24, in main_loop
    trees = find_trees(gray)
            ^^^^^^^^^^^^^^^^
  File "C:\Users\xxsla\OneDrive\Desktop\bot\src\detector.py", line 18, in find_trees
    res = cv2.matchTemplate(screen_gray, tpl, cv2.TM_CCOEFF_NORMED)
          ^^^^^^^^^^^^^^^^^^^^^^^^^^^^^^^^^^^^^^^^^^^^^^^^^^^^^^^^^
cv2.error: OpenCV(4.11.0) D:\a\opencv-python\opencv-python\opencv\modules\imgproc\src\templmatch.cpp:1175: error: (-215:Assertion failed) _img.size().height <= _templ.size().height && _img.size().width <= _templ.size().width in function 'cv::matchTemplate'

ERROR:root:Error in main loop
Traceback (most recent call last):
  File "C:\Users\xxsla\OneDrive\Desktop\bot\src\controller.py", line 24, in main_loop
    trees = find_trees(gray)
            ^^^^^^^^^^^^^^^^
  File "C:\Users\xxsla\OneDrive\Desktop\bot\src\detector.py", line 18, in find_trees
    res = cv2.matchTemplate(screen_gray, tpl, cv2.TM_CCOEFF_NORMED)
          ^^^^^^^^^^^^^^^^^^^^^^^^^^^^^^^^^^^^^^^^^^^^^^^^^^^^^^^^^
cv2.error: OpenCV(4.11.0) D:\a\opencv-python\opencv-python\opencv\modules\imgproc\src\templmatch.cpp:1175: error: (-215:Assertion failed) _img.size().height <= _templ.size().height && _img.size().width <= _templ.size().width in function 'cv::matchTemplate'

ERROR:root:Error in main loop
Traceback (most recent call last):
  File "C:\Users\xxsla\OneDrive\Desktop\bot\src\controller.py", line 24, in main_loop
    trees = find_trees(gray)
            ^^^^^^^^^^^^^^^^
  File "C:\Users\xxsla\OneDrive\Desktop\bot\src\detector.py", line 18, in find_trees
    res = cv2.matchTemplate(screen_gray, tpl, cv2.TM_CCOEFF_NORMED)
          ^^^^^^^^^^^^^^^^^^^^^^^^^^^^^^^^^^^^^^^^^^^^^^^^^^^^^^^^^
cv2.error: OpenCV(4.11.0) D:\a\opencv-python\opencv-python\opencv\modules\imgproc\src\templmatch.cpp:1175: error: (-215:Assertion failed) _img.size().height <= _templ.size().height && _img.size().width <= _templ.size().width in function 'cv::matchTemplate'

ERROR:root:Error in main loop
Traceback (most recent call last):
  File "C:\Users\xxsla\OneDrive\Desktop\bot\src\controller.py", line 24, in main_loop
    trees = find_trees(gray)
            ^^^^^^^^^^^^^^^^
  File "C:\Users\xxsla\OneDrive\Desktop\bot\src\detector.py", line 18, in find_trees
    res = cv2.matchTemplate(screen_gray, tpl, cv2.TM_CCOEFF_NORMED)
          ^^^^^^^^^^^^^^^^^^^^^^^^^^^^^^^^^^^^^^^^^^^^^^^^^^^^^^^^^
cv2.error: OpenCV(4.11.0) D:\a\opencv-python\opencv-python\opencv\modules\imgproc\src\templmatch.cpp:1175: error: (-215:Assertion failed) _img.size().height <= _templ.size().height && _img.size().width <= _templ.size().width in function 'cv::matchTemplate'

ERROR:root:Error in main loop
Traceback (most recent call last):
  File "C:\Users\xxsla\OneDrive\Desktop\bot\src\controller.py", line 24, in main_loop
    trees = find_trees(gray)
            ^^^^^^^^^^^^^^^^
  File "C:\Users\xxsla\OneDrive\Desktop\bot\src\detector.py", line 18, in find_trees
    res = cv2.matchTemplate(screen_gray, tpl, cv2.TM_CCOEFF_NORMED)
          ^^^^^^^^^^^^^^^^^^^^^^^^^^^^^^^^^^^^^^^^^^^^^^^^^^^^^^^^^
cv2.error: OpenCV(4.11.0) D:\a\opencv-python\opencv-python\opencv\modules\imgproc\src\templmatch.cpp:1175: error: (-215:Assertion failed) _img.size().height <= _templ.size().height && _img.size().width <= _templ.size().width in function 'cv::matchTemplate'

ERROR:root:Error in main loop
Traceback (most recent call last):
  File "C:\Users\xxsla\OneDrive\Desktop\bot\src\controller.py", line 24, in main_loop
    trees = find_trees(gray)
            ^^^^^^^^^^^^^^^^
  File "C:\Users\xxsla\OneDrive\Desktop\bot\src\detector.py", line 18, in find_trees
    res = cv2.matchTemplate(screen_gray, tpl, cv2.TM_CCOEFF_NORMED)
          ^^^^^^^^^^^^^^^^^^^^^^^^^^^^^^^^^^^^^^^^^^^^^^^^^^^^^^^^^
cv2.error: OpenCV(4.11.0) D:\a\opencv-python\opencv-python\opencv\modules\imgproc\src\templmatch.cpp:1175: error: (-215:Assertion failed) _img.size().height <= _templ.size().height && _img.size().width <= _templ.size().width in function 'cv::matchTemplate'

ERROR:root:Error in main loop
Traceback (most recent call last):
  File "C:\Users\xxsla\OneDrive\Desktop\bot\src\controller.py", line 24, in main_loop
    trees = find_trees(gray)
            ^^^^^^^^^^^^^^^^
  File "C:\Users\xxsla\OneDrive\Desktop\bot\src\detector.py", line 18, in find_trees
    res = cv2.matchTemplate(screen_gray, tpl, cv2.TM_CCOEFF_NORMED)
          ^^^^^^^^^^^^^^^^^^^^^^^^^^^^^^^^^^^^^^^^^^^^^^^^^^^^^^^^^
cv2.error: OpenCV(4.11.0) D:\a\opencv-python\opencv-python\opencv\modules\imgproc\src\templmatch.cpp:1175: error: (-215:Assertion failed) _img.size().height <= _templ.size().height && _img.size().width <= _templ.size().width in function 'cv::matchTemplate'

ERROR:root:Error in main loop
Traceback (most recent call last):
  File "C:\Users\xxsla\OneDrive\Desktop\bot\src\controller.py", line 24, in main_loop
    trees = find_trees(gray)
            ^^^^^^^^^^^^^^^^
  File "C:\Users\xxsla\OneDrive\Desktop\bot\src\detector.py", line 18, in find_trees
    res = cv2.matchTemplate(screen_gray, tpl, cv2.TM_CCOEFF_NORMED)
          ^^^^^^^^^^^^^^^^^^^^^^^^^^^^^^^^^^^^^^^^^^^^^^^^^^^^^^^^^
cv2.error: OpenCV(4.11.0) D:\a\opencv-python\opencv-python\opencv\modules\imgproc\src\templmatch.cpp:1175: error: (-215:Assertion failed) _img.size().height <= _templ.size().height && _img.size().width <= _templ.size().width in function 'cv::matchTemplate'

ERROR:root:Error in main loop
Traceback (most recent call last):
  File "C:\Users\xxsla\OneDrive\Desktop\bot\src\controller.py", line 24, in main_loop
    trees = find_trees(gray)
            ^^^^^^^^^^^^^^^^
  File "C:\Users\xxsla\OneDrive\Desktop\bot\src\detector.py", line 18, in find_trees
    res = cv2.matchTemplate(screen_gray, tpl, cv2.TM_CCOEFF_NORMED)
          ^^^^^^^^^^^^^^^^^^^^^^^^^^^^^^^^^^^^^^^^^^^^^^^^^^^^^^^^^
cv2.error: OpenCV(4.11.0) D:\a\opencv-python\opencv-python\opencv\modules\imgproc\src\templmatch.cpp:1175: error: (-215:Assertion failed) _img.size().height <= _templ.size().height && _img.size().width <= _templ.size().width in function 'cv::matchTemplate'

ERROR:root:Error in main loop
Traceback (most recent call last):
  File "C:\Users\xxsla\OneDrive\Desktop\bot\src\controller.py", line 24, in main_loop
    trees = find_trees(gray)
            ^^^^^^^^^^^^^^^^
  File "C:\Users\xxsla\OneDrive\Desktop\bot\src\detector.py", line 18, in find_trees
    res = cv2.matchTemplate(screen_gray, tpl, cv2.TM_CCOEFF_NORMED)
          ^^^^^^^^^^^^^^^^^^^^^^^^^^^^^^^^^^^^^^^^^^^^^^^^^^^^^^^^^
cv2.error: OpenCV(4.11.0) D:\a\opencv-python\opencv-python\opencv\modules\imgproc\src\templmatch.cpp:1175: error: (-215:Assertion failed) _img.size().height <= _templ.size().height && _img.size().width <= _templ.size().width in function 'cv::matchTemplate'

ERROR:root:Error in main loop
Traceback (most recent call last):
  File "C:\Users\xxsla\OneDrive\Desktop\bot\src\controller.py", line 24, in main_loop
    trees = find_trees(gray)
            ^^^^^^^^^^^^^^^^
  File "C:\Users\xxsla\OneDrive\Desktop\bot\src\detector.py", line 18, in find_trees
    res = cv2.matchTemplate(screen_gray, tpl, cv2.TM_CCOEFF_NORMED)
          ^^^^^^^^^^^^^^^^^^^^^^^^^^^^^^^^^^^^^^^^^^^^^^^^^^^^^^^^^
cv2.error: OpenCV(4.11.0) D:\a\opencv-python\opencv-python\opencv\modules\imgproc\src\templmatch.cpp:1175: error: (-215:Assertion failed) _img.size().height <= _templ.size().height && _img.size().width <= _templ.size().width in function 'cv::matchTemplate'

ERROR:root:Error in main loop
Traceback (most recent call last):
  File "C:\Users\xxsla\OneDrive\Desktop\bot\src\controller.py", line 24, in main_loop
    trees = find_trees(gray)
            ^^^^^^^^^^^^^^^^
  File "C:\Users\xxsla\OneDrive\Desktop\bot\src\detector.py", line 18, in find_trees
    res = cv2.matchTemplate(screen_gray, tpl, cv2.TM_CCOEFF_NORMED)
          ^^^^^^^^^^^^^^^^^^^^^^^^^^^^^^^^^^^^^^^^^^^^^^^^^^^^^^^^^
cv2.error: OpenCV(4.11.0) D:\a\opencv-python\opencv-python\opencv\modules\imgproc\src\templmatch.cpp:1175: error: (-215:Assertion failed) _img.size().height <= _templ.size().height && _img.size().width <= _templ.size().width in function 'cv::matchTemplate'

ERROR:root:Error in main loop
Traceback (most recent call last):
  File "C:\Users\xxsla\OneDrive\Desktop\bot\src\controller.py", line 24, in main_loop
    trees = find_trees(gray)
            ^^^^^^^^^^^^^^^^
  File "C:\Users\xxsla\OneDrive\Desktop\bot\src\detector.py", line 18, in find_trees
    res = cv2.matchTemplate(screen_gray, tpl, cv2.TM_CCOEFF_NORMED)
          ^^^^^^^^^^^^^^^^^^^^^^^^^^^^^^^^^^^^^^^^^^^^^^^^^^^^^^^^^
cv2.error: OpenCV(4.11.0) D:\a\opencv-python\opencv-python\opencv\modules\imgproc\src\templmatch.cpp:1175: error: (-215:Assertion failed) _img.size().height <= _templ.size().height && _img.size().width <= _templ.size().width in function 'cv::matchTemplate'

ERROR:root:Error in main loop
Traceback (most recent call last):
  File "C:\Users\xxsla\OneDrive\Desktop\bot\src\controller.py", line 24, in main_loop
    trees = find_trees(gray)
            ^^^^^^^^^^^^^^^^
  File "C:\Users\xxsla\OneDrive\Desktop\bot\src\detector.py", line 18, in find_trees
    res = cv2.matchTemplate(screen_gray, tpl, cv2.TM_CCOEFF_NORMED)
          ^^^^^^^^^^^^^^^^^^^^^^^^^^^^^^^^^^^^^^^^^^^^^^^^^^^^^^^^^
cv2.error: OpenCV(4.11.0) D:\a\opencv-python\opencv-python\opencv\modules\imgproc\src\templmatch.cpp:1175: error: (-215:Assertion failed) _img.size().height <= _templ.size().height && _img.size().width <= _templ.size().width in function 'cv::matchTemplate'

ERROR:root:Error in main loop
Traceback (most recent call last):
  File "C:\Users\xxsla\OneDrive\Desktop\bot\src\controller.py", line 24, in main_loop
    trees = find_trees(gray)
            ^^^^^^^^^^^^^^^^
  File "C:\Users\xxsla\OneDrive\Desktop\bot\src\detector.py", line 18, in find_trees
    res = cv2.matchTemplate(screen_gray, tpl, cv2.TM_CCOEFF_NORMED)
          ^^^^^^^^^^^^^^^^^^^^^^^^^^^^^^^^^^^^^^^^^^^^^^^^^^^^^^^^^
cv2.error: OpenCV(4.11.0) D:\a\opencv-python\opencv-python\opencv\modules\imgproc\src\templmatch.cpp:1175: error: (-215:Assertion failed) _img.size().height <= _templ.size().height && _img.size().width <= _templ.size().width in function 'cv::matchTemplate'

ERROR:root:Error in main loop
Traceback (most recent call last):
  File "C:\Users\xxsla\OneDrive\Desktop\bot\src\controller.py", line 24, in main_loop
    trees = find_trees(gray)
            ^^^^^^^^^^^^^^^^
  File "C:\Users\xxsla\OneDrive\Desktop\bot\src\detector.py", line 18, in find_trees
    res = cv2.matchTemplate(screen_gray, tpl, cv2.TM_CCOEFF_NORMED)
          ^^^^^^^^^^^^^^^^^^^^^^^^^^^^^^^^^^^^^^^^^^^^^^^^^^^^^^^^^
cv2.error: OpenCV(4.11.0) D:\a\opencv-python\opencv-python\opencv\modules\imgproc\src\templmatch.cpp:1175: error: (-215:Assertion failed) _img.size().height <= _templ.size().height && _img.size().width <= _templ.size().width in function 'cv::matchTemplate'

ERROR:root:Error in main loop
Traceback (most recent call last):
  File "C:\Users\xxsla\OneDrive\Desktop\bot\src\controller.py", line 24, in main_loop
    trees = find_trees(gray)
            ^^^^^^^^^^^^^^^^
  File "C:\Users\xxsla\OneDrive\Desktop\bot\src\detector.py", line 18, in find_trees
    res = cv2.matchTemplate(screen_gray, tpl, cv2.TM_CCOEFF_NORMED)
          ^^^^^^^^^^^^^^^^^^^^^^^^^^^^^^^^^^^^^^^^^^^^^^^^^^^^^^^^^
cv2.error: OpenCV(4.11.0) D:\a\opencv-python\opencv-python\opencv\modules\imgproc\src\templmatch.cpp:1175: error: (-215:Assertion failed) _img.size().height <= _templ.size().height && _img.size().width <= _templ.size().width in function 'cv::matchTemplate'

ERROR:root:Error in main loop
Traceback (most recent call last):
  File "C:\Users\xxsla\OneDrive\Desktop\bot\src\controller.py", line 24, in main_loop
    trees = find_trees(gray)
            ^^^^^^^^^^^^^^^^
  File "C:\Users\xxsla\OneDrive\Desktop\bot\src\detector.py", line 18, in find_trees
    res = cv2.matchTemplate(screen_gray, tpl, cv2.TM_CCOEFF_NORMED)
          ^^^^^^^^^^^^^^^^^^^^^^^^^^^^^^^^^^^^^^^^^^^^^^^^^^^^^^^^^
cv2.error: OpenCV(4.11.0) D:\a\opencv-python\opencv-python\opencv\modules\imgproc\src\templmatch.cpp:1175: error: (-215:Assertion failed) _img.size().height <= _templ.size().height && _img.size().width <= _templ.size().width in function 'cv::matchTemplate'

ERROR:root:Error in main loop
Traceback (most recent call last):
  File "C:\Users\xxsla\OneDrive\Desktop\bot\src\controller.py", line 24, in main_loop
    trees = find_trees(gray)
            ^^^^^^^^^^^^^^^^
  File "C:\Users\xxsla\OneDrive\Desktop\bot\src\detector.py", line 18, in find_trees
    res = cv2.matchTemplate(screen_gray, tpl, cv2.TM_CCOEFF_NORMED)
          ^^^^^^^^^^^^^^^^^^^^^^^^^^^^^^^^^^^^^^^^^^^^^^^^^^^^^^^^^
cv2.error: OpenCV(4.11.0) D:\a\opencv-python\opencv-python\opencv\modules\imgproc\src\templmatch.cpp:1175: error: (-215:Assertion failed) _img.size().height <= _templ.size().height && _img.size().width <= _templ.size().width in function 'cv::matchTemplate'

ERROR:root:Error in main loop
Traceback (most recent call last):
  File "C:\Users\xxsla\OneDrive\Desktop\bot\src\controller.py", line 24, in main_loop
    trees = find_trees(gray)
            ^^^^^^^^^^^^^^^^
  File "C:\Users\xxsla\OneDrive\Desktop\bot\src\detector.py", line 18, in find_trees
    res = cv2.matchTemplate(screen_gray, tpl, cv2.TM_CCOEFF_NORMED)
          ^^^^^^^^^^^^^^^^^^^^^^^^^^^^^^^^^^^^^^^^^^^^^^^^^^^^^^^^^
cv2.error: OpenCV(4.11.0) D:\a\opencv-python\opencv-python\opencv\modules\imgproc\src\templmatch.cpp:1175: error: (-215:Assertion failed) _img.size().height <= _templ.size().height && _img.size().width <= _templ.size().width in function 'cv::matchTemplate'

ERROR:root:Error in main loop
Traceback (most recent call last):
  File "C:\Users\xxsla\OneDrive\Desktop\bot\src\controller.py", line 24, in main_loop
    trees = find_trees(gray)
            ^^^^^^^^^^^^^^^^
  File "C:\Users\xxsla\OneDrive\Desktop\bot\src\detector.py", line 18, in find_trees
    res = cv2.matchTemplate(screen_gray, tpl, cv2.TM_CCOEFF_NORMED)
          ^^^^^^^^^^^^^^^^^^^^^^^^^^^^^^^^^^^^^^^^^^^^^^^^^^^^^^^^^
cv2.error: OpenCV(4.11.0) D:\a\opencv-python\opencv-python\opencv\modules\imgproc\src\templmatch.cpp:1175: error: (-215:Assertion failed) _img.size().height <= _templ.size().height && _img.size().width <= _templ.size().width in function 'cv::matchTemplate'

ERROR:root:Error in main loop
Traceback (most recent call last):
  File "C:\Users\xxsla\OneDrive\Desktop\bot\src\controller.py", line 24, in main_loop
    trees = find_trees(gray)
            ^^^^^^^^^^^^^^^^
  File "C:\Users\xxsla\OneDrive\Desktop\bot\src\detector.py", line 18, in find_trees
    res = cv2.matchTemplate(screen_gray, tpl, cv2.TM_CCOEFF_NORMED)
          ^^^^^^^^^^^^^^^^^^^^^^^^^^^^^^^^^^^^^^^^^^^^^^^^^^^^^^^^^
cv2.error: OpenCV(4.11.0) D:\a\opencv-python\opencv-python\opencv\modules\imgproc\src\templmatch.cpp:1175: error: (-215:Assertion failed) _img.size().height <= _templ.size().height && _img.size().width <= _templ.size().width in function 'cv::matchTemplate'

ERROR:root:Error in main loop
Traceback (most recent call last):
  File "C:\Users\xxsla\OneDrive\Desktop\bot\src\controller.py", line 24, in main_loop
    trees = find_trees(gray)
            ^^^^^^^^^^^^^^^^
  File "C:\Users\xxsla\OneDrive\Desktop\bot\src\detector.py", line 18, in find_trees
    res = cv2.matchTemplate(screen_gray, tpl, cv2.TM_CCOEFF_NORMED)
          ^^^^^^^^^^^^^^^^^^^^^^^^^^^^^^^^^^^^^^^^^^^^^^^^^^^^^^^^^
cv2.error: OpenCV(4.11.0) D:\a\opencv-python\opencv-python\opencv\modules\imgproc\src\templmatch.cpp:1175: error: (-215:Assertion failed) _img.size().height <= _templ.size().height && _img.size().width <= _templ.size().width in function 'cv::matchTemplate'

ERROR:root:Error in main loop
Traceback (most recent call last):
  File "C:\Users\xxsla\OneDrive\Desktop\bot\src\controller.py", line 24, in main_loop
    trees = find_trees(gray)
            ^^^^^^^^^^^^^^^^
  File "C:\Users\xxsla\OneDrive\Desktop\bot\src\detector.py", line 18, in find_trees
    res = cv2.matchTemplate(screen_gray, tpl, cv2.TM_CCOEFF_NORMED)
          ^^^^^^^^^^^^^^^^^^^^^^^^^^^^^^^^^^^^^^^^^^^^^^^^^^^^^^^^^
cv2.error: OpenCV(4.11.0) D:\a\opencv-python\opencv-python\opencv\modules\imgproc\src\templmatch.cpp:1175: error: (-215:Assertion failed) _img.size().height <= _templ.size().height && _img.size().width <= _templ.size().width in function 'cv::matchTemplate'

ERROR:root:Error in main loop
Traceback (most recent call last):
  File "C:\Users\xxsla\OneDrive\Desktop\bot\src\controller.py", line 24, in main_loop
    trees = find_trees(gray)
            ^^^^^^^^^^^^^^^^
  File "C:\Users\xxsla\OneDrive\Desktop\bot\src\detector.py", line 18, in find_trees
    res = cv2.matchTemplate(screen_gray, tpl, cv2.TM_CCOEFF_NORMED)
          ^^^^^^^^^^^^^^^^^^^^^^^^^^^^^^^^^^^^^^^^^^^^^^^^^^^^^^^^^
cv2.error: OpenCV(4.11.0) D:\a\opencv-python\opencv-python\opencv\modules\imgproc\src\templmatch.cpp:1175: error: (-215:Assertion failed) _img.size().height <= _templ.size().height && _img.size().width <= _templ.size().width in function 'cv::matchTemplate'

ERROR:root:Error in main loop
Traceback (most recent call last):
  File "C:\Users\xxsla\OneDrive\Desktop\bot\src\controller.py", line 24, in main_loop
    trees = find_trees(gray)
            ^^^^^^^^^^^^^^^^
  File "C:\Users\xxsla\OneDrive\Desktop\bot\src\detector.py", line 18, in find_trees
    res = cv2.matchTemplate(screen_gray, tpl, cv2.TM_CCOEFF_NORMED)
          ^^^^^^^^^^^^^^^^^^^^^^^^^^^^^^^^^^^^^^^^^^^^^^^^^^^^^^^^^
cv2.error: OpenCV(4.11.0) D:\a\opencv-python\opencv-python\opencv\modules\imgproc\src\templmatch.cpp:1175: error: (-215:Assertion failed) _img.size().height <= _templ.size().height && _img.size().width <= _templ.size().width in function 'cv::matchTemplate'

ERROR:root:Error in main loop
Traceback (most recent call last):
  File "C:\Users\xxsla\OneDrive\Desktop\bot\src\controller.py", line 24, in main_loop
    trees = find_trees(gray)
            ^^^^^^^^^^^^^^^^
  File "C:\Users\xxsla\OneDrive\Desktop\bot\src\detector.py", line 18, in find_trees
    res = cv2.matchTemplate(screen_gray, tpl, cv2.TM_CCOEFF_NORMED)
          ^^^^^^^^^^^^^^^^^^^^^^^^^^^^^^^^^^^^^^^^^^^^^^^^^^^^^^^^^
cv2.error: OpenCV(4.11.0) D:\a\opencv-python\opencv-python\opencv\modules\imgproc\src\templmatch.cpp:1175: error: (-215:Assertion failed) _img.size().height <= _templ.size().height && _img.size().width <= _templ.size().width in function 'cv::matchTemplate'

ERROR:root:Error in main loop
Traceback (most recent call last):
  File "C:\Users\xxsla\OneDrive\Desktop\bot\src\controller.py", line 24, in main_loop
    trees = find_trees(gray)
            ^^^^^^^^^^^^^^^^
  File "C:\Users\xxsla\OneDrive\Desktop\bot\src\detector.py", line 18, in find_trees
    res = cv2.matchTemplate(screen_gray, tpl, cv2.TM_CCOEFF_NORMED)
          ^^^^^^^^^^^^^^^^^^^^^^^^^^^^^^^^^^^^^^^^^^^^^^^^^^^^^^^^^
cv2.error: OpenCV(4.11.0) D:\a\opencv-python\opencv-python\opencv\modules\imgproc\src\templmatch.cpp:1175: error: (-215:Assertion failed) _img.size().height <= _templ.size().height && _img.size().width <= _templ.size().width in function 'cv::matchTemplate'

ERROR:root:Error in main loop
Traceback (most recent call last):
  File "C:\Users\xxsla\OneDrive\Desktop\bot\src\controller.py", line 24, in main_loop
    trees = find_trees(gray)
            ^^^^^^^^^^^^^^^^
  File "C:\Users\xxsla\OneDrive\Desktop\bot\src\detector.py", line 18, in find_trees
    res = cv2.matchTemplate(screen_gray, tpl, cv2.TM_CCOEFF_NORMED)
          ^^^^^^^^^^^^^^^^^^^^^^^^^^^^^^^^^^^^^^^^^^^^^^^^^^^^^^^^^
cv2.error: OpenCV(4.11.0) D:\a\opencv-python\opencv-python\opencv\modules\imgproc\src\templmatch.cpp:1175: error: (-215:Assertion failed) _img.size().height <= _templ.size().height && _img.size().width <= _templ.size().width in function 'cv::matchTemplate'

ERROR:root:Error in main loop
Traceback (most recent call last):
  File "C:\Users\xxsla\OneDrive\Desktop\bot\src\controller.py", line 24, in main_loop
    trees = find_trees(gray)
            ^^^^^^^^^^^^^^^^
  File "C:\Users\xxsla\OneDrive\Desktop\bot\src\detector.py", line 18, in find_trees
    res = cv2.matchTemplate(screen_gray, tpl, cv2.TM_CCOEFF_NORMED)
          ^^^^^^^^^^^^^^^^^^^^^^^^^^^^^^^^^^^^^^^^^^^^^^^^^^^^^^^^^
cv2.error: OpenCV(4.11.0) D:\a\opencv-python\opencv-python\opencv\modules\imgproc\src\templmatch.cpp:1175: error: (-215:Assertion failed) _img.size().height <= _templ.size().height && _img.size().width <= _templ.size().width in function 'cv::matchTemplate'

ERROR:root:Error in main loop
Traceback (most recent call last):
  File "C:\Users\xxsla\OneDrive\Desktop\bot\src\controller.py", line 24, in main_loop
    trees = find_trees(gray)
            ^^^^^^^^^^^^^^^^
  File "C:\Users\xxsla\OneDrive\Desktop\bot\src\detector.py", line 18, in find_trees
    res = cv2.matchTemplate(screen_gray, tpl, cv2.TM_CCOEFF_NORMED)
          ^^^^^^^^^^^^^^^^^^^^^^^^^^^^^^^^^^^^^^^^^^^^^^^^^^^^^^^^^
cv2.error: OpenCV(4.11.0) D:\a\opencv-python\opencv-python\opencv\modules\imgproc\src\templmatch.cpp:1175: error: (-215:Assertion failed) _img.size().height <= _templ.size().height && _img.size().width <= _templ.size().width in function 'cv::matchTemplate'

ERROR:root:Error in main loop
Traceback (most recent call last):
  File "C:\Users\xxsla\OneDrive\Desktop\bot\src\controller.py", line 24, in main_loop
    trees = find_trees(gray)
            ^^^^^^^^^^^^^^^^
  File "C:\Users\xxsla\OneDrive\Desktop\bot\src\detector.py", line 18, in find_trees
    res = cv2.matchTemplate(screen_gray, tpl, cv2.TM_CCOEFF_NORMED)
          ^^^^^^^^^^^^^^^^^^^^^^^^^^^^^^^^^^^^^^^^^^^^^^^^^^^^^^^^^
cv2.error: OpenCV(4.11.0) D:\a\opencv-python\opencv-python\opencv\modules\imgproc\src\templmatch.cpp:1175: error: (-215:Assertion failed) _img.size().height <= _templ.size().height && _img.size().width <= _templ.size().width in function 'cv::matchTemplate'

ERROR:root:Error in main loop
Traceback (most recent call last):
  File "C:\Users\xxsla\OneDrive\Desktop\bot\src\controller.py", line 24, in main_loop
    trees = find_trees(gray)
            ^^^^^^^^^^^^^^^^
  File "C:\Users\xxsla\OneDrive\Desktop\bot\src\detector.py", line 18, in find_trees
    res = cv2.matchTemplate(screen_gray, tpl, cv2.TM_CCOEFF_NORMED)
          ^^^^^^^^^^^^^^^^^^^^^^^^^^^^^^^^^^^^^^^^^^^^^^^^^^^^^^^^^
cv2.error: OpenCV(4.11.0) D:\a\opencv-python\opencv-python\opencv\modules\imgproc\src\templmatch.cpp:1175: error: (-215:Assertion failed) _img.size().height <= _templ.size().height && _img.size().width <= _templ.size().width in function 'cv::matchTemplate'

ERROR:root:Error in main loop
Traceback (most recent call last):
  File "C:\Users\xxsla\OneDrive\Desktop\bot\src\controller.py", line 24, in main_loop
    trees = find_trees(gray)
            ^^^^^^^^^^^^^^^^
  File "C:\Users\xxsla\OneDrive\Desktop\bot\src\detector.py", line 18, in find_trees
    res = cv2.matchTemplate(screen_gray, tpl, cv2.TM_CCOEFF_NORMED)
          ^^^^^^^^^^^^^^^^^^^^^^^^^^^^^^^^^^^^^^^^^^^^^^^^^^^^^^^^^
cv2.error: OpenCV(4.11.0) D:\a\opencv-python\opencv-python\opencv\modules\imgproc\src\templmatch.cpp:1175: error: (-215:Assertion failed) _img.size().height <= _templ.size().height && _img.size().width <= _templ.size().width in function 'cv::matchTemplate'

ERROR:root:Error in main loop
Traceback (most recent call last):
  File "C:\Users\xxsla\OneDrive\Desktop\bot\src\controller.py", line 24, in main_loop
    trees = find_trees(gray)
            ^^^^^^^^^^^^^^^^
  File "C:\Users\xxsla\OneDrive\Desktop\bot\src\detector.py", line 18, in find_trees
    res = cv2.matchTemplate(screen_gray, tpl, cv2.TM_CCOEFF_NORMED)
          ^^^^^^^^^^^^^^^^^^^^^^^^^^^^^^^^^^^^^^^^^^^^^^^^^^^^^^^^^
cv2.error: OpenCV(4.11.0) D:\a\opencv-python\opencv-python\opencv\modules\imgproc\src\templmatch.cpp:1175: error: (-215:Assertion failed) _img.size().height <= _templ.size().height && _img.size().width <= _templ.size().width in function 'cv::matchTemplate'

ERROR:root:Error in main loop
Traceback (most recent call last):
  File "C:\Users\xxsla\OneDrive\Desktop\bot\src\controller.py", line 24, in main_loop
    trees = find_trees(gray)
            ^^^^^^^^^^^^^^^^
  File "C:\Users\xxsla\OneDrive\Desktop\bot\src\detector.py", line 18, in find_trees
    res = cv2.matchTemplate(screen_gray, tpl, cv2.TM_CCOEFF_NORMED)
          ^^^^^^^^^^^^^^^^^^^^^^^^^^^^^^^^^^^^^^^^^^^^^^^^^^^^^^^^^
cv2.error: OpenCV(4.11.0) D:\a\opencv-python\opencv-python\opencv\modules\imgproc\src\templmatch.cpp:1175: error: (-215:Assertion failed) _img.size().height <= _templ.size().height && _img.size().width <= _templ.size().width in function 'cv::matchTemplate'

ERROR:root:Error in main loop
Traceback (most recent call last):
  File "C:\Users\xxsla\OneDrive\Desktop\bot\src\controller.py", line 24, in main_loop
    trees = find_trees(gray)
            ^^^^^^^^^^^^^^^^
  File "C:\Users\xxsla\OneDrive\Desktop\bot\src\detector.py", line 18, in find_trees
    res = cv2.matchTemplate(screen_gray, tpl, cv2.TM_CCOEFF_NORMED)
          ^^^^^^^^^^^^^^^^^^^^^^^^^^^^^^^^^^^^^^^^^^^^^^^^^^^^^^^^^
cv2.error: OpenCV(4.11.0) D:\a\opencv-python\opencv-python\opencv\modules\imgproc\src\templmatch.cpp:1175: error: (-215:Assertion failed) _img.size().height <= _templ.size().height && _img.size().width <= _templ.size().width in function 'cv::matchTemplate'

ERROR:root:Error in main loop
Traceback (most recent call last):
  File "C:\Users\xxsla\OneDrive\Desktop\bot\src\controller.py", line 24, in main_loop
    trees = find_trees(gray)
            ^^^^^^^^^^^^^^^^
  File "C:\Users\xxsla\OneDrive\Desktop\bot\src\detector.py", line 18, in find_trees
    res = cv2.matchTemplate(screen_gray, tpl, cv2.TM_CCOEFF_NORMED)
          ^^^^^^^^^^^^^^^^^^^^^^^^^^^^^^^^^^^^^^^^^^^^^^^^^^^^^^^^^
cv2.error: OpenCV(4.11.0) D:\a\opencv-python\opencv-python\opencv\modules\imgproc\src\templmatch.cpp:1175: error: (-215:Assertion failed) _img.size().height <= _templ.size().height && _img.size().width <= _templ.size().width in function 'cv::matchTemplate'

ERROR:root:Error in main loop
Traceback (most recent call last):
  File "C:\Users\xxsla\OneDrive\Desktop\bot\src\controller.py", line 24, in main_loop
    trees = find_trees(gray)
            ^^^^^^^^^^^^^^^^
  File "C:\Users\xxsla\OneDrive\Desktop\bot\src\detector.py", line 18, in find_trees
    res = cv2.matchTemplate(screen_gray, tpl, cv2.TM_CCOEFF_NORMED)
          ^^^^^^^^^^^^^^^^^^^^^^^^^^^^^^^^^^^^^^^^^^^^^^^^^^^^^^^^^
cv2.error: OpenCV(4.11.0) D:\a\opencv-python\opencv-python\opencv\modules\imgproc\src\templmatch.cpp:1175: error: (-215:Assertion failed) _img.size().height <= _templ.size().height && _img.size().width <= _templ.size().width in function 'cv::matchTemplate'

ERROR:root:Error in main loop
Traceback (most recent call last):
  File "C:\Users\xxsla\OneDrive\Desktop\bot\src\controller.py", line 24, in main_loop
    trees = find_trees(gray)
            ^^^^^^^^^^^^^^^^
  File "C:\Users\xxsla\OneDrive\Desktop\bot\src\detector.py", line 18, in find_trees
    res = cv2.matchTemplate(screen_gray, tpl, cv2.TM_CCOEFF_NORMED)
          ^^^^^^^^^^^^^^^^^^^^^^^^^^^^^^^^^^^^^^^^^^^^^^^^^^^^^^^^^
cv2.error: OpenCV(4.11.0) D:\a\opencv-python\opencv-python\opencv\modules\imgproc\src\templmatch.cpp:1175: error: (-215:Assertion failed) _img.size().height <= _templ.size().height && _img.size().width <= _templ.size().width in function 'cv::matchTemplate'

ERROR:root:Error in main loop
Traceback (most recent call last):
  File "C:\Users\xxsla\OneDrive\Desktop\bot\src\controller.py", line 24, in main_loop
    trees = find_trees(gray)
            ^^^^^^^^^^^^^^^^
  File "C:\Users\xxsla\OneDrive\Desktop\bot\src\detector.py", line 18, in find_trees
    res = cv2.matchTemplate(screen_gray, tpl, cv2.TM_CCOEFF_NORMED)
          ^^^^^^^^^^^^^^^^^^^^^^^^^^^^^^^^^^^^^^^^^^^^^^^^^^^^^^^^^
cv2.error: OpenCV(4.11.0) D:\a\opencv-python\opencv-python\opencv\modules\imgproc\src\templmatch.cpp:1175: error: (-215:Assertion failed) _img.size().height <= _templ.size().height && _img.size().width <= _templ.size().width in function 'cv::matchTemplate'

ERROR:root:Error in main loop
Traceback (most recent call last):
  File "C:\Users\xxsla\OneDrive\Desktop\bot\src\controller.py", line 24, in main_loop
    trees = find_trees(gray)
            ^^^^^^^^^^^^^^^^
  File "C:\Users\xxsla\OneDrive\Desktop\bot\src\detector.py", line 18, in find_trees
    res = cv2.matchTemplate(screen_gray, tpl, cv2.TM_CCOEFF_NORMED)
          ^^^^^^^^^^^^^^^^^^^^^^^^^^^^^^^^^^^^^^^^^^^^^^^^^^^^^^^^^
cv2.error: OpenCV(4.11.0) D:\a\opencv-python\opencv-python\opencv\modules\imgproc\src\templmatch.cpp:1175: error: (-215:Assertion failed) _img.size().height <= _templ.size().height && _img.size().width <= _templ.size().width in function 'cv::matchTemplate'

ERROR:root:Error in main loop
Traceback (most recent call last):
  File "C:\Users\xxsla\OneDrive\Desktop\bot\src\controller.py", line 24, in main_loop
    trees = find_trees(gray)
            ^^^^^^^^^^^^^^^^
  File "C:\Users\xxsla\OneDrive\Desktop\bot\src\detector.py", line 18, in find_trees
    res = cv2.matchTemplate(screen_gray, tpl, cv2.TM_CCOEFF_NORMED)
          ^^^^^^^^^^^^^^^^^^^^^^^^^^^^^^^^^^^^^^^^^^^^^^^^^^^^^^^^^
cv2.error: OpenCV(4.11.0) D:\a\opencv-python\opencv-python\opencv\modules\imgproc\src\templmatch.cpp:1175: error: (-215:Assertion failed) _img.size().height <= _templ.size().height && _img.size().width <= _templ.size().width in function 'cv::matchTemplate'

INFO:root:Quit key detectedstopping bot.
INFO:root:Bot stopped
INFO:root:Bot started
INFO:root:No trees found
INFO:root:No trees found
INFO:root:No trees found
INFO:root:No trees found
INFO:root:No trees found
INFO:root:No trees found
INFO:root:No trees found
INFO:root:No trees found
INFO:root:No trees found
INFO:root:No trees found
INFO:root:No trees found
INFO:root:No trees found
INFO:root:No trees found
INFO:root:No trees found
INFO:root:No trees found
INFO:root:No trees found
INFO:root:No trees found
INFO:root:No trees found
INFO:root:No trees found
INFO:root:No trees found
INFO:root:No trees found
INFO:root:No trees found
INFO:root:No trees found
INFO:root:No trees found
INFO:root:No trees found
INFO:root:No trees found
INFO:root:No trees found
INFO:root:No trees found
INFO:root:No trees found
INFO:root:No trees found
INFO:root:No trees found
INFO:root:No trees found
INFO:root:No trees found
INFO:root:No trees found
INFO:root:No trees found
INFO:root:No trees found
INFO:root:No trees found
INFO:root:No trees found
INFO:root:No trees found
INFO:root:No trees found
INFO:root:No trees found
INFO:root:No trees found
INFO:root:No trees found
INFO:root:No trees found
INFO:root:No trees found
INFO:root:No trees found
INFO:root:No trees found
INFO:root:No trees found
INFO:root:No trees found
INFO:root:No trees found
INFO:root:No trees found
INFO:root:No trees found
INFO:root:No trees found
INFO:root:No trees found
INFO:root:No trees found
INFO:root:No trees found
INFO:root:Quit key detectedstopping bot.
INFO:root:Bot stopped
INFO:root:Bot stopped
